
4 1.28785
12 0.450155
20 0.335468
28 0.267871
36 0.211599
44 0.180162
52 0.14665
60 0.125882
68 0.1127
76 0.0992596
84 0.0942851
92 0.0837343
100 0.0762984
108 0.0708939
116 0.0680595
124 0.0643134
132 0.0596941
140 0.056025
148 0.0519524
156 0.0493889
164 0.0489917
172 0.0489458
180 0.0484552
188 0.0485693
196 0.048424
204 0.0484213
212 0.048652
220 0.0483694
228 0.0489889
236 0.0485445
244 0.0489167
252 0.0481128
260 0.0488244
268 0.049117
276 0.0485124
284 0.0488229
292 0.0477904
300 0.0496874
308 0.05001
316 0.0501817
324 0.0497353
332 0.0499625
340 0.049703
348 0.0503571
356 0.0501618
364 0.0499488
372 0.0522167
380 0.0491591
388 0.0501319
396 0.0506898
404 0.0509342
412 0.0487999
420 0.0507072
428 0.0508433
436 0.049744
444 0.0482231
452 0.05217
460 0.0488792
468 0.049596
476 0.0512097
484 0.0520299
492 0.0507378
500 0.052323
