1 0 0 1334757413 641669 icapeople/bradunov/surge179.txt 305 1334757413 644584
1 0 0 1334757414 752276 icapeople/bradunov/surge0.txt 75 1334757414 754826
1 0 0 1334757416 786409 icapeople/bradunov/surge273.txt 391 1334757416 788924
1 0 0 1334757474 719449 icapeople/bradunov/surge3210.txt 11954 1334757474 722037
1 0 0 1334757475 861079 icapeople/bradunov/surge62.txt 180 1334757475 861492
1 0 0 1334757477 634062 icapeople/bradunov/surge736.txt 823 1334757477 635571
1 0 0 1334757479 913547 icapeople/bradunov/surge1018.txt 1100 1334757479 913984
1 0 0 1334757481 340847 icapeople/bradunov/surge1879.txt 2470 1334757481 342333
1 0 0 1334757483 901729 icapeople/bradunov/surge3165.txt 10634 1334757483 902203
1 0 0 1334757485 47547 icapeople/bradunov/surge619.txt 712 1334757485 49040
1 0 0 1334757486 788331 icapeople/bradunov/surge29.txt 132 1334757486 789806
1 0 0 1334757488 2500 icapeople/bradunov/surge3165.txt 10634 1334757488 4927
1 0 0 1334757489 196508 icapeople/bradunov/surge61.txt 173 1334757489 197951
1 0 0 1334757490 700089 icapeople/bradunov/surge332.txt 430 1334757490 700503
1 0 0 1334757493 896260 icapeople/bradunov/surge2057.txt 2890 1334757493 898935
1 0 0 1334757495 966698 icapeople/bradunov/surge734.txt 820 1334757495 969228
1 0 0 1334757498 503544 icapeople/bradunov/surge3165.txt 10634 1334757498 506061
1 0 0 1334757500 803153 icapeople/bradunov/surge3165.txt 10634 1334757500 804657
1 0 0 1334757502 162092 icapeople/bradunov/surge637.txt 725 1334757502 164729
1 0 0 1334757517 435366 icapeople/bradunov/surge96.txt 221 1334757517 437613
1 0 0 1334757521 1262 icapeople/bradunov/surge84.txt 206 1334757521 1708
1 0 0 1334757522 211340 icapeople/bradunov/surge539.txt 636 1334757522 212823
1 0 0 1334757524 502969 icapeople/bradunov/surge697.txt 777 1334757524 503414
1 0 0 1334757526 50774 icapeople/bradunov/surge441.txt 530 1334757526 51181
1 0 0 1334757527 172425 icapeople/bradunov/surge1879.txt 2470 1334757527 174982
1 0 0 1334757528 278046 icapeople/bradunov/surge3405.txt 20137 1334757528 280745
1 0 0 1334757531 964637 icapeople/bradunov/surge1712.txt 2142 1334757531 967269
1 0 0 1334757533 472263 icapeople/bradunov/surge485.txt 574 1334757533 473695
1 0 0 1334757534 501484 icapeople/bradunov/surge221.txt 342 1334757534 504020
1 0 0 1334757535 586981 icapeople/bradunov/surge62.txt 180 1334757535 589384
1 0 0 1334757538 135880 icapeople/bradunov/surge1915.txt 2546 1334757538 137305
1 0 0 1334757539 579177 icapeople/bradunov/surge135.txt 259 1334757539 581709
1 0 0 1334757543 474847 icapeople/bradunov/surge28.txt 128 1334757543 477267
1 0 0 1334757544 524184 icapeople/bradunov/surge652.txt 737 1334757544 525661
1 0 0 1334757547 547411 icapeople/bradunov/surge0.txt 75 1334757547 547845
1 0 0 1334757550 136499 icapeople/bradunov/surge0.txt 75 1334757550 137990
1 0 0 1334757556 729797 icapeople/bradunov/surge441.txt 530 1334757556 730202
1 0 0 1334757558 583207 icapeople/bradunov/surge1013.txt 1096 1334757558 583602
1 0 0 1334757560 798382 icapeople/bradunov/surge3165.txt 10634 1334757560 800802
1 0 0 1334757561 968292 icapeople/bradunov/surge0.txt 75 1334757561 971795
1 0 0 1334757568 843046 icapeople/bradunov/surge906.txt 981 1334757568 844571
1 0 0 1334757574 258356 icapeople/bradunov/surge314.txt 418 1334757574 258822
1 0 0 1334757575 814225 icapeople/bradunov/surge0.txt 75 1334757575 816640
1 0 0 1334757578 829482 icapeople/bradunov/surge441.txt 530 1334757578 832079
1 0 0 1334757579 943090 icapeople/bradunov/surge473.txt 563 1334757579 944540
1 0 0 1334757581 68794 icapeople/bradunov/surge46.txt 152 1334757581 70195
1 0 0 1334757582 355311 icapeople/bradunov/surge0.txt 75 1334757582 357832
1 0 0 1334757584 466023 icapeople/bradunov/surge107.txt 236 1334757584 467534
1 0 0 1334757585 511277 icapeople/bradunov/surge697.txt 777 1334757585 514777
1 0 0 1334757587 915392 icapeople/bradunov/surge0.txt 75 1334757587 917811
1 0 0 1334757596 12386 icapeople/bradunov/surge679.txt 765 1334757596 13874
1 0 0 1334757599 706965 icapeople/bradunov/surge619.txt 712 1334757599 709530
1 0 0 1334757601 270986 icapeople/bradunov/surge549.txt 648 1334757601 272405
1 0 0 1334757601 272416 icapeople/bradunov/surge3038.txt 8667 1334757601 274832
1 0 0 1334757604 16839 icapeople/bradunov/surge961.txt 1041 1334757604 18285
1 0 0 1334757604 18296 icapeople/bradunov/surge1305.txt 1457 1334757604 20733
1 0 0 1334757607 293325 icapeople/bradunov/surge83.txt 204 1334757607 294826
1 0 0 1334757608 330588 icapeople/bradunov/surge0.txt 75 1334757608 333156
1 0 0 1334757614 27404 icapeople/bradunov/surge3165.txt 10634 1334757614 30085
1 0 0 1334757616 459634 icapeople/bradunov/surge221.txt 342 1334757616 461123
1 0 0 1334757620 379517 icapeople/bradunov/surge549.txt 648 1334757620 382099
1 0 0 1334757620 382111 icapeople/bradunov/surge3038.txt 8667 1334757620 383483
1 0 0 1334757622 269046 icapeople/bradunov/surge1390.txt 1571 1334757622 270486
1 0 0 1334757624 307333 icapeople/bradunov/surge3165.txt 10634 1334757624 309944
1 0 0 1334757625 420945 icapeople/bradunov/surge114.txt 240 1334757625 421373
1 0 0 1334757629 457362 icapeople/bradunov/surge289.txt 402 1334757629 459783
1 0 0 1334757631 342907 icapeople/bradunov/surge704.txt 787 1334757631 344431
1 0 0 1334757632 633410 icapeople/bradunov/surge62.txt 180 1334757632 633847
1 0 0 1334757634 64627 icapeople/bradunov/surge115.txt 240 1334757634 66123
1 0 0 1334757644 203877 icapeople/bradunov/surge1013.txt 1096 1334757644 206464
1 0 0 1334757645 313446 icapeople/bradunov/surge499.txt 590 1334757645 314929
1 0 0 1334757656 216610 icapeople/bradunov/surge699.txt 779 1334757656 220477
1 0 0 1334757658 632814 icapeople/bradunov/surge21.txt 111 1334757658 633257
1 0 0 1334757661 832957 icapeople/bradunov/surge340.txt 437 1334757661 834469
1 0 0 1334757663 23001 icapeople/bradunov/surge73.txt 193 1334757663 25706
1 0 0 1334757664 711518 icapeople/bradunov/surge3759.txt 76223 1334757664 714209
1 0 0 1334757668 390071 icapeople/bradunov/surge0.txt 75 1334757668 391583
1 0 0 1334757669 576127 icapeople/bradunov/surge1155.txt 1268 1334757669 577611
1 0 0 1334757670 758081 icapeople/bradunov/surge292.txt 403 1334757670 759545
1 0 0 1334757679 904291 icapeople/bradunov/surge985.txt 1063 1334757679 905820
1 0 0 1334757683 727600 icapeople/bradunov/surge488.txt 577 1334757683 729118
1 0 0 1334757688 986219 icapeople/bradunov/surge1767.txt 2236 1334757688 988887
1 0 0 1334757700 142603 icapeople/bradunov/surge0.txt 75 1334757700 143016
1 0 0 1334757701 445186 icapeople/bradunov/surge2216.txt 3385 1334757701 447736
1 0 0 1334757703 121643 icapeople/bradunov/surge136.txt 263 1334757703 124217
1 0 0 1334757711 291581 icapeople/bradunov/surge62.txt 180 1334757711 295455
1 0 0 1334757712 426018 icapeople/bradunov/surge485.txt 574 1334757712 426420
1 1 0 1334757414 640411 icapeople/bradunov/surge1788.txt 2275 1334757414 643275
1 1 0 1334757416 30679 icapeople/bradunov/surge2031.txt 2814 1334757416 32171
1 1 0 1334757416 32192 icapeople/bradunov/surge2124.txt 3050 1334757416 34677
1 2 0 1334757415 645342 icapeople/bradunov/surge184.txt 307 1334757415 650292
1 2 0 1334757416 689908 icapeople/bradunov/surge441.txt 530 1334757416 692413
1 2 0 1334757418 72934 icapeople/bradunov/surge127.txt 250 1334757418 74460
1 2 0 1334757419 198658 icapeople/bradunov/surge0.txt 75 1334757419 200113
1 2 0 1334757420 364573 icapeople/bradunov/surge4.txt 88 1334757420 367143
1 2 0 1334757423 383856 icapeople/bradunov/surge175.txt 299 1334757423 385385
1 2 0 1334757425 474408 icapeople/bradunov/surge266.txt 387 1334757425 475910
1 2 0 1334757428 409225 icapeople/bradunov/surge549.txt 648 1334757428 410710
1 2 0 1334757428 410722 icapeople/bradunov/surge3038.txt 8667 1334757428 411036
1 2 0 1334757431 323997 icapeople/bradunov/surge200.txt 321 1334757431 325442
1 2 0 1334757432 453695 icapeople/bradunov/surge1638.txt 2012 1334757432 455194
1 2 0 1334757434 242747 icapeople/bradunov/surge549.txt 648 1334757434 245329
1 2 0 1334757434 245342 icapeople/bradunov/surge3038.txt 8667 1334757434 246728
1 2 0 1334757436 47893 icapeople/bradunov/surge549.txt 648 1334757436 49444
1 2 0 1334757436 49456 icapeople/bradunov/surge3038.txt 8667 1334757436 51910
1 2 0 1334757438 757662 icapeople/bradunov/surge3165.txt 10634 1334757438 761157
1 2 0 1334757440 417986 icapeople/bradunov/surge316.txt 418 1334757440 418391
1 2 0 1334757441 571797 icapeople/bradunov/surge29.txt 132 1334757441 572169
1 2 0 1334757447 232431 icapeople/bradunov/surge40.txt 145 1334757447 234107
1 2 0 1334757449 198362 icapeople/bradunov/surge9.txt 101 1334757449 200924
1 2 0 1334757450 609540 icapeople/bradunov/surge549.txt 648 1334757450 611122
1 2 0 1334757450 611131 icapeople/bradunov/surge3038.txt 8667 1334757450 613546
1 2 0 1334757452 24635 icapeople/bradunov/surge960.txt 1038 1334757452 25028
1 2 0 1334757454 264005 icapeople/bradunov/surge549.txt 648 1334757454 267855
1 2 0 1334757454 267867 icapeople/bradunov/surge3038.txt 8667 1334757454 268186
1 2 0 1334757456 735 icapeople/bradunov/surge549.txt 648 1334757456 3281
1 2 0 1334757456 3290 icapeople/bradunov/surge3038.txt 8667 1334757456 3606
1 2 0 1334757458 115488 icapeople/bradunov/surge3165.txt 10634 1334757458 116893
1 2 0 1334757459 832119 icapeople/bradunov/surge188.txt 309 1334757459 834801
1 2 0 1334757461 476383 icapeople/bradunov/surge1858.txt 2422 1334757461 477868
1 2 0 1334757462 553860 icapeople/bradunov/surge54.txt 162 1334757462 555278
1 2 0 1334757464 133862 icapeople/bradunov/surge549.txt 648 1334757464 136427
1 2 0 1334757464 136439 icapeople/bradunov/surge3038.txt 8667 1334757464 136751
1 2 0 1334757466 87740 icapeople/bradunov/surge73.txt 193 1334757466 90285
1 2 0 1334757467 354102 icapeople/bradunov/surge485.txt 574 1334757467 355594
1 2 0 1334757468 387367 icapeople/bradunov/surge3165.txt 10634 1334757468 389934
1 2 0 1334757470 429666 icapeople/bradunov/surge337.txt 434 1334757470 432357
1 2 0 1334757470 432369 icapeople/bradunov/surge2944.txt 7583 1334757470 433744
1 2 0 1334757472 451889 icapeople/bradunov/surge233.txt 357 1334757472 453308
1 2 0 1334757473 802689 icapeople/bradunov/surge3165.txt 10634 1334757473 804185
1 2 0 1334757485 751084 icapeople/bradunov/surge943.txt 1021 1334757485 751495
1 2 0 1334757487 266768 icapeople/bradunov/surge3759.txt 76223 1334757487 267153
1 2 0 1334757488 838682 icapeople/bradunov/surge873.txt 946 1334757488 841091
1 2 0 1334757489 988509 icapeople/bradunov/surge529.txt 624 1334757489 989986
1 2 0 1334757491 126232 icapeople/bradunov/surge1915.txt 2546 1334757491 128641
1 2 0 1334757492 545462 icapeople/bradunov/surge136.txt 263 1334757492 548036
1 2 0 1334757493 988776 icapeople/bradunov/surge1155.txt 1268 1334757493 990180
1 2 0 1334757495 741570 icapeople/bradunov/surge136.txt 263 1334757495 742974
1 2 0 1334757497 116542 icapeople/bradunov/surge102.txt 231 1334757497 119257
1 2 0 1334757498 294470 icapeople/bradunov/surge1915.txt 2546 1334757498 295978
1 2 0 1334757502 25376 icapeople/bradunov/surge576.txt 671 1334757502 27928
1 2 0 1334757505 229536 icapeople/bradunov/surge136.txt 263 1334757505 231042
1 2 0 1334757506 753249 icapeople/bradunov/surge549.txt 648 1334757506 754664
1 2 0 1334757506 754676 icapeople/bradunov/surge3038.txt 8667 1334757506 757089
1 2 0 1334757508 453837 icapeople/bradunov/surge3644.txt 46920 1334757508 455350
1 2 0 1334757509 945370 icapeople/bradunov/surge141.txt 266 1334757509 946777
1 2 0 1334757511 18768 icapeople/bradunov/surge62.txt 180 1334757511 21310
1 2 0 1334757530 919404 icapeople/bradunov/surge549.txt 648 1334757530 923176
1 2 0 1334757530 923188 icapeople/bradunov/surge3038.txt 8667 1334757530 923507
1 2 0 1334757532 772722 icapeople/bradunov/surge0.txt 75 1334757532 774221
1 2 0 1334757534 979860 icapeople/bradunov/surge0.txt 75 1334757534 980246
1 2 0 1334757536 688504 icapeople/bradunov/surge549.txt 648 1334757536 689973
1 2 0 1334757536 689985 icapeople/bradunov/surge3038.txt 8667 1334757536 690295
1 2 0 1334757538 7210 icapeople/bradunov/surge1063.txt 1148 1334757538 9789
1 2 0 1334757539 245461 icapeople/bradunov/surge499.txt 590 1334757539 246877
1 2 0 1334757542 180252 icapeople/bradunov/surge56.txt 163 1334757542 180677
1 2 0 1334757543 941180 icapeople/bradunov/surge1915.txt 2546 1334757543 943579
1 2 0 1334757545 271902 icapeople/bradunov/surge1788.txt 2275 1334757545 272300
1 2 0 1334757546 510163 icapeople/bradunov/surge200.txt 321 1334757546 511633
1 2 0 1334757548 291208 icapeople/bradunov/surge73.txt 193 1334757548 292679
1 2 0 1334757550 148537 icapeople/bradunov/surge175.txt 299 1334757550 148862
1 2 0 1334757551 334584 icapeople/bradunov/surge141.txt 266 1334757551 336068
1 2 0 1334757554 156788 icapeople/bradunov/surge473.txt 563 1334757554 157225
1 2 0 1334757555 483516 icapeople/bradunov/surge111.txt 238 1334757555 485015
1 2 0 1334757558 241420 icapeople/bradunov/surge123.txt 247 1334757558 242942
1 2 0 1334757561 132109 icapeople/bradunov/surge1788.txt 2275 1334757561 133521
1 2 0 1334757562 555263 icapeople/bradunov/surge7.txt 96 1334757562 557668
1 2 0 1334757563 821627 icapeople/bradunov/surge62.txt 180 1334757563 824031
1 2 0 1334757571 669298 icapeople/bradunov/surge1018.txt 1100 1334757571 669735
1 2 0 1334757572 963863 icapeople/bradunov/surge3806.txt 95847 1334757572 965371
1 2 0 1334757579 303922 icapeople/bradunov/surge76.txt 196 1334757579 305413
1 2 0 1334757581 953275 icapeople/bradunov/surge193.txt 315 1334757581 955815
1 2 0 1334757581 955824 icapeople/bradunov/surge2841.txt 6617 1334757581 956137
1 2 0 1334757584 811718 icapeople/bradunov/surge803.txt 878 1334757584 813108
1 2 0 1334757590 343682 icapeople/bradunov/surge1116.txt 1211 1334757590 345195
1 2 0 1334757591 722613 icapeople/bradunov/surge704.txt 787 1334757591 723040
1 2 0 1334757593 366927 icapeople/bradunov/surge699.txt 779 1334757593 368443
1 2 0 1334757594 605210 icapeople/bradunov/surge549.txt 648 1334757594 605620
1 2 0 1334757594 605631 icapeople/bradunov/surge3038.txt 8667 1334757594 607011
1 2 0 1334757597 133995 icapeople/bradunov/surge340.txt 437 1334757597 136537
1 2 0 1334757598 388357 icapeople/bradunov/surge499.txt 590 1334757598 389860
1 2 0 1334757599 755216 icapeople/bradunov/surge625.txt 718 1334757599 757845
1 2 0 1334757600 776412 icapeople/bradunov/surge1767.txt 2236 1334757600 777897
1 2 0 1334757603 783578 icapeople/bradunov/surge549.txt 648 1334757603 785092
1 2 0 1334757603 785103 icapeople/bradunov/surge3038.txt 8667 1334757603 787545
1 2 0 1334757604 824860 icapeople/bradunov/surge549.txt 648 1334757604 826340
1 2 0 1334757604 826349 icapeople/bradunov/surge3038.txt 8667 1334757604 828785
1 2 0 1334757612 748951 icapeople/bradunov/surge1063.txt 1148 1334757612 751540
1 2 0 1334757625 666232 icapeople/bradunov/surge2758.txt 5952 1334757625 667827
1 2 0 1334757625 667837 icapeople/bradunov/surge1209.txt 1325 1334757625 670263
1 3 0 1334757416 650407 icapeople/bradunov/surge120.txt 244 1334757416 653217
1 3 0 1334757422 117412 icapeople/bradunov/surge315.txt 418 1334757422 117849
1 3 0 1334757423 641125 icapeople/bradunov/surge294.txt 404 1334757423 641515
1 3 0 1334757427 850399 icapeople/bradunov/surge786.txt 865 1334757427 850851
1 3 0 1334757430 869656 icapeople/bradunov/surge6.txt 94 1334757430 871167
1 3 0 1334757434 431670 icapeople/bradunov/surge473.txt 563 1334757434 434196
1 3 0 1334757436 976570 icapeople/bradunov/surge786.txt 865 1334757436 978108
1 3 0 1334757438 721433 icapeople/bradunov/surge104.txt 235 1334757438 722890
1 3 0 1334757439 827026 icapeople/bradunov/surge73.txt 193 1334757439 828519
1 3 0 1334757441 290438 icapeople/bradunov/surge2085.txt 2954 1334757441 291945
1 3 0 1334757442 448261 icapeople/bradunov/surge3165.txt 10634 1334757442 449994
1 3 0 1334757444 201124 icapeople/bradunov/surge340.txt 437 1334757444 202809
1 3 0 1334757445 777071 icapeople/bradunov/surge3165.txt 10634 1334757445 780846
1 3 0 1334757446 834437 icapeople/bradunov/surge74.txt 195 1334757446 835926
1 3 0 1334757447 935964 icapeople/bradunov/surge1155.txt 1268 1334757447 937644
1 3 0 1334757450 553221 icapeople/bradunov/surge6.txt 94 1334757450 555630
1 3 0 1334757451 775412 icapeople/bradunov/surge179.txt 305 1334757451 776887
1 3 0 1334757452 868899 icapeople/bradunov/surge3707.txt 59875 1334757452 870407
1 3 0 1334757455 152437 icapeople/bradunov/surge2057.txt 2890 1334757455 153836
1 3 0 1334757456 487237 icapeople/bradunov/surge4.txt 88 1334757456 489752
1 3 0 1334757458 95379 icapeople/bradunov/surge136.txt 263 1334757458 98077
1 3 0 1334757636 152400 icapeople/bradunov/surge679.txt 765 1334757636 154993
1 3 0 1334757637 164292 icapeople/bradunov/surge25.txt 123 1334757637 166951
1 3 0 1334757638 229688 icapeople/bradunov/surge113.txt 240 1334757638 231203
1 3 0 1334757639 399583 icapeople/bradunov/surge62.txt 180 1334757639 402137
1 3 0 1334757670 167219 icapeople/bradunov/surge473.txt 563 1334757670 169471
1 3 0 1334757671 276685 icapeople/bradunov/surge62.txt 180 1334757671 277068
1 3 0 1334757672 313960 icapeople/bradunov/surge25.txt 123 1334757672 316363
1 3 0 1334757680 559581 icapeople/bradunov/surge734.txt 820 1334757680 560005
1 3 0 1334757684 149775 icapeople/bradunov/surge2.txt 80 1334757684 150153
1 3 0 1334757686 529801 icapeople/bradunov/surge985.txt 1063 1334757686 532216
1 3 0 1334757687 961007 icapeople/bradunov/surge0.txt 75 1334757687 963580
1 3 0 1334757689 179153 icapeople/bradunov/surge106.txt 236 1334757689 181766
1 3 0 1334757690 188267 icapeople/bradunov/surge57.txt 164 1334757690 189761
1 3 0 1334757692 761282 icapeople/bradunov/surge3165.txt 10634 1334757692 763860
1 3 0 1334757693 774392 icapeople/bradunov/surge0.txt 75 1334757693 775870
1 3 0 1334757695 273994 icapeople/bradunov/surge1186.txt 1302 1334757695 275398
1 3 0 1334757697 593692 icapeople/bradunov/surge250.txt 377 1334757697 596287
1 3 0 1334757699 57114 icapeople/bradunov/surge31.txt 133 1334757699 57557
1 3 0 1334757700 419970 icapeople/bradunov/surge0.txt 75 1334757700 422379
1 3 0 1334757701 469326 icapeople/bradunov/surge786.txt 865 1334757701 470736
1 3 0 1334757704 666099 icapeople/bradunov/surge0.txt 75 1334757704 667590
1 3 0 1334757710 434757 icapeople/bradunov/surge0.txt 75 1334757710 436185
