1 0 0 1334757776 822944 icapeople/bradunov/surge179.txt 305 1334757776 825784
1 0 1 1334757776 871093 icapeople/bradunov/surge1788.txt 2275 1334757776 873768
1 0 2 1334757776 931412 icapeople/bradunov/surge0.txt 75 1334757776 935137
1 0 0 1334757777 932527 icapeople/bradunov/surge120.txt 244 1334757777 932950
1 0 1 1334757778 258232 icapeople/bradunov/surge273.txt 391 1334757778 260745
1 0 2 1334757778 966088 icapeople/bradunov/surge175.txt 299 1334757778 968574
1 0 2 1334757781 56268 icapeople/bradunov/surge549.txt 648 1334757781 56718
1 0 2 1334757781 56730 icapeople/bradunov/surge3038.txt 8667 1334757781 58114
1 0 2 1334757782 865501 icapeople/bradunov/surge3165.txt 10634 1334757782 866605
1 0 0 1334757783 396083 icapeople/bradunov/surge2085.txt 2954 1334757783 397581
1 0 2 1334757784 328809 icapeople/bradunov/surge1155.txt 1268 1334757784 329195
1 0 0 1334757784 557963 icapeople/bradunov/surge6.txt 94 1334757784 559388
1 0 0 1334757785 776139 icapeople/bradunov/surge2057.txt 2890 1334757785 777610
1 0 2 1334757786 946083 icapeople/bradunov/surge188.txt 309 1334757786 947567
1 0 0 1334757787 110903 icapeople/bradunov/surge54.txt 162 1334757787 112320
1 0 2 1334757788 590425 icapeople/bradunov/surge3165.txt 10634 1334757788 593090
1 0 0 1334757788 694927 icapeople/bradunov/surge62.txt 180 1334757788 697407
1 0 0 1334757790 475947 icapeople/bradunov/surge3759.txt 76223 1334757790 476333
1 0 0 1334757792 55956 icapeople/bradunov/surge136.txt 263 1334757792 57404
1 0 0 1334757793 434947 icapeople/bradunov/surge3165.txt 10634 1334757793 437471
1 0 0 1334757794 797865 icapeople/bradunov/surge3644.txt 46920 1334757794 800356
1 0 0 1334757796 289441 icapeople/bradunov/surge697.txt 777 1334757796 291036
1 0 0 1334757797 833254 icapeople/bradunov/surge1712.txt 2142 1334757797 834644
1 0 0 1334757799 340835 icapeople/bradunov/surge0.txt 75 1334757799 341203
1 0 2 1334757800 542975 icapeople/bradunov/surge499.txt 590 1334757800 544453
1 0 0 1334757801 49538 icapeople/bradunov/surge28.txt 128 1334757801 49876
1 0 0 1334757802 94803 icapeople/bradunov/surge1788.txt 2275 1334757802 95194
1 0 0 1334757803 333003 icapeople/bradunov/surge0.txt 75 1334757803 333412
1 0 2 1334757803 477775 icapeople/bradunov/surge175.txt 299 1334757803 479213
1 0 2 1334757804 663790 icapeople/bradunov/surge441.txt 530 1334757804 665192
1 0 2 1334757806 513073 icapeople/bradunov/surge1788.txt 2275 1334757806 515480
1 0 2 1334757807 936358 icapeople/bradunov/surge3806.txt 95847 1334757807 938867
1 0 0 1334757809 926349 icapeople/bradunov/surge76.txt 196 1334757809 929019
1 0 0 1334757812 575736 icapeople/bradunov/surge803.txt 878 1334757812 576185
1 0 2 1334757814 280357 icapeople/bradunov/surge549.txt 648 1334757814 281780
1 0 2 1334757814 281791 icapeople/bradunov/surge3038.txt 8667 1334757814 284224
1 0 2 1334757816 813163 icapeople/bradunov/surge549.txt 648 1334757816 814611
1 0 2 1334757816 814620 icapeople/bradunov/surge3038.txt 8667 1334757816 817055
1 0 0 1334757818 107750 icapeople/bradunov/surge3165.txt 10634 1334757818 109221
1 0 0 1334757820 539991 icapeople/bradunov/surge114.txt 240 1334757820 540499
1 0 0 1334757824 576385 icapeople/bradunov/surge340.txt 437 1334757824 578980
1 0 2 1334757824 741230 icapeople/bradunov/surge73.txt 193 1334757824 742654
1 0 0 1334757825 770417 icapeople/bradunov/surge3759.txt 76223 1334757825 772961
1 0 2 1334757826 433749 icapeople/bradunov/surge0.txt 75 1334757826 435209
1 0 2 1334757827 623807 icapeople/bradunov/surge473.txt 563 1334757827 625300
1 0 2 1334757828 737447 icapeople/bradunov/surge25.txt 123 1334757828 740142
1 0 0 1334757829 449036 icapeople/bradunov/surge734.txt 820 1334757829 451579
1 0 0 1334757833 39169 icapeople/bradunov/surge0.txt 75 1334757833 40662
1 0 0 1334757834 257367 icapeople/bradunov/surge106.txt 236 1334757834 258796
1 0 0 1334757835 266402 icapeople/bradunov/surge0.txt 75 1334757835 267869
1 0 1 1334757836 191096 icapeople/bradunov/surge31.txt 133 1334757836 193479
1 0 0 1334757836 765980 icapeople/bradunov/surge0.txt 75 1334757836 768379
1 0 2 1334757836 987109 icapeople/bradunov/surge2216.txt 3385 1334757836 987476
1 0 1 1334757837 558057 icapeople/bradunov/surge0.txt 75 1334757837 560535
1 0 0 1334757838 72641 icapeople/bradunov/surge62.txt 180 1334757838 75164
1 0 2 1334757838 663607 icapeople/bradunov/surge591.txt 684 1334757838 665077
1 0 0 1334757839 210342 icapeople/bradunov/surge3165.txt 10634 1334757839 213022
1 0 0 1334757841 341149 icapeople/bradunov/surge425.txt 515 1334757841 342621
1 0 2 1334757842 161303 icapeople/bradunov/surge104.txt 235 1334757842 162713
1 0 0 1334757842 635677 icapeople/bradunov/surge1788.txt 2275 1334757842 639193
1 0 1 1334757843 331187 icapeople/bradunov/surge35.txt 139 1334757843 331550
1 0 2 1334757843 644813 icapeople/bradunov/surge1409.txt 1595 1334757843 646289
1 0 0 1334757844 107092 icapeople/bradunov/surge448.txt 538 1334757844 107489
1 0 2 1334757845 92072 icapeople/bradunov/surge3165.txt 10634 1334757845 93521
1 0 0 1334757845 361494 icapeople/bradunov/surge9.txt 101 1334757845 362966
1 0 1 1334757846 221866 icapeople/bradunov/surge26.txt 125 1334757846 222264
1 0 2 1334757846 471022 icapeople/bradunov/surge9.txt 101 1334757846 472472
1 0 1 1334757847 488214 icapeople/bradunov/surge3582.txt 34153 1334757847 489607
1 0 0 1334757847 653101 icapeople/bradunov/surge1234.txt 1363 1334757847 654578
1 0 1 1334757848 585743 icapeople/bradunov/surge3165.txt 10634 1334757848 586307
1 0 0 1334757848 762589 icapeople/bradunov/surge3665.txt 50755 1334757848 765082
1 0 2 1334757850 214054 icapeople/bradunov/surge873.txt 946 1334757850 216582
1 0 2 1334757853 627166 icapeople/bradunov/surge3165.txt 10634 1334757853 628624
1 0 2 1334757855 150884 icapeople/bradunov/surge3648.txt 47292 1334757855 153525
1 0 1 1334757856 365152 icapeople/bradunov/surge758.txt 838 1334757856 367647
1 0 2 1334757856 397314 icapeople/bradunov/surge1234.txt 1363 1334757856 398711
1 0 2 1334757857 406417 icapeople/bradunov/surge221.txt 342 1334757857 408936
1 0 2 1334757859 18540 icapeople/bradunov/surge20.txt 111 1334757859 19948
1 0 2 1334757860 485969 icapeople/bradunov/surge704.txt 787 1334757860 486359
1 0 2 1334757862 504074 icapeople/bradunov/surge1679.txt 2080 1334757862 505550
1 0 2 1334757864 156488 icapeople/bradunov/surge15.txt 108 1334757864 157881
1 0 1 1334757864 795619 icapeople/bradunov/surge3165.txt 10634 1334757864 797029
1 0 1 1334757866 33902 icapeople/bradunov/surge221.txt 342 1334757866 36467
1 0 0 1334757866 119568 icapeople/bradunov/surge0.txt 75 1334757866 122065
1 0 2 1334757866 379628 icapeople/bradunov/surge127.txt 250 1334757866 379981
1 0 1 1334757867 364650 icapeople/bradunov/surge448.txt 538 1334757867 366100
1 0 0 1334757867 561685 icapeople/bradunov/surge3582.txt 34153 1334757867 562068
1 0 2 1334757867 750662 icapeople/bradunov/surge3582.txt 34153 1334757867 752134
1 0 0 1334757868 618993 icapeople/bradunov/surge820.txt 895 1334757868 620471
1 0 0 1334757869 692411 icapeople/bradunov/surge382.txt 485 1334757869 693815
1 0 2 1334757870 528649 icapeople/bradunov/surge670.txt 758 1334757870 530124
1 0 0 1334757871 537709 icapeople/bradunov/surge3582.txt 34153 1334757871 538115
1 0 2 1334757871 650298 icapeople/bradunov/surge3582.txt 34153 1334757871 651699
1 0 2 1334757873 9232 icapeople/bradunov/surge734.txt 820 1334757873 10628
1 0 0 1334757873 113778 icapeople/bradunov/surge3396.txt 19630 1334757873 116273
1 0 0 1334757874 472573 icapeople/bradunov/surge3582.txt 34153 1334757874 474021
1 0 2 1334757875 935928 icapeople/bradunov/surge3625.txt 42720 1334757875 938410
1 0 0 1334757875 960053 icapeople/bradunov/surge3165.txt 10634 1334757875 961479
1 0 1 1334757876 378228 icapeople/bradunov/surge2141.txt 3137 1334757876 380766
1 0 2 1334757877 319022 icapeople/bradunov/surge337.txt 434 1334757877 320432
1 0 2 1334757877 320440 icapeople/bradunov/surge2944.txt 7583 1334757877 320744
1 0 0 1334757877 584245 icapeople/bradunov/surge1234.txt 1363 1334757877 586772
1 0 1 1334757878 223518 icapeople/bradunov/surge1092.txt 1184 1334757878 225011
1 0 2 1334757878 476795 icapeople/bradunov/surge136.txt 263 1334757878 479262
1 0 0 1334757879 698971 icapeople/bradunov/surge734.txt 820 1334757879 700374
1 0 1 1334757880 655818 icapeople/bradunov/surge2049.txt 2860 1334757880 657295
1 0 0 1334757881 797567 icapeople/bradunov/surge35.txt 139 1334757881 799049
1 0 1 1334757881 922237 icapeople/bradunov/surge184.txt 307 1334757881 924721
1 0 2 1334757882 71013 icapeople/bradunov/surge3648.txt 47292 1334757882 72469
1 0 2 1334757883 277030 icapeople/bradunov/surge539.txt 636 1334757883 278524
1 0 1 1334757883 795731 icapeople/bradunov/surge2992.txt 8028 1334757883 798229
1 0 2 1334757884 527410 icapeople/bradunov/surge803.txt 878 1334757884 528870
1 0 1 1334757884 844963 icapeople/bradunov/surge0.txt 75 1334757884 848738
1 0 0 1334757885 275204 icapeople/bradunov/surge1788.txt 2275 1334757885 279005
1 0 2 1334757885 902323 icapeople/bradunov/surge441.txt 530 1334757885 902724
1 0 1 1334757886 344517 icapeople/bradunov/surge233.txt 357 1334757886 344878
1 0 2 1334757887 237042 icapeople/bradunov/surge697.txt 777 1334757887 238691
1 0 2 1334757888 700452 icapeople/bradunov/surge15.txt 108 1334757888 703002
1 0 2 1334757890 228227 icapeople/bradunov/surge2216.txt 3385 1334757890 230876
1 0 2 1334757891 353850 icapeople/bradunov/surge539.txt 636 1334757891 356396
1 0 1 1334757891 386049 icapeople/bradunov/surge2216.txt 3385 1334757891 387481
1 0 0 1334757892 628351 icapeople/bradunov/surge786.txt 865 1334757892 628758
1 0 1 1334757892 901672 icapeople/bradunov/surge337.txt 434 1334757892 903147
1 0 1 1334757892 903156 icapeople/bradunov/surge2944.txt 7583 1334757892 903471
1 0 1 1334757893 991262 icapeople/bradunov/surge2011.txt 2764 1334757893 992699
1 0 2 1334757894 755047 icapeople/bradunov/surge1555.txt 1870 1334757894 757588
1 0 1 1334757895 217363 icapeople/bradunov/surge677.txt 764 1334757895 218787
1 0 0 1334757895 438519 icapeople/bradunov/surge426.txt 516 1334757895 441035
1 0 2 1334757895 864695 icapeople/bradunov/surge0.txt 75 1334757895 867173
1 0 0 1334757896 524056 icapeople/bradunov/surge3688.txt 55387 1334757896 526694
1 0 2 1334757897 110974 icapeople/bradunov/surge250.txt 377 1334757897 112422
1 0 1 1334757897 408521 icapeople/bradunov/surge81.txt 202 1334757897 409964
1 0 0 1334757898 594475 icapeople/bradunov/surge3013.txt 8296 1334757898 597147
1 0 2 1334757898 847758 icapeople/bradunov/surge0.txt 75 1334757898 849181
1 0 0 1334757899 732253 icapeople/bradunov/surge29.txt 132 1334757899 733731
1 0 0 1334757901 227848 icapeople/bradunov/surge0.txt 75 1334757901 229432
1 0 1 1334757901 501136 icapeople/bradunov/surge3165.txt 10634 1334757901 503676
1 0 2 1334757901 979594 icapeople/bradunov/surge250.txt 377 1334757901 982101
1 0 0 1334757902 333348 icapeople/bradunov/surge95.txt 220 1334757902 334857
1 0 1 1334757902 912300 icapeople/bradunov/surge552.txt 652 1334757902 913709
1 0 2 1334757903 909312 icapeople/bradunov/surge715.txt 800 1334757903 911802
1 0 1 1334757905 726520 icapeople/bradunov/surge2758.txt 5952 1334757905 729064
1 0 1 1334757905 729073 icapeople/bradunov/surge1209.txt 1325 1334757905 730684
1 0 2 1334757907 165785 icapeople/bradunov/surge1352.txt 1528 1334757907 168434
1 0 0 1334757909 577965 icapeople/bradunov/surge24.txt 120 1334757909 579403
1 0 0 1334757910 852469 icapeople/bradunov/surge3302.txt 15138 1334757910 855089
1 0 2 1334757912 440469 icapeople/bradunov/surge357.txt 455 1334757912 441904
1 0 0 1334757912 540976 icapeople/bradunov/surge699.txt 779 1334757912 543483
1 0 0 1334757913 899829 icapeople/bradunov/surge2105.txt 3000 1334757913 902325
1 0 2 1334757914 249648 icapeople/bradunov/surge136.txt 263 1334757914 252303
1 0 0 1334757914 961275 icapeople/bradunov/surge3013.txt 8296 1334757914 963739
1 0 2 1334757915 447656 icapeople/bradunov/surge591.txt 684 1334757915 449126
1 0 2 1334757917 827650 icapeople/bradunov/surge401.txt 500 1334757917 829159
1 0 2 1334757918 885000 icapeople/bradunov/surge804.txt 881 1334757918 887584
1 0 0 1334757920 497236 icapeople/bradunov/surge804.txt 881 1334757920 501036
1 0 0 1334757922 426925 icapeople/bradunov/surge3013.txt 8296 1334757922 428391
1 0 0 1334757925 936650 icapeople/bradunov/surge3654.txt 48952 1334757925 937053
1 0 0 1334757926 973955 icapeople/bradunov/surge736.txt 823 1334757926 974316
1 0 0 1334757928 598178 icapeople/bradunov/surge3582.txt 34153 1334757928 600867
1 0 0 1334757931 6266 icapeople/bradunov/surge2739.txt 5828 1334757931 8821
1 0 0 1334757932 316922 icapeople/bradunov/surge192.txt 314 1334757932 319577
1 0 0 1334757933 490807 icapeople/bradunov/surge9.txt 101 1334757933 492241
1 0 2 1334757935 561440 icapeople/bradunov/surge804.txt 881 1334757935 563715
1 0 0 1334757935 902982 icapeople/bradunov/surge3396.txt 19630 1334757935 904407
1 0 2 1334757936 618733 icapeople/bradunov/surge136.txt 263 1334757936 621453
1 0 2 1334757937 716193 icapeople/bradunov/surge314.txt 418 1334757937 716626
1 0 2 1334757939 2736 icapeople/bradunov/surge136.txt 263 1334757939 4181
1 0 2 1334757940 15800 icapeople/bradunov/surge1302.txt 1450 1334757940 17275
1 0 2 1334757941 326449 icapeople/bradunov/surge15.txt 108 1334757941 327938
1 0 2 1334757942 556634 icapeople/bradunov/surge401.txt 500 1334757942 559288
1 0 2 1334757943 895375 icapeople/bradunov/surge0.txt 75 1334757943 896791
1 0 2 1334757947 485581 icapeople/bradunov/surge221.txt 342 1334757947 487015
1 0 2 1334757950 319848 icapeople/bradunov/surge2739.txt 5828 1334757950 321415
1 0 2 1334757952 229558 icapeople/bradunov/surge221.txt 342 1334757952 229969
1 0 2 1334757958 766594 icapeople/bradunov/surge136.txt 263 1334757958 768107
1 0 2 1334757960 949628 icapeople/bradunov/surge4.txt 88 1334757960 951072
1 0 2 1334757962 794929 icapeople/bradunov/surge1390.txt 1571 1334757962 797634
1 0 2 1334757965 822275 icapeople/bradunov/surge136.txt 263 1334757965 826045
1 0 2 1334757969 850615 icapeople/bradunov/surge1189.txt 1304 1334757969 851003
1 0 2 1334757969 851011 icapeople/bradunov/surge3113.txt 9561 1334757969 852422
1 0 0 1334757977 341646 icapeople/bradunov/surge702.txt 782 1334757977 344236
1 0 0 1334757977 344247 icapeople/bradunov/surge468.txt 557 1334757977 345637
1 1 0 1334757777 820281 icapeople/bradunov/surge184.txt 307 1334757777 824172
1 1 1 1334757777 876108 icapeople/bradunov/surge2031.txt 2814 1334757777 879822
1 1 1 1334757777 879838 icapeople/bradunov/surge2124.txt 3050 1334757777 882318
1 1 2 1334757777 932577 icapeople/bradunov/surge441.txt 530 1334757777 934182
1 1 0 1334757778 865457 icapeople/bradunov/surge0.txt 75 1334757778 867924
1 1 2 1334757779 316506 icapeople/bradunov/surge294.txt 404 1334757779 319039
1 1 0 1334757780 34316 icapeople/bradunov/surge200.txt 321 1334757780 35759
1 1 0 1334757781 164872 icapeople/bradunov/surge473.txt 563 1334757781 166286
1 1 2 1334757783 528785 icapeople/bradunov/surge3165.txt 10634 1334757783 529118
1 1 0 1334757783 713759 icapeople/bradunov/surge340.txt 437 1334757783 715201
1 1 2 1334757785 281707 icapeople/bradunov/surge3707.txt 59875 1334757785 284209
1 1 0 1334757785 293768 icapeople/bradunov/surge549.txt 648 1334757785 295165
1 1 0 1334757785 295174 icapeople/bradunov/surge3038.txt 8667 1334757785 297606
1 1 0 1334757787 34573 icapeople/bradunov/surge1858.txt 2422 1334757787 37045
1 1 2 1334757787 565265 icapeople/bradunov/surge73.txt 193 1334757787 568416
1 1 0 1334757788 120027 icapeople/bradunov/surge233.txt 357 1334757788 122620
1 1 2 1334757788 839741 icapeople/bradunov/surge736.txt 823 1334757788 841162
1 1 0 1334757789 474991 icapeople/bradunov/surge3165.txt 10634 1334757789 476442
1 1 0 1334757790 624747 icapeople/bradunov/surge873.txt 946 1334757790 627209
1 1 2 1334757791 123287 icapeople/bradunov/surge61.txt 173 1334757791 125817
1 1 0 1334757791 778605 icapeople/bradunov/surge136.txt 263 1334757791 781243
1 1 2 1334757792 634949 icapeople/bradunov/surge102.txt 231 1334757792 636429
1 1 0 1334757793 225918 icapeople/bradunov/surge3165.txt 10634 1334757793 228432
1 1 2 1334757793 812893 icapeople/bradunov/surge637.txt 725 1334757793 814308
1 1 0 1334757795 529634 icapeople/bradunov/surge96.txt 221 1334757795 531070
1 1 0 1334757799 95639 icapeople/bradunov/surge221.txt 342 1334757799 97103
1 1 0 1334757800 177111 icapeople/bradunov/surge1915.txt 2546 1334757800 180588
1 1 0 1334757801 624382 icapeople/bradunov/surge652.txt 737 1334757801 626884
1 1 0 1334757804 647705 icapeople/bradunov/surge111.txt 238 1334757804 648044
1 1 0 1334757807 405594 icapeople/bradunov/surge62.txt 180 1334757807 405986
1 1 2 1334757809 79298 icapeople/bradunov/surge441.txt 530 1334757809 81793
1 1 2 1334757810 191766 icapeople/bradunov/surge46.txt 152 1334757810 194265
1 1 2 1334757811 478187 icapeople/bradunov/surge0.txt 75 1334757811 478580
1 1 2 1334757813 588919 icapeople/bradunov/surge704.txt 787 1334757813 590319
1 1 2 1334757815 237164 icapeople/bradunov/surge499.txt 590 1334757815 239789
1 1 0 1334757815 253235 icapeople/bradunov/surge619.txt 712 1334757815 254632
1 1 2 1334757816 604227 icapeople/bradunov/surge961.txt 1041 1334757816 605653
1 1 2 1334757816 605662 icapeople/bradunov/surge1305.txt 1457 1334757816 608093
1 1 0 1334757816 817209 icapeople/bradunov/surge83.txt 204 1334757816 820984
1 1 0 1334757817 854407 icapeople/bradunov/surge1063.txt 1148 1334757817 856973
1 1 2 1334757819 880652 icapeople/bradunov/surge3165.txt 10634 1334757819 883205
1 1 2 1334757820 994263 icapeople/bradunov/surge289.txt 402 1334757820 994634
1 1 2 1334757822 879868 icapeople/bradunov/surge113.txt 240 1334757822 882494
1 1 2 1334757824 53695 icapeople/bradunov/surge699.txt 779 1334757824 55154
1 1 2 1334757826 469930 icapeople/bradunov/surge1155.txt 1268 1334757826 472418
1 1 2 1334757827 651996 icapeople/bradunov/surge292.txt 403 1334757827 653431
1 1 0 1334757830 771865 icapeople/bradunov/surge488.txt 577 1334757830 773367
1 1 0 1334757836 34275 icapeople/bradunov/surge250.txt 377 1334757836 35724
1 1 2 1334757836 802154 icapeople/bradunov/surge0.txt 75 1334757836 803565
1 1 0 1334757837 497752 icapeople/bradunov/surge136.txt 263 1334757837 499215
1 1 2 1334757837 851480 icapeople/bradunov/surge0.txt 75 1334757837 852960
1 1 2 1334757844 440778 icapeople/bradunov/surge3165.txt 10634 1334757844 442260
1 1 0 1334757845 666967 icapeople/bradunov/surge106.txt 236 1334757845 670797
1 1 0 1334757846 768567 icapeople/bradunov/surge192.txt 314 1334757846 768919
1 1 2 1334757847 516375 icapeople/bradunov/surge426.txt 516 1334757847 519850
1 1 0 1334757848 320376 icapeople/bradunov/surge264.txt 384 1334757848 320787
1 1 2 1334757848 798772 icapeople/bradunov/surge73.txt 193 1334757848 801231
1 1 0 1334757849 349591 icapeople/bradunov/surge0.txt 75 1334757849 352250
1 1 0 1334757850 527533 icapeople/bradunov/surge0.txt 75 1334757850 528985
1 1 0 1334757853 156831 icapeople/bradunov/surge0.txt 75 1334757853 158292
1 1 2 1334757854 877529 icapeople/bradunov/surge136.txt 263 1334757854 880007
1 1 0 1334757856 212359 icapeople/bradunov/surge221.txt 342 1334757856 213812
1 1 2 1334757857 149076 icapeople/bradunov/surge1234.txt 1363 1334757857 151538
1 1 0 1334757857 699799 icapeople/bradunov/surge6.txt 94 1334757857 701292
1 1 0 1334757858 785329 icapeople/bradunov/surge307.txt 412 1334757858 786751
1 1 2 1334757859 633557 icapeople/bradunov/surge221.txt 342 1334757859 633911
1 1 0 1334757859 919023 icapeople/bradunov/surge679.txt 765 1334757859 920455
1 1 2 1334757861 543193 icapeople/bradunov/surge290.txt 403 1334757861 543572
1 1 2 1334757861 543582 icapeople/bradunov/surge1427.txt 1628 1334757861 544977
1 1 0 1334757862 552365 icapeople/bradunov/surge175.txt 299 1334757862 553757
1 1 0 1334757864 152448 icapeople/bradunov/surge136.txt 263 1334757864 154913
1 1 0 1334757871 147716 icapeople/bradunov/surge35.txt 139 1334757871 149131
1 1 0 1334757873 338917 icapeople/bradunov/surge3625.txt 42720 1334757873 340377
1 1 0 1334757875 618342 icapeople/bradunov/surge3732.txt 67433 1334757875 619824
1 1 0 1334757877 246657 icapeople/bradunov/surge3165.txt 10634 1334757877 248075
1 1 0 1334757878 456672 icapeople/bradunov/surge704.txt 787 1334757878 458100
1 1 0 1334757879 944175 icapeople/bradunov/surge62.txt 180 1334757879 944538
1 1 0 1334757881 419746 icapeople/bradunov/surge2141.txt 3137 1334757881 422391
1 1 0 1334757887 848202 icapeople/bradunov/surge441.txt 530 1334757887 849684
1 1 0 1334757889 464352 icapeople/bradunov/surge69.txt 187 1334757889 465812
1 1 0 1334757890 473394 icapeople/bradunov/surge2668.txt 5368 1334757890 474834
1 1 0 1334757893 737941 icapeople/bradunov/surge104.txt 235 1334757893 740437
1 1 0 1334757894 923918 icapeople/bradunov/surge192.txt 314 1334757894 925339
1 1 0 1334757897 951225 icapeople/bradunov/surge441.txt 530 1334757897 953796
1 1 0 1334757899 273904 icapeople/bradunov/surge21.txt 111 1334757899 277404
1 1 0 1334757900 480066 icapeople/bradunov/surge62.txt 180 1334757900 483886
1 1 0 1334757901 573500 icapeople/bradunov/surge0.txt 75 1334757901 574910
1 1 0 1334757903 386700 icapeople/bradunov/surge441.txt 530 1334757903 389389
1 1 0 1334757904 753580 icapeople/bradunov/surge192.txt 314 1334757904 756114
1 1 0 1334757906 586872 icapeople/bradunov/surge17.txt 109 1334757906 589425
1 1 0 1334757908 14065 icapeople/bradunov/surge401.txt 500 1334757908 16644
1 1 0 1334757910 647423 icapeople/bradunov/surge3582.txt 34153 1334757910 649943
1 1 0 1334757912 146968 icapeople/bradunov/surge259.txt 381 1334757912 149526
1 1 0 1334757913 337035 icapeople/bradunov/surge0.txt 75 1334757913 339689
1 1 0 1334757914 949194 icapeople/bradunov/surge3582.txt 34153 1334757914 950628
1 1 0 1334757916 46685 icapeople/bradunov/surge395.txt 495 1334757916 49203
1 1 0 1334757919 946373 icapeople/bradunov/surge1767.txt 2236 1334757919 948781
1 1 0 1334757926 149770 icapeople/bradunov/surge804.txt 881 1334757926 151220
1 1 0 1334757931 380174 icapeople/bradunov/surge0.txt 75 1334757931 381623
1 1 0 1334757932 526054 icapeople/bradunov/surge3013.txt 8296 1334757932 528711
1 1 0 1334757938 548381 icapeople/bradunov/surge1712.txt 2142 1334757938 549860
1 1 0 1334757943 810988 icapeople/bradunov/surge426.txt 516 1334757943 813522
1 1 0 1334757945 680422 icapeople/bradunov/surge707.txt 789 1334757945 682977
1 1 0 1334757949 129844 icapeople/bradunov/surge4.txt 88 1334757949 132418
1 1 0 1334757950 629505 icapeople/bradunov/surge1190.txt 1306 1334757950 632057
1 1 0 1334757952 575365 icapeople/bradunov/surge4.txt 88 1334757952 576841
1 1 0 1334757959 787764 icapeople/bradunov/surge3558.txt 31755 1334757959 789190
1 1 0 1334757961 942670 icapeople/bradunov/surge136.txt 263 1334757961 944084
1 1 0 1334757963 160770 icapeople/bradunov/surge1155.txt 1268 1334757963 162219
1 1 0 1334757964 419234 icapeople/bradunov/surge405.txt 502 1334757964 419612
1 1 0 1334757965 653373 icapeople/bradunov/surge179.txt 305 1334757965 654849
1 1 0 1334757968 572238 icapeople/bradunov/surge179.txt 305 1334757968 573878
1 1 0 1334757971 965249 icapeople/bradunov/surge3558.txt 31755 1334757971 966789
1 1 0 1334757973 259803 icapeople/bradunov/surge1566.txt 1887 1334757973 261211
1 1 0 1334757975 728297 icapeople/bradunov/surge3558.txt 31755 1334757975 730860
1 1 0 1334757978 285192 icapeople/bradunov/surge0.txt 75 1334757978 286629
1 1 0 1334757980 383835 icapeople/bradunov/surge630.txt 722 1334757980 386394
1 1 0 1334757981 517559 icapeople/bradunov/surge0.txt 75 1334757981 521401
1 1 0 1334757982 558813 icapeople/bradunov/surge580.txt 675 1334757982 559221
1 1 0 1334757983 704606 icapeople/bradunov/surge4.txt 88 1334757983 706090
1 1 0 1334758015 823025 icapeople/bradunov/surge3165.txt 10634 1334758015 825305
1 1 0 1334758019 770832 icapeople/bradunov/surge1723.txt 2157 1334758019 771250
1 1 0 1334758019 771261 icapeople/bradunov/surge2394.txt 3988 1334758019 772644
1 1 0 1334758020 956865 icapeople/bradunov/surge3013.txt 8296 1334758020 959388
1 1 0 1334758022 162935 icapeople/bradunov/surge2549.txt 4694 1334758022 165609
1 1 0 1334758023 413267 icapeople/bradunov/surge3922.txt 214496 1334758023 414784
1 1 0 1334758027 920064 icapeople/bradunov/surge0.txt 75 1334758027 923578
1 1 0 1334758029 122121 icapeople/bradunov/surge4.txt 88 1334758029 124809
1 1 0 1334758030 368404 icapeople/bradunov/surge2268.txt 3557 1334758030 371071
1 1 0 1334758031 880036 icapeople/bradunov/surge700.txt 781 1334758031 881514
1 1 0 1334758031 881524 icapeople/bradunov/surge339.txt 436 1334758031 883959
1 1 0 1334758033 753509 icapeople/bradunov/surge29.txt 132 1334758033 756055
1 1 0 1334758035 19894 icapeople/bradunov/surge0.txt 75 1334758035 22426
1 1 0 1334758036 185850 icapeople/bradunov/surge314.txt 418 1334758036 187299
1 1 0 1334758045 327994 icapeople/bradunov/surge2141.txt 3137 1334758045 329413
1 1 0 1334758047 56748 icapeople/bradunov/surge0.txt 75 1334758047 59417
1 1 0 1334758054 36027 icapeople/bradunov/surge2384.txt 3932 1334758054 36471
1 1 0 1334758055 571859 icapeople/bradunov/surge2706.txt 5587 1334758055 573264
1 1 0 1334758057 867449 icapeople/bradunov/surge179.txt 305 1334758057 869883
1 1 0 1334758059 178026 icapeople/bradunov/surge549.txt 648 1334758059 179474
1 1 0 1334758059 179485 icapeople/bradunov/surge3038.txt 8667 1334758059 179794
1 1 0 1334758070 237899 icapeople/bradunov/surge1726.txt 2160 1334758070 239313
1 1 0 1334758075 291462 icapeople/bradunov/surge3302.txt 15138 1334758075 293992
1 1 1 1334758077 905621 icapeople/bradunov/surge3708.txt 61095 1334758077 905621
1 2 0 1334757778 825666 icapeople/bradunov/surge127.txt 250 1334757778 826356
1 2 1 1334757778 881174 icapeople/bradunov/surge4.txt 88 1334757778 885968
1 2 2 1334757778 937470 icapeople/bradunov/surge315.txt 418 1334757778 940103
1 2 0 1334757779 949430 icapeople/bradunov/surge6.txt 94 1334757779 950894
1 2 2 1334757780 465193 icapeople/bradunov/surge1638.txt 2012 1334757780 469003
1 2 1 1334757781 904554 icapeople/bradunov/surge549.txt 648 1334757781 907182
1 2 1 1334757781 907192 icapeople/bradunov/surge3038.txt 8667 1334757781 908566
1 2 2 1334757782 258436 icapeople/bradunov/surge786.txt 865 1334757782 259851
1 2 0 1334757782 865517 icapeople/bradunov/surge73.txt 193 1334757782 866591
1 2 2 1334757784 7287 icapeople/bradunov/surge74.txt 195 1334757784 8727
1 2 0 1334757784 525833 icapeople/bradunov/surge9.txt 101 1334757784 528246
1 2 1 1334757784 618334 icapeople/bradunov/surge549.txt 648 1334757784 618668
1 2 1 1334757784 618677 icapeople/bradunov/surge3038.txt 8667 1334757784 620050
1 2 2 1334757785 108795 icapeople/bradunov/surge960.txt 1038 1334757785 110251
1 2 0 1334757785 937001 icapeople/bradunov/surge549.txt 648 1334757785 939519
1 2 0 1334757785 939528 icapeople/bradunov/surge3038.txt 8667 1334757785 940895
1 2 1 1334757786 33581 icapeople/bradunov/surge4.txt 88 1334757786 34973
1 2 2 1334757787 352147 icapeople/bradunov/surge549.txt 648 1334757787 353602
1 2 2 1334757787 353612 icapeople/bradunov/surge3038.txt 8667 1334757787 356055
1 2 1 1334757787 641660 icapeople/bradunov/surge485.txt 574 1334757787 643146
1 2 0 1334757788 59785 icapeople/bradunov/surge337.txt 434 1334757788 63310
1 2 0 1334757788 63321 icapeople/bradunov/surge2944.txt 7583 1334757788 64700
1 2 1 1334757788 678885 icapeople/bradunov/surge3210.txt 11954 1334757788 680291
1 2 2 1334757789 310123 icapeople/bradunov/surge1879.txt 2470 1334757789 313640
1 2 1 1334757789 816636 icapeople/bradunov/surge943.txt 1021 1334757789 816962
1 2 0 1334757790 86024 icapeople/bradunov/surge29.txt 132 1334757790 87465
1 2 0 1334757791 308167 icapeople/bradunov/surge529.txt 624 1334757791 310794
1 2 1 1334757791 340321 icapeople/bradunov/surge332.txt 430 1334757791 341718
1 2 2 1334757791 875106 icapeople/bradunov/surge1155.txt 1268 1334757791 877604
1 2 0 1334757792 449994 icapeople/bradunov/surge734.txt 820 1334757792 452510
1 2 2 1334757793 631990 icapeople/bradunov/surge576.txt 671 1334757793 633419
1 2 1 1334757794 536535 icapeople/bradunov/surge549.txt 648 1334757794 540388
1 2 1 1334757794 540399 icapeople/bradunov/surge3038.txt 8667 1334757794 540716
1 2 0 1334757794 990908 icapeople/bradunov/surge141.txt 266 1334757794 993543
1 2 0 1334757796 64270 icapeople/bradunov/surge84.txt 206 1334757796 66804
1 2 1 1334757796 233144 icapeople/bradunov/surge539.txt 636 1334757796 233491
1 2 2 1334757796 840191 icapeople/bradunov/surge1879.txt 2470 1334757796 842711
1 2 0 1334757797 274430 icapeople/bradunov/surge3405.txt 20137 1334757797 275904
1 2 2 1334757797 941848 icapeople/bradunov/surge0.txt 75 1334757797 943251
1 2 1 1334757798 520716 icapeople/bradunov/surge485.txt 574 1334757798 524198
1 2 1 1334757799 549962 icapeople/bradunov/surge62.txt 180 1334757799 552370
1 2 2 1334757800 144913 icapeople/bradunov/surge1063.txt 1148 1334757800 146303
1 2 0 1334757800 961031 icapeople/bradunov/surge135.txt 259 1334757800 964837
1 2 2 1334757801 383253 icapeople/bradunov/surge1915.txt 2546 1334757801 384674
1 2 1 1334757802 98842 icapeople/bradunov/surge200.txt 321 1334757802 100234
1 2 2 1334757802 709870 icapeople/bradunov/surge0.txt 75 1334757802 710307
1 2 1 1334757803 879867 icapeople/bradunov/surge141.txt 266 1334757803 880308
1 2 0 1334757804 860725 icapeople/bradunov/surge123.txt 247 1334757804 861072
1 2 2 1334757805 298964 icapeople/bradunov/surge1013.txt 1096 1334757805 300439
1 2 1 1334757806 698064 icapeople/bradunov/surge0.txt 75 1334757806 699436
1 2 2 1334757807 514174 icapeople/bradunov/surge906.txt 981 1334757807 515766
1 2 0 1334757807 751403 icapeople/bradunov/surge1018.txt 1100 1334757807 753963
1 2 0 1334757809 49918 icapeople/bradunov/surge0.txt 75 1334757809 53747
1 2 0 1334757812 65117 icapeople/bradunov/surge107.txt 236 1334757812 66580
1 2 2 1334757812 929484 icapeople/bradunov/surge697.txt 777 1334757812 930982
1 2 0 1334757813 110461 icapeople/bradunov/surge0.txt 75 1334757813 112966
1 2 1 1334757813 572809 icapeople/bradunov/surge1116.txt 1211 1334757813 575484
1 2 1 1334757814 955749 icapeople/bradunov/surge679.txt 765 1334757814 957210
1 2 2 1334757815 329643 icapeople/bradunov/surge1767.txt 2236 1334757815 331044
1 2 2 1334757818 340937 icapeople/bradunov/surge221.txt 342 1334757818 342349
1 2 1 1334757818 646411 icapeople/bradunov/surge549.txt 648 1334757818 648941
1 2 1 1334757818 648950 icapeople/bradunov/surge3038.txt 8667 1334757818 649260
1 2 1 1334757820 540022 icapeople/bradunov/surge2758.txt 5952 1334757820 541600
1 2 1 1334757820 541609 icapeople/bradunov/surge1209.txt 1325 1334757820 544041
1 2 0 1334757821 207442 icapeople/bradunov/surge62.txt 180 1334757821 209927
1 2 2 1334757822 260709 icapeople/bradunov/surge115.txt 240 1334757822 263258
1 2 0 1334757822 642617 icapeople/bradunov/surge25.txt 123 1334757822 645176
1 2 0 1334757823 712054 icapeople/bradunov/surge499.txt 590 1334757823 714709
1 2 2 1334757832 399917 icapeople/bradunov/surge2.txt 80 1334757832 402521
1 2 0 1334757834 615115 icapeople/bradunov/surge57.txt 164 1334757834 617637
1 2 2 1334757834 784019 icapeople/bradunov/surge3165.txt 10634 1334757834 786636
1 2 2 1334757835 801174 icapeople/bradunov/surge1186.txt 1302 1334757835 803700
1 2 0 1334757837 192177 icapeople/bradunov/surge786.txt 865 1334757837 194816
1 2 2 1334757838 124931 icapeople/bradunov/surge485.txt 574 1334757838 127528
1 2 0 1334757840 392350 icapeople/bradunov/surge0.txt 75 1334757840 393839
1 2 2 1334757840 577303 icapeople/bradunov/surge106.txt 236 1334757840 579811
1 2 0 1334757841 570244 icapeople/bradunov/surge766.txt 846 1334757841 572768
1 2 2 1334757841 895909 icapeople/bradunov/surge306.txt 411 1334757841 897342
1 2 2 1334757843 182405 icapeople/bradunov/surge0.txt 75 1334757843 184816
1 2 0 1334757843 286922 icapeople/bradunov/surge327.txt 427 1334757843 288357
1 2 2 1334757844 589550 icapeople/bradunov/surge1509.txt 1779 1334757844 589942
1 2 2 1334757847 287142 icapeople/bradunov/surge62.txt 180 1334757847 289552
1 2 0 1334757848 585736 icapeople/bradunov/surge1555.txt 1870 1334757848 586294
1 2 2 1334757849 771732 icapeople/bradunov/surge549.txt 648 1334757849 774232
1 2 2 1334757849 774241 icapeople/bradunov/surge3038.txt 8667 1334757849 775610
1 2 0 1334757851 621068 icapeople/bradunov/surge3759.txt 76223 1334757851 623612
1 2 2 1334757851 834189 icapeople/bradunov/surge2275.txt 3590 1334757851 836806
1 2 0 1334757852 670430 icapeople/bradunov/surge3582.txt 34153 1334757852 672988
1 2 2 1334757853 667372 icapeople/bradunov/surge35.txt 139 1334757853 669855
1 2 0 1334757854 57445 icapeople/bradunov/surge961.txt 1041 1334757854 57822
1 2 0 1334757854 57832 icapeople/bradunov/surge1305.txt 1457 1334757854 59207
1 2 0 1334757855 396131 icapeople/bradunov/surge704.txt 787 1334757855 398649
1 2 2 1334757856 413416 icapeople/bradunov/surge1234.txt 1363 1334757856 415881
1 2 0 1334757856 457668 icapeople/bradunov/surge576.txt 671 1334757856 460293
1 2 2 1334757857 900836 icapeople/bradunov/surge1234.txt 1363 1334757857 903322
1 2 2 1334757860 31557 icapeople/bradunov/surge1566.txt 1887 1334757860 35294
1 2 0 1334757864 92126 icapeople/bradunov/surge6.txt 94 1334757864 93612
1 2 0 1334757867 22935 icapeople/bradunov/surge1788.txt 2275 1334757867 24389
1 2 2 1334757867 292262 icapeople/bradunov/surge189.txt 310 1334757867 292667
1 2 0 1334757869 937686 icapeople/bradunov/surge2326.txt 3743 1334757869 941167
1 2 0 1334757871 139678 icapeople/bradunov/surge758.txt 838 1334757871 140073
1 2 2 1334757871 167827 icapeople/bradunov/surge349.txt 446 1334757871 171579
1 2 2 1334757872 566945 icapeople/bradunov/surge1092.txt 1184 1334757872 569633
1 2 0 1334757872 948864 icapeople/bradunov/surge337.txt 434 1334757872 950349
1 2 0 1334757872 950358 icapeople/bradunov/surge2944.txt 7583 1334757872 952798
1 2 2 1334757874 408205 icapeople/bradunov/surge382.txt 485 1334757874 410753
1 2 0 1334757875 31459 icapeople/bradunov/surge105.txt 235 1334757875 33978
1 2 0 1334757877 125977 icapeople/bradunov/surge652.txt 737 1334757877 127601
1 2 0 1334757878 380267 icapeople/bradunov/surge3165.txt 10634 1334757878 382756
1 2 0 1334757879 819566 icapeople/bradunov/surge296.txt 404 1334757879 822056
1 2 2 1334757879 851759 icapeople/bradunov/surge3582.txt 34153 1334757879 855494
1 2 0 1334757880 969388 icapeople/bradunov/surge3165.txt 10634 1334757880 973183
1 2 2 1334757881 202621 icapeople/bradunov/surge549.txt 648 1334757881 202983
1 2 2 1334757881 202994 icapeople/bradunov/surge3038.txt 8667 1334757881 204369
1 2 2 1334757882 392535 icapeople/bradunov/surge347.txt 442 1334757882 395035
1 2 2 1334757883 506236 icapeople/bradunov/surge26.txt 125 1334757883 507648
1 2 0 1334757884 221827 icapeople/bradunov/surge539.txt 636 1334757884 222219
1 2 0 1334757886 47118 icapeople/bradunov/surge448.txt 538 1334757886 48563
1 2 0 1334757887 389886 icapeople/bradunov/surge221.txt 342 1334757887 392402
1 2 2 1334757887 498433 icapeople/bradunov/surge3566.txt 32364 1334757887 500948
1 2 0 1334757889 295458 icapeople/bradunov/surge221.txt 342 1334757889 297949
1 2 2 1334757889 685410 icapeople/bradunov/surge1155.txt 1268 1334757889 687912
1 2 0 1334757890 344723 icapeople/bradunov/surge121.txt 245 1334757890 347215
1 2 0 1334757892 125772 icapeople/bradunov/surge441.txt 530 1334757892 128300
1 2 2 1334757893 159036 icapeople/bradunov/surge0.txt 75 1334757893 161559
1 2 2 1334757895 8366 icapeople/bradunov/surge576.txt 671 1334757895 10864
1 2 0 1334757895 639556 icapeople/bradunov/surge474.txt 564 1334757895 641006
1 2 2 1334757896 423534 icapeople/bradunov/surge332.txt 430 1334757896 426186
1 2 0 1334757897 291912 icapeople/bradunov/surge62.txt 180 1334757897 294413
1 2 2 1334757901 264037 icapeople/bradunov/surge104.txt 235 1334757901 266514
1 2 2 1334757902 920332 icapeople/bradunov/surge3582.txt 34153 1334757902 922800
1 2 2 1334757904 86268 icapeople/bradunov/surge2169.txt 3233 1334757904 87711
1 2 0 1334757907 411100 icapeople/bradunov/surge1014.txt 1097 1334757907 412559
1 2 0 1334757908 986986 icapeople/bradunov/surge448.txt 538 1334757908 988478
1 2 2 1334757909 300594 icapeople/bradunov/surge3582.txt 34153 1334757909 303099
1 2 0 1334757910 241392 icapeople/bradunov/surge0.txt 75 1334757910 243919
1 2 2 1334757911 254454 icapeople/bradunov/surge373.txt 472 1334757911 255911
1 2 2 1334757912 737912 icapeople/bradunov/surge677.txt 764 1334757912 739383
1 2 0 1334757912 834420 icapeople/bradunov/surge15.txt 108 1334757912 836907
1 2 2 1334757913 779198 icapeople/bradunov/surge0.txt 75 1334757913 780667
1 2 2 1334757917 879942 icapeople/bradunov/surge3654.txt 48952 1334757917 881320
1 2 2 1334757919 130215 icapeople/bradunov/surge90.txt 213 1334757919 130593
1 2 2 1334757920 151460 icapeople/bradunov/surge294.txt 404 1334757920 152908
1 2 2 1334757921 534394 icapeople/bradunov/surge3654.txt 48952 1334757921 534817
1 2 2 1334757922 796834 icapeople/bradunov/surge3013.txt 8296 1334757922 797258
1 2 2 1334757924 248162 icapeople/bradunov/surge1387.txt 1567 1334757924 250574
1 2 2 1334757925 325584 icapeople/bradunov/surge3013.txt 8296 1334757925 327063
1 2 2 1334757926 712594 icapeople/bradunov/surge0.txt 75 1334757926 712990
1 2 0 1334757926 801081 icapeople/bradunov/surge1085.txt 1164 1334757926 802502
1 2 0 1334757928 63426 icapeople/bradunov/surge0.txt 75 1334757928 64933
1 2 0 1334757930 89653 icapeople/bradunov/surge448.txt 538 1334757930 91143
1 2 2 1334757931 834471 icapeople/bradunov/surge3582.txt 34153 1334757931 837006
1 2 0 1334757932 349120 icapeople/bradunov/surge327.txt 427 1334757932 351718
1 2 0 1334757933 446593 icapeople/bradunov/surge242.txt 371 1334757933 449276
1 2 2 1334757934 733110 icapeople/bradunov/surge12.txt 104 1334757934 733538
1 2 2 1334757935 967316 icapeople/bradunov/surge804.txt 881 1334757935 971091
1 2 0 1334757938 576543 icapeople/bradunov/surge681.txt 766 1334757938 576876
1 2 0 1334757940 510359 icapeople/bradunov/surge62.txt 180 1334757940 510755
1 2 0 1334757942 42055 icapeople/bradunov/surge2011.txt 2764 1334757942 44750
1 2 2 1334757942 914455 icapeople/bradunov/surge575.txt 670 1334757942 915943
1 2 2 1334757942 915952 icapeople/bradunov/surge3229.txt 12387 1334757942 918408
1 2 0 1334757943 384815 icapeople/bradunov/surge401.txt 500 1334757943 386280
1 2 0 1334757945 833237 icapeople/bradunov/surge121.txt 245 1334757945 834660
1 2 0 1334757950 263559 icapeople/bradunov/surge62.txt 180 1334757950 263980
1 2 0 1334757952 792396 icapeople/bradunov/surge911.txt 985 1334757952 796232
1 2 0 1334757953 998484 icapeople/bradunov/surge651.txt 735 1334757953 998907
1 2 0 1334757955 397547 icapeople/bradunov/surge4.txt 88 1334757955 399025
1 2 0 1334757957 106175 icapeople/bradunov/surge135.txt 259 1334757957 106587
1 2 0 1334757958 999737 icapeople/bradunov/surge700.txt 781 1334757959 3533
1 2 0 1334757959 3542 icapeople/bradunov/surge339.txt 436 1334757959 3869
1 2 0 1334757960 684238 icapeople/bradunov/surge591.txt 684 1334757960 687748
1 2 0 1334757961 789858 icapeople/bradunov/surge1.txt 77 1334757961 790264
1 2 0 1334757963 389947 icapeople/bradunov/surge320.txt 421 1334757963 392467
1 2 0 1334757967 952989 icapeople/bradunov/surge549.txt 648 1334757967 955404
1 2 0 1334757967 955413 icapeople/bradunov/surge3038.txt 8667 1334757967 956831
1 2 0 1334757969 432444 icapeople/bradunov/surge1215.txt 1330 1334757969 434992
1 2 0 1334757982 771938 icapeople/bradunov/surge3165.txt 10634 1334757982 774353
1 2 0 1334757988 332036 icapeople/bradunov/surge549.txt 648 1334757988 333482
1 2 0 1334757988 333494 icapeople/bradunov/surge3038.txt 8667 1334757988 335907
1 2 0 1334757989 453635 icapeople/bradunov/surge0.txt 75 1334757989 455113
1 2 0 1334757990 515052 icapeople/bradunov/surge3759.txt 76223 1334757990 516473
1 2 0 1334757992 336261 icapeople/bradunov/surge94.txt 220 1334757992 339767
1 2 0 1334757994 181523 icapeople/bradunov/surge974.txt 1048 1334757994 183034
1 2 0 1334757996 919383 icapeople/bradunov/surge1712.txt 2142 1334757996 920801
1 2 0 1334757998 61159 icapeople/bradunov/surge17.txt 109 1334757998 63729
1 2 0 1334757999 154676 icapeople/bradunov/surge162.txt 288 1334757999 156316
1 2 0 1334758001 554804 icapeople/bradunov/surge500.txt 590 1334758001 556290
1 2 0 1334758007 774209 icapeople/bradunov/surge591.txt 684 1334758007 775706
1 2 0 1334758009 68796 icapeople/bradunov/surge3013.txt 8296 1334758009 71305
1 2 0 1334758012 15656 icapeople/bradunov/surge0.txt 75 1334758012 17103
1 2 0 1334758013 314285 icapeople/bradunov/surge950.txt 1026 1334758013 315755
1 2 0 1334758014 439915 icapeople/bradunov/surge3302.txt 15138 1334758014 440325
1 2 0 1334758015 895301 icapeople/bradunov/surge3849.txt 125802 1334758015 896870
1 2 0 1334758017 250163 icapeople/bradunov/surge472.txt 560 1334758017 252632
1 2 0 1334758018 910579 icapeople/bradunov/surge679.txt 765 1334758018 912049
1 2 0 1334758024 587174 icapeople/bradunov/surge3165.txt 10634 1334758024 588579
1 2 0 1334758026 14421 icapeople/bradunov/surge549.txt 648 1334758026 16967
1 2 0 1334758026 16979 icapeople/bradunov/surge3038.txt 8667 1334758026 17288
1 2 0 1334758029 307025 icapeople/bradunov/surge3165.txt 10634 1334758029 308458
1 2 0 1334758031 188543 icapeople/bradunov/surge0.txt 75 1334758031 191058
1 2 0 1334758032 442983 icapeople/bradunov/surge358.txt 456 1334758032 445490
1 2 0 1334758034 766674 icapeople/bradunov/surge3165.txt 10634 1334758034 768093
1 2 0 1334758035 880242 icapeople/bradunov/surge136.txt 263 1334758035 882732
1 2 0 1334758040 222229 icapeople/bradunov/surge2839.txt 6601 1334758040 224935
1 2 0 1334758040 224946 icapeople/bradunov/surge196.txt 319 1334758040 226318
1 2 0 1334758042 31328 icapeople/bradunov/surge2883.txt 6961 1334758042 33891
1 2 0 1334758043 277637 icapeople/bradunov/surge0.txt 75 1334758043 280316
1 2 0 1334758045 750149 icapeople/bradunov/surge1712.txt 2142 1334758045 752677
1 2 0 1334758047 792435 icapeople/bradunov/surge112.txt 239 1334758047 793936
1 2 0 1334758051 169555 icapeople/bradunov/surge62.txt 180 1334758051 170981
1 2 0 1334758052 395775 icapeople/bradunov/surge704.txt 787 1334758052 398321
1 2 0 1334758055 515529 icapeople/bradunov/surge549.txt 648 1334758055 517013
1 2 0 1334758055 517024 icapeople/bradunov/surge3038.txt 8667 1334758055 517334
1 2 0 1334758056 528610 icapeople/bradunov/surge3013.txt 8296 1334758056 531159
1 2 0 1334758057 634222 icapeople/bradunov/surge4.txt 88 1334758057 634626
1 2 0 1334758058 824227 icapeople/bradunov/surge3165.txt 10634 1334758058 826634
1 2 0 1334758061 682670 icapeople/bradunov/surge2674.txt 5404 1334758061 684171
1 2 0 1334758061 684182 icapeople/bradunov/surge3070.txt 9037 1334758061 686623
1 2 0 1334758062 740038 icapeople/bradunov/surge3759.txt 76223 1334758062 741542
1 2 0 1334758064 987359 icapeople/bradunov/surge3654.txt 48952 1334758064 989915
1 2 0 1334758066 390484 icapeople/bradunov/surge3165.txt 10634 1334758066 393160
1 2 0 1334758067 520188 icapeople/bradunov/surge1215.txt 1330 1334758067 521695
1 2 0 1334758071 9800 icapeople/bradunov/surge337.txt 434 1334758071 13305
1 2 0 1334758071 13317 icapeople/bradunov/surge2944.txt 7583 1334758071 14693
1 2 0 1334758072 453068 icapeople/bradunov/surge4.txt 88 1334758072 454543
1 2 0 1334758073 635065 icapeople/bradunov/surge73.txt 193 1334758073 637673
1 2 0 1334758074 692391 icapeople/bradunov/surge0.txt 75 1334758074 693885
1 2 0 1334758076 79465 icapeople/bradunov/surge266.txt 387 1334758076 80937
1 2 0 1334758077 349840 icapeople/bradunov/surge2216.txt 3385 1334758077 353586
1 2 0 1334758078 427364 icapeople/bradunov/surge0.txt 75 1334758078 429924
1 3 0 1334757779 833272 icapeople/bradunov/surge266.txt 387 1334757779 836610
1 3 1 1334757779 888825 icapeople/bradunov/surge786.txt 865 1334757779 893035
1 3 2 1334757779 945412 icapeople/bradunov/surge549.txt 648 1334757779 949579
1 3 2 1334757779 949595 icapeople/bradunov/surge3038.txt 8667 1334757779 950925
1 3 0 1334757782 772953 icapeople/bradunov/surge104.txt 235 1334757782 776513
1 3 1 1334757782 913775 icapeople/bradunov/surge316.txt 418 1334757782 916315
1 3 2 1334757783 512684 icapeople/bradunov/surge29.txt 132 1334757783 514252
1 3 0 1334757783 882633 icapeople/bradunov/surge3165.txt 10634 1334757783 883021
1 3 1 1334757784 71622 icapeople/bradunov/surge40.txt 145 1334757784 75974
1 3 0 1334757784 939905 icapeople/bradunov/surge179.txt 305 1334757784 943053
1 3 0 1334757786 37631 icapeople/bradunov/surge136.txt 263 1334757786 40114
1 3 1 1334757786 41650 icapeople/bradunov/surge3165.txt 10634 1334757786 41981
1 3 1 1334757787 758276 icapeople/bradunov/surge3165.txt 10634 1334757787 759713
1 3 2 1334757789 177417 icapeople/bradunov/surge1018.txt 1100 1334757789 178870
1 3 1 1334757789 804556 icapeople/bradunov/surge619.txt 712 1334757789 806012
1 3 2 1334757790 608631 icapeople/bradunov/surge3165.txt 10634 1334757790 610220
1 3 1 1334757791 549439 icapeople/bradunov/surge1915.txt 2546 1334757791 551958
1 3 2 1334757791 802741 icapeople/bradunov/surge2057.txt 2890 1334757791 804133
1 3 1 1334757792 968585 icapeople/bradunov/surge1915.txt 2546 1334757792 970013
1 3 2 1334757793 873209 icapeople/bradunov/surge136.txt 263 1334757793 875695
1 3 2 1334757795 392896 icapeople/bradunov/surge62.txt 180 1334757795 394368
1 3 1 1334757796 699562 icapeople/bradunov/surge441.txt 530 1334757796 702083
1 3 1 1334757797 821182 icapeople/bradunov/surge549.txt 648 1334757797 822591
1 3 1 1334757797 822601 icapeople/bradunov/surge3038.txt 8667 1334757797 825018
1 3 1 1334757799 674604 icapeople/bradunov/surge549.txt 648 1334757799 677089
1 3 1 1334757799 677098 icapeople/bradunov/surge3038.txt 8667 1334757799 678463
1 3 1 1334757800 993231 icapeople/bradunov/surge56.txt 163 1334757800 993576
1 3 1 1334757802 754114 icapeople/bradunov/surge73.txt 193 1334757802 755528
1 3 1 1334757804 611489 icapeople/bradunov/surge473.txt 563 1334757804 612956
1 3 1 1334757805 938214 icapeople/bradunov/surge3165.txt 10634 1334757805 938618
1 3 1 1334757807 104132 icapeople/bradunov/surge7.txt 96 1334757807 106651
1 3 1 1334757808 370495 icapeople/bradunov/surge314.txt 418 1334757808 371946
1 3 1 1334757809 930381 icapeople/bradunov/surge473.txt 563 1334757809 931775
1 3 1 1334757811 56063 icapeople/bradunov/surge193.txt 315 1334757811 58472
1 3 1 1334757811 58483 icapeople/bradunov/surge2841.txt 6617 1334757811 60896
1 3 1 1334757813 918505 icapeople/bradunov/surge699.txt 779 1334757813 921030
1 3 1 1334757815 160789 icapeople/bradunov/surge340.txt 437 1334757815 163292
1 3 2 1334757815 293570 icapeople/bradunov/surge625.txt 718 1334757815 295817
1 3 2 1334757816 314684 icapeople/bradunov/surge549.txt 648 1334757816 315089
1 3 2 1334757816 315100 icapeople/bradunov/surge3038.txt 8667 1334757816 316476
1 3 1 1334757816 415238 icapeople/bradunov/surge549.txt 648 1334757816 416893
1 3 1 1334757816 416902 icapeople/bradunov/surge3038.txt 8667 1334757816 419313
1 3 1 1334757817 460439 icapeople/bradunov/surge0.txt 75 1334757817 461914
1 3 2 1334757819 60548 icapeople/bradunov/surge1390.txt 1571 1334757819 63065
1 3 2 1334757821 98822 icapeople/bradunov/surge704.txt 787 1334757821 100427
1 3 2 1334757822 393338 icapeople/bradunov/surge679.txt 765 1334757822 394752
1 3 1 1334757823 157303 icapeople/bradunov/surge62.txt 180 1334757823 158774
1 3 2 1334757823 402440 icapeople/bradunov/surge1013.txt 1096 1334757823 404946
1 3 2 1334757824 512030 icapeople/bradunov/surge21.txt 111 1334757824 514549
1 3 2 1334757827 716353 icapeople/bradunov/surge62.txt 180 1334757827 718821
1 3 2 1334757828 757578 icapeople/bradunov/surge985.txt 1063 1334757828 758971
1 3 2 1334757832 584879 icapeople/bradunov/surge985.txt 1063 1334757832 587537
1 3 2 1334757834 20109 icapeople/bradunov/surge1767.txt 2236 1334757834 22672
1 3 2 1334757845 176539 icapeople/bradunov/surge107.txt 236 1334757845 176896
1 3 2 1334757849 490317 icapeople/bradunov/surge29.txt 132 1334757849 492967
1 3 2 1334757852 296522 icapeople/bradunov/surge0.txt 75 1334757852 297981
1 3 2 1334757853 365926 icapeople/bradunov/surge3839.txt 117924 1334757853 368443
1 3 1 1334757853 925915 icapeople/bradunov/surge3885.txt 147351 1334757853 928431
1 3 2 1334757854 756899 icapeople/bradunov/surge175.txt 299 1334757854 758374
1 3 1 1334757855 166953 icapeople/bradunov/surge221.txt 342 1334757855 168364
1 3 2 1334757856 59496 icapeople/bradunov/surge1190.txt 1306 1334757856 62199
1 3 1 1334757857 80693 icapeople/bradunov/surge736.txt 823 1334757857 82177
1 3 2 1334757857 165159 icapeople/bradunov/surge2878.txt 6935 1334757857 166555
1 3 2 1334757858 423442 icapeople/bradunov/surge221.txt 342 1334757858 424918
1 3 1 1334757858 592321 icapeople/bradunov/surge337.txt 434 1334757858 593707
1 3 1 1334757858 593717 icapeople/bradunov/surge2944.txt 7583 1334757858 596131
1 3 2 1334757859 500887 icapeople/bradunov/surge3984.txt 584129 1334757859 503444
1 3 1 1334757860 11459 icapeople/bradunov/surge1234.txt 1363 1334757860 15259
1 3 1 1334757861 382423 icapeople/bradunov/surge136.txt 263 1334757861 383903
1 3 2 1334757862 809705 icapeople/bradunov/surge14.txt 105 1334757862 813210
1 3 2 1334757864 751396 icapeople/bradunov/surge1194.txt 1311 1334757864 753925
1 3 2 1334757867 851169 icapeople/bradunov/surge2137.txt 3113 1334757867 851528
1 3 2 1334757867 851537 icapeople/bradunov/surge1396.txt 1583 1334757867 852944
1 3 1 1334757877 191525 icapeople/bradunov/surge3582.txt 34153 1334757877 192929
1 3 1 1334757878 923102 icapeople/bradunov/surge3582.txt 34153 1334757878 925768
1 3 1 1334757889 170810 icapeople/bradunov/surge2654.txt 5273 1334757889 172264
1 3 1 1334757890 248357 icapeople/bradunov/surge221.txt 342 1334757890 249758
1 3 1 1334757891 647401 icapeople/bradunov/surge0.txt 75 1334757891 648825
1 3 1 1334757893 496701 icapeople/bradunov/surge140.txt 264 1334757893 498175
1 3 1 1334757898 863866 icapeople/bradunov/surge94.txt 220 1334757898 865231
1 3 1 1334757899 917142 icapeople/bradunov/surge968.txt 1044 1334757899 921005
1 3 1 1334757901 26782 icapeople/bradunov/surge62.txt 180 1334757901 27155
1 3 1 1334757903 756579 icapeople/bradunov/surge485.txt 574 1334757903 758036
1 3 1 1334757905 35025 icapeople/bradunov/surge401.txt 500 1334757905 36463
1 3 1 1334757914 543080 icapeople/bradunov/surge2137.txt 3113 1334757914 544541
1 3 1 1334757914 544551 icapeople/bradunov/surge1396.txt 1583 1334757914 547017
1 3 0 1334757964 89501 icapeople/bradunov/surge3558.txt 31755 1334757964 93258
1 3 0 1334757967 28286 icapeople/bradunov/surge112.txt 239 1334757967 28694
1 3 0 1334757968 310879 icapeople/bradunov/surge2883.txt 6961 1334757968 313528
1 3 0 1334757969 480703 icapeople/bradunov/surge3013.txt 8296 1334757969 481059
1 3 0 1334757994 653132 icapeople/bradunov/surge90.txt 213 1334757994 655700
1 3 0 1334757995 681125 icapeople/bradunov/surge3165.txt 10634 1334757995 682594
1 3 0 1334757996 758552 icapeople/bradunov/surge1436.txt 1639 1334757996 761091
1 3 0 1334757999 785837 icapeople/bradunov/surge62.txt 180 1334757999 788387
1 3 0 1334758001 711644 icapeople/bradunov/surge825.txt 897 1334758001 713052
1 3 0 1334758004 710741 icapeople/bradunov/surge3013.txt 8296 1334758004 713313
1 3 0 1334758007 307883 icapeople/bradunov/surge3013.txt 8296 1334758007 310587
1 3 0 1334758008 739119 icapeople/bradunov/surge118.txt 243 1334758008 740520
1 3 0 1334758011 722193 icapeople/bradunov/surge3013.txt 8296 1334758011 722654
1 3 0 1334758012 775518 icapeople/bradunov/surge136.txt 263 1334758012 775956
1 3 0 1334758016 196880 icapeople/bradunov/surge1858.txt 2422 1334758016 199397
1 3 0 1334758017 242113 icapeople/bradunov/surge62.txt 180 1334758017 243513
1 3 0 1334758018 255186 icapeople/bradunov/surge3165.txt 10634 1334758018 255624
1 3 0 1334758020 462408 icapeople/bradunov/surge841.txt 913 1334758020 463878
1 3 0 1334758026 279749 icapeople/bradunov/surge804.txt 881 1334758026 281134
1 3 0 1334758028 310088 icapeople/bradunov/surge191.txt 312 1334758028 311554
1 3 0 1334758030 669938 icapeople/bradunov/surge0.txt 75 1334758030 671396
1 3 0 1334758032 32871 icapeople/bradunov/surge723.txt 809 1334758032 34310
1 3 0 1334758033 158502 icapeople/bradunov/surge2876.txt 6921 1334758033 160006
1 3 0 1334758034 650073 icapeople/bradunov/surge0.txt 75 1334758034 652750
1 3 0 1334758035 687307 icapeople/bradunov/surge3558.txt 31755 1334758035 688779
1 3 0 1334758036 845132 icapeople/bradunov/surge20.txt 111 1334758036 846531
1 3 0 1334758037 946694 icapeople/bradunov/surge0.txt 75 1334758037 949265
1 3 0 1334758045 263692 icapeople/bradunov/surge505.txt 593 1334758045 265193
1 3 0 1334758045 265204 icapeople/bradunov/surge2073.txt 2925 1334758045 267661
