1 0 0 1334758140 115471 icapeople/bradunov/surge179.txt 305 1334758140 118254
1 0 1 1334758140 167694 icapeople/bradunov/surge1788.txt 2275 1334758140 169271
1 0 2 1334758140 223992 icapeople/bradunov/surge0.txt 75 1334758140 227677
1 0 3 1334758140 280327 icapeople/bradunov/surge184.txt 307 1334758140 284035
1 0 4 1334758140 336631 icapeople/bradunov/surge2031.txt 2814 1334758140 340334
1 0 4 1334758140 340351 icapeople/bradunov/surge2124.txt 3050 1334758140 342824
1 0 0 1334758141 225288 icapeople/bradunov/surge273.txt 391 1334758141 227759
1 0 3 1334758141 322200 icapeople/bradunov/surge4.txt 88 1334758141 324682
1 0 1 1334758141 556431 icapeople/bradunov/surge175.txt 299 1334758141 557935
1 0 2 1334758142 257731 icapeople/bradunov/surge549.txt 648 1334758142 259168
1 0 2 1334758142 259177 icapeople/bradunov/surge3038.txt 8667 1334758142 260556
1 0 3 1334758144 344290 icapeople/bradunov/surge3165.txt 10634 1334758144 345768
1 0 1 1334758143 647021 icapeople/bradunov/surge2085.txt 2954 1334758144 549942
1 0 2 1334758145 196597 icapeople/bradunov/surge1155.txt 1268 1334758145 198004
1 0 3 1334758145 498222 icapeople/bradunov/surge960.txt 1038 1334758145 499648
1 0 1 1334758146 125818 icapeople/bradunov/surge136.txt 263 1334758146 127258
1 0 3 1334758147 737472 icapeople/bradunov/surge1018.txt 1100 1334758147 737795
1 0 2 1334758147 813885 icapeople/bradunov/surge3165.txt 10634 1334758147 817653
1 0 2 1334758148 968076 icapeople/bradunov/surge1915.txt 2546 1334758148 968436
1 0 3 1334758149 169112 icapeople/bradunov/surge2057.txt 2890 1334758149 169449
1 0 2 1334758150 385244 icapeople/bradunov/surge141.txt 266 1334758150 387836
1 0 3 1334758151 239148 icapeople/bradunov/surge441.txt 530 1334758151 240592
1 0 2 1334758151 456293 icapeople/bradunov/surge1879.txt 2470 1334758151 457701
1 0 3 1334758152 365107 icapeople/bradunov/surge62.txt 180 1334758152 367746
1 0 2 1334758152 558163 icapeople/bradunov/surge1063.txt 1148 1334758152 559712
1 0 2 1334758153 796478 icapeople/bradunov/surge200.txt 321 1334758153 798937
1 0 3 1334758154 909966 icapeople/bradunov/surge111.txt 238 1334758154 911394
1 0 2 1334758155 577381 icapeople/bradunov/surge1788.txt 2275 1334758155 578775
1 0 2 1334758157 698 icapeople/bradunov/surge441.txt 530 1334758157 1031
1 0 3 1334758157 667971 icapeople/bradunov/surge193.txt 315 1334758157 669431
1 0 3 1334758157 669440 icapeople/bradunov/surge2841.txt 6617 1334758157 669746
1 0 2 1334758158 110240 icapeople/bradunov/surge803.txt 878 1334758158 114043
1 0 3 1334758160 523362 icapeople/bradunov/surge619.txt 712 1334758160 526033
1 0 3 1334758162 85977 icapeople/bradunov/surge3165.txt 10634 1334758162 88524
1 0 2 1334758163 641822 icapeople/bradunov/surge2758.txt 5952 1334758163 643268
1 0 2 1334758163 643277 icapeople/bradunov/surge1209.txt 1325 1334758163 643824
1 0 3 1334758164 514233 icapeople/bradunov/surge679.txt 765 1334758164 516758
1 0 3 1334758165 523405 icapeople/bradunov/surge21.txt 111 1334758165 527227
1 0 3 1334758168 727558 icapeople/bradunov/surge1767.txt 2236 1334758168 729022
1 0 3 1334758179 884393 icapeople/bradunov/surge3582.txt 34153 1334758179 886875
1 0 3 1334758181 274496 icapeople/bradunov/surge175.txt 299 1334758181 276905
1 0 3 1334758182 577678 icapeople/bradunov/surge576.txt 671 1334758182 580206
1 0 3 1334758190 208182 icapeople/bradunov/surge758.txt 838 1334758190 209629
1 0 3 1334758192 21390 icapeople/bradunov/surge3625.txt 42720 1334758192 22799
1 0 3 1334758194 296855 icapeople/bradunov/surge3165.txt 10634 1334758194 297238
1 0 3 1334758195 510932 icapeople/bradunov/surge296.txt 404 1334758195 513393
1 0 3 1334758196 660766 icapeople/bradunov/surge35.txt 139 1334758196 662199
1 0 0 1334758199 158638 icapeople/bradunov/surge3566.txt 32364 1334758199 160103
1 0 3 1334758200 138435 icapeople/bradunov/surge1155.txt 1268 1334758200 138815
1 0 0 1334758201 344490 icapeople/bradunov/surge337.txt 434 1334758201 346982
1 0 0 1334758201 346991 icapeople/bradunov/surge2944.txt 7583 1334758201 348362
1 0 0 1334758202 433978 icapeople/bradunov/surge2011.txt 2764 1334758202 435393
1 0 3 1334758203 607840 icapeople/bradunov/surge0.txt 75 1334758203 611321
1 0 0 1334758203 660174 icapeople/bradunov/surge3688.txt 55387 1334758203 660504
1 0 3 1334758204 854236 icapeople/bradunov/surge94.txt 220 1334758204 854585
1 0 0 1334758205 730749 icapeople/bradunov/surge104.txt 235 1334758205 731073
1 0 3 1334758205 903522 icapeople/bradunov/surge250.txt 377 1334758205 904934
1 0 0 1334758207 383002 icapeople/bradunov/surge2169.txt 3233 1334758207 384437
1 0 3 1334758207 829309 icapeople/bradunov/surge17.txt 109 1334758207 831909
1 0 3 1334758209 256716 icapeople/bradunov/surge3582.txt 34153 1334758209 257078
1 0 3 1334758210 752256 icapeople/bradunov/surge15.txt 108 1334758210 753706
1 0 0 1334758212 593627 icapeople/bradunov/surge804.txt 881 1334758212 594007
1 0 3 1334758224 718962 icapeople/bradunov/surge1190.txt 1306 1334758224 719354
1 0 3 1334758226 660723 icapeople/bradunov/surge591.txt 684 1334758226 662113
1 0 3 1334758227 766346 icapeople/bradunov/surge1390.txt 1571 1334758227 768920
1 0 0 1334758229 266028 icapeople/bradunov/surge549.txt 648 1334758229 268304
1 0 0 1334758229 268315 icapeople/bradunov/surge3038.txt 8667 1334758229 269695
1 0 0 1334758230 741326 icapeople/bradunov/surge1189.txt 1304 1334758230 743844
1 0 0 1334758230 743853 icapeople/bradunov/surge3113.txt 9561 1334758230 744194
1 0 3 1334758230 789637 icapeople/bradunov/surge3558.txt 31755 1334758230 791008
1 0 3 1334758232 83656 icapeople/bradunov/surge0.txt 75 1334758232 86204
1 0 3 1334758234 182006 icapeople/bradunov/surge974.txt 1048 1334758234 184525
1 0 3 1334758236 921797 icapeople/bradunov/surge500.txt 590 1334758236 924257
1 0 3 1334758243 138893 icapeople/bradunov/surge472.txt 560 1334758243 139275
1 0 3 1334758244 799306 icapeople/bradunov/surge2549.txt 4694 1334758244 800770
1 0 3 1334758246 45650 icapeople/bradunov/surge0.txt 75 1334758246 47067
1 0 3 1334758247 239715 icapeople/bradunov/surge4.txt 88 1334758247 243211
1 0 3 1334758248 481883 icapeople/bradunov/surge2268.txt 3557 1334758248 482284
1 0 3 1334758249 986367 icapeople/bradunov/surge29.txt 132 1334758249 987748
1 0 3 1334758251 251655 icapeople/bradunov/surge136.txt 263 1334758251 254150
1 0 3 1334758255 593649 icapeople/bradunov/surge62.txt 180 1334758255 596200
1 0 3 1334758256 815752 icapeople/bradunov/surge549.txt 648 1334758256 818310
1 0 3 1334758256 818322 icapeople/bradunov/surge3038.txt 8667 1334758256 819698
1 0 3 1334758257 824831 icapeople/bradunov/surge3013.txt 8296 1334758257 827396
1 0 3 1334758258 926441 icapeople/bradunov/surge3165.txt 10634 1334758258 930169
1 0 3 1334758261 784837 icapeople/bradunov/surge73.txt 193 1334758261 787379
1 0 3 1334758262 838140 icapeople/bradunov/surge0.txt 75 1334758262 840686
1 0 3 1334758266 130821 icapeople/bradunov/surge1436.txt 1639 1334758266 132436
1 0 3 1334758272 840757 icapeople/bradunov/surge1111.txt 1206 1334758272 843310
1 0 3 1334758274 706218 icapeople/bradunov/surge2549.txt 4694 1334758274 708851
1 0 3 1334758277 532427 icapeople/bradunov/surge549.txt 648 1334758277 535108
1 0 3 1334758277 535118 icapeople/bradunov/surge3038.txt 8667 1334758277 536488
1 0 3 1334758278 605897 icapeople/bradunov/surge337.txt 434 1334758278 607314
1 0 3 1334758278 607324 icapeople/bradunov/surge2944.txt 7583 1334758278 609735
1 0 3 1334758280 254193 icapeople/bradunov/surge2105.txt 3000 1334758280 255587
1 0 3 1334758285 673564 icapeople/bradunov/surge3582.txt 34153 1334758285 675040
1 0 3 1334758287 265596 icapeople/bradunov/surge1563.txt 1884 1334758287 265987
1 0 3 1334758287 265999 icapeople/bradunov/surge2192.txt 3315 1334758287 267426
1 0 1 1334758324 181428 icapeople/bradunov/surge3165.txt 10634 1334758324 183968
1 0 1 1334758325 900894 icapeople/bradunov/surge3582.txt 34153 1334758325 903588
1 0 1 1334758326 990380 icapeople/bradunov/surge2105.txt 3000 1334758326 991844
1 0 1 1334758328 558265 icapeople/bradunov/surge950.txt 1026 1334758328 559735
1 0 1 1334758336 56200 icapeople/bradunov/surge3688.txt 55387 1334758336 58765
1 0 1 1334758337 157707 icapeople/bradunov/surge3922.txt 214496 1334758337 159197
1 0 1 1334758338 190972 icapeople/bradunov/surge3991.txt 726552 1334758338 192458
1 0 1 1334758339 461376 icapeople/bradunov/surge24.txt 120 1334758339 463921
1 0 1 1334758340 924775 icapeople/bradunov/surge481.txt 567 1334758340 927321
1 0 1 1334758342 725840 icapeople/bradunov/surge1765.txt 2231 1334758342 728328
1 0 1 1334758344 764188 icapeople/bradunov/surge549.txt 648 1334758344 766710
1 0 1 1334758344 766719 icapeople/bradunov/surge3038.txt 8667 1334758344 768087
1 0 1 1334758345 966224 icapeople/bradunov/surge3013.txt 8296 1334758345 967694
1 0 1 1334758349 299127 icapeople/bradunov/surge3165.txt 10634 1334758349 301775
1 0 1 1334758351 864079 icapeople/bradunov/surge1953.txt 2614 1334758351 865487
1 0 1 1334758353 275223 icapeople/bradunov/surge3165.txt 10634 1334758353 277793
1 0 1 1334758356 435183 icapeople/bradunov/surge62.txt 180 1334758356 436636
1 0 1 1334758358 216207 icapeople/bradunov/surge3165.txt 10634 1334758358 217698
1 0 1 1334758362 320951 icapeople/bradunov/surge1765.txt 2231 1334758362 323608
1 0 1 1334758363 703891 icapeople/bradunov/surge3582.txt 34153 1334758363 704313
1 0 1 1334758373 790947 icapeople/bradunov/surge1342.txt 1516 1334758373 793627
1 0 1 1334758378 643433 icapeople/bradunov/surge1190.txt 1306 1334758378 644945
1 0 1 1334758379 893776 icapeople/bradunov/surge3688.txt 55387 1334758379 896361
1 0 1 1334758380 939040 icapeople/bradunov/surge1845.txt 2406 1334758380 940506
1 0 1 1334758380 940517 icapeople/bradunov/surge3257.txt 13143 1334758380 942956
1 0 1 1334758382 784310 icapeople/bradunov/surge1063.txt 1148 1334758382 785825
1 0 1 1334758383 813565 icapeople/bradunov/surge0.txt 75 1334758383 815002
1 0 1 1334758385 574450 icapeople/bradunov/surge1186.txt 1302 1334758385 577953
1 0 1 1334758386 643846 icapeople/bradunov/surge2102.txt 2987 1334758386 645319
1 0 1 1334758387 809741 icapeople/bradunov/surge3165.txt 10634 1334758387 810175
1 0 1 1334758392 807019 icapeople/bradunov/surge1727.txt 2163 1334758392 809721
1 0 1 1334758392 809733 icapeople/bradunov/surge2404.txt 4023 1334758392 811103
1 0 1 1334758394 73412 icapeople/bradunov/surge549.txt 648 1334758394 75966
1 0 1 1334758394 75977 icapeople/bradunov/surge3038.txt 8667 1334758394 77348
1 0 1 1334758395 118658 icapeople/bradunov/surge0.txt 75 1334758395 120109
1 0 1 1334758397 832377 icapeople/bradunov/surge549.txt 648 1334758397 834950
1 0 1 1334758397 834960 icapeople/bradunov/surge3038.txt 8667 1334758397 836330
1 0 1 1334758400 59671 icapeople/bradunov/surge0.txt 75 1334758400 61087
1 0 1 1334758401 141091 icapeople/bradunov/surge3574.txt 32837 1334758401 143652
1 0 1 1334758402 162302 icapeople/bradunov/surge472.txt 560 1334758402 164992
1 0 1 1334758403 187487 icapeople/bradunov/surge734.txt 820 1334758403 190178
1 0 1 1334758404 252823 icapeople/bradunov/surge2739.txt 5828 1334758404 254316
1 0 1 1334758405 370497 icapeople/bradunov/surge2654.txt 5273 1334758405 373037
1 0 1 1334758407 621867 icapeople/bradunov/surge3165.txt 10634 1334758407 624554
1 0 1 1334758421 893982 icapeople/bradunov/surge1845.txt 2406 1334758421 897843
1 0 1 1334758421 897855 icapeople/bradunov/surge3257.txt 13143 1334758421 898176
1 0 1 1334758424 555449 icapeople/bradunov/surge2011.txt 2764 1334758424 556867
1 0 1 1334758425 906230 icapeople/bradunov/surge1155.txt 1268 1334758425 908789
1 0 1 1334758427 719440 icapeople/bradunov/surge3165.txt 10634 1334758427 722009
1 0 1 1334758434 103704 icapeople/bradunov/surge473.txt 563 1334758434 104149
1 0 1 1334758435 961081 icapeople/bradunov/surge1963.txt 2637 1334758435 963498
1 0 1 1334758435 963510 icapeople/bradunov/surge2050.txt 2865 1334758435 964890
1 0 1 1334758438 180354 icapeople/bradunov/surge3582.txt 34153 1334758438 181863
1 0 1 1334758439 209508 icapeople/bradunov/surge0.txt 75 1334758439 213344
1 0 4 1334758440 362184 icapeople/bradunov/surge3708.txt 61095 1334758440 362184
1 1 0 1334758141 116409 icapeople/bradunov/surge120.txt 244 1334758141 121338
1 1 1 1334758141 172321 icapeople/bradunov/surge441.txt 530 1334758141 174962
1 1 2 1334758141 228617 icapeople/bradunov/surge127.txt 250 1334758141 233372
1 1 3 1334758141 284929 icapeople/bradunov/surge0.txt 75 1334758141 287575
1 1 4 1334758141 341233 icapeople/bradunov/surge315.txt 418 1334758141 346001
1 1 2 1334758142 354383 icapeople/bradunov/surge1638.txt 2012 1334758142 354811
1 1 1 1334758142 555497 icapeople/bradunov/surge473.txt 563 1334758142 555920
1 1 3 1334758142 450899 icapeople/bradunov/surge549.txt 648 1334758143 538510
1 1 4 1334758142 869178 icapeople/bradunov/surge549.txt 648 1334758143 539220
1 1 4 1334758143 539229 icapeople/bradunov/surge3038.txt 8667 1334758143 540964
1 1 3 1334758143 538527 icapeople/bradunov/surge3038.txt 8667 1334758143 540973
1 1 1 1334758144 348348 icapeople/bradunov/surge340.txt 437 1334758144 349745
1 1 2 1334758145 373572 icapeople/bradunov/surge179.txt 305 1334758145 374965
1 1 1 1334758145 506296 icapeople/bradunov/surge3707.txt 59875 1334758145 507677
1 1 4 1334758146 85374 icapeople/bradunov/surge549.txt 648 1334758146 86834
1 1 4 1334758146 86846 icapeople/bradunov/surge3038.txt 8667 1334758146 89285
1 1 3 1334758146 246893 icapeople/bradunov/surge3165.txt 10634 1334758146 248315
1 1 2 1334758146 472870 icapeople/bradunov/surge54.txt 162 1334758146 474250
1 1 0 1334758146 585513 icapeople/bradunov/surge73.txt 193 1334758146 587995
1 1 1 1334758147 785716 icapeople/bradunov/surge1879.txt 2470 1334758147 787138
1 1 0 1334758147 854143 icapeople/bradunov/surge619.txt 712 1334758147 854468
1 1 3 1334758147 962734 icapeople/bradunov/surge29.txt 132 1334758147 963056
1 1 2 1334758148 55221 icapeople/bradunov/surge3759.txt 76223 1334758148 56672
1 1 4 1334758148 204002 icapeople/bradunov/surge3165.txt 10634 1334758148 207832
1 1 3 1334758149 181145 icapeople/bradunov/surge1155.txt 1268 1334758149 183555
1 1 4 1334758149 398149 icapeople/bradunov/surge136.txt 263 1334758149 400653
1 1 0 1334758149 595248 icapeople/bradunov/surge1915.txt 2546 1334758149 597760
1 1 2 1334758149 631490 icapeople/bradunov/surge3165.txt 10634 1334758149 633948
1 1 1 1334758150 349019 icapeople/bradunov/surge3644.txt 46920 1334758150 351652
1 1 4 1334758150 780606 icapeople/bradunov/surge84.txt 206 1334758150 783085
1 1 3 1334758150 933438 icapeople/bradunov/surge539.txt 636 1334758150 934873
1 1 2 1334758150 989783 icapeople/bradunov/surge697.txt 777 1334758150 992251
1 1 1 1334758151 838161 icapeople/bradunov/surge549.txt 648 1334758151 841954
1 1 1 1334758151 841963 icapeople/bradunov/surge3038.txt 8667 1334758151 842280
1 1 4 1334758151 987026 icapeople/bradunov/surge485.txt 574 1334758151 989665
1 1 2 1334758152 533981 icapeople/bradunov/surge549.txt 648 1334758152 536636
1 1 2 1334758152 536646 icapeople/bradunov/surge3038.txt 8667 1334758152 538017
1 1 4 1334758153 16557 icapeople/bradunov/surge499.txt 590 1334758153 17989
1 1 3 1334758153 221434 icapeople/bradunov/surge56.txt 163 1334758153 223840
1 1 0 1334758153 326005 icapeople/bradunov/surge28.txt 128 1334758153 327379
1 1 1 1334758153 691908 icapeople/bradunov/surge652.txt 737 1334758153 692303
1 1 2 1334758153 856823 icapeople/bradunov/surge0.txt 75 1334758153 859295
1 1 0 1334758154 371345 icapeople/bradunov/surge141.txt 266 1334758154 372947
1 1 3 1334758154 982373 icapeople/bradunov/surge441.txt 530 1334758154 982737
1 1 4 1334758155 951251 icapeople/bradunov/surge0.txt 75 1334758155 953741
1 1 2 1334758156 445729 icapeople/bradunov/surge906.txt 981 1334758156 447176
1 1 1 1334758156 711112 icapeople/bradunov/surge1018.txt 1100 1334758156 711491
1 1 3 1334758156 831783 icapeople/bradunov/surge314.txt 418 1334758156 832123
1 1 0 1334758157 193514 icapeople/bradunov/surge76.txt 196 1334758157 194957
1 1 1 1334758158 1595 icapeople/bradunov/surge107.txt 236 1334758158 3009
1 1 3 1334758158 387716 icapeople/bradunov/surge0.txt 75 1334758158 389282
1 1 1 1334758159 46903 icapeople/bradunov/surge704.txt 787 1334758159 49423
1 1 0 1334758159 838935 icapeople/bradunov/surge549.txt 648 1334758159 840332
1 1 0 1334758159 840342 icapeople/bradunov/surge3038.txt 8667 1334758159 842757
1 1 1 1334758160 693106 icapeople/bradunov/surge1767.txt 2236 1334758160 695717
1 1 2 1334758161 864898 icapeople/bradunov/surge1063.txt 1148 1334758161 866292
1 1 0 1334758162 367449 icapeople/bradunov/surge221.txt 342 1334758162 370075
1 1 4 1334758162 825702 icapeople/bradunov/surge1390.txt 1571 1334758162 827080
1 1 1 1334758163 702228 icapeople/bradunov/surge704.txt 787 1334758163 704692
1 1 4 1334758164 860062 icapeople/bradunov/surge62.txt 180 1334758164 860421
1 1 1 1334758164 996774 icapeople/bradunov/surge1013.txt 1096 1334758164 997134
1 1 1 1334758166 102285 icapeople/bradunov/surge0.txt 75 1334758166 103732
1 1 0 1334758166 287259 icapeople/bradunov/surge1155.txt 1268 1334758166 289748
1 1 3 1334758166 484255 icapeople/bradunov/surge473.txt 563 1334758166 485688
1 1 1 1334758167 292341 icapeople/bradunov/surge25.txt 123 1334758167 293344
1 1 0 1334758167 469256 icapeople/bradunov/surge985.txt 1063 1334758167 471756
1 1 3 1334758167 597804 icapeople/bradunov/surge2.txt 80 1334758167 598140
1 1 3 1334758169 977848 icapeople/bradunov/surge1186.txt 1302 1334758169 981629
1 1 0 1334758171 296618 icapeople/bradunov/surge786.txt 865 1334758171 298198
1 1 3 1334758172 301732 icapeople/bradunov/surge591.txt 684 1334758172 304227
1 1 0 1334758174 496790 icapeople/bradunov/surge104.txt 235 1334758174 497141
1 1 2 1334758174 782152 icapeople/bradunov/surge0.txt 75 1334758174 782512
1 1 1 1334758175 541995 icapeople/bradunov/surge1409.txt 1595 1334758175 542388
1 1 3 1334758175 795343 icapeople/bradunov/surge3165.txt 10634 1334758175 796962
1 1 0 1334758175 980318 icapeople/bradunov/surge3165.txt 10634 1334758175 981887
1 1 2 1334758176 189497 icapeople/bradunov/surge26.txt 125 1334758176 193275
1 1 1 1334758176 989663 icapeople/bradunov/surge192.txt 314 1334758176 991228
1 1 0 1334758177 359586 icapeople/bradunov/surge3582.txt 34153 1334758177 362081
1 1 2 1334758177 460114 icapeople/bradunov/surge426.txt 516 1334758177 461537
1 1 0 1334758178 457097 icapeople/bradunov/surge3665.txt 50755 1334758178 457457
1 1 1 1334758178 545562 icapeople/bradunov/surge73.txt 193 1334758178 546993
1 1 2 1334758178 738522 icapeople/bradunov/surge549.txt 648 1334758178 738866
1 1 2 1334758178 738875 icapeople/bradunov/surge3038.txt 8667 1334758178 740247
1 1 3 1334758178 867087 icapeople/bradunov/surge873.txt 946 1334758178 868498
1 1 2 1334758180 794768 icapeople/bradunov/surge3885.txt 147351 1334758180 795091
1 1 2 1334758182 30802 icapeople/bradunov/surge221.txt 342 1334758182 33457
1 1 3 1334758182 276132 icapeople/bradunov/surge1234.txt 1363 1334758182 277547
1 1 2 1334758183 522394 icapeople/bradunov/surge221.txt 342 1334758183 523786
1 1 3 1334758183 759614 icapeople/bradunov/surge20.txt 111 1334758183 761033
1 1 2 1334758184 595781 icapeople/bradunov/surge1234.txt 1363 1334758184 596168
1 1 1 1334758184 619942 icapeople/bradunov/surge1566.txt 1887 1334758184 621342
1 1 3 1334758185 222923 icapeople/bradunov/surge1679.txt 2080 1334758185 225569
1 1 2 1334758185 962651 icapeople/bradunov/surge6.txt 94 1334758185 965139
1 1 3 1334758186 875327 icapeople/bradunov/surge221.txt 342 1334758186 877790
1 1 3 1334758188 206107 icapeople/bradunov/surge448.txt 538 1334758188 208737
1 1 2 1334758188 893572 icapeople/bradunov/surge820.txt 895 1334758188 893905
1 1 2 1334758189 970919 icapeople/bradunov/surge670.txt 758 1334758189 971255
1 1 2 1334758191 92679 icapeople/bradunov/surge3582.txt 34153 1334758191 96441
1 1 1 1334758191 876602 icapeople/bradunov/surge734.txt 820 1334758191 877998
1 1 2 1334758192 451481 icapeople/bradunov/surge3582.txt 34153 1334758192 452937
1 1 2 1334758193 938983 icapeople/bradunov/surge3582.txt 34153 1334758193 940447
1 1 1 1334758194 799333 icapeople/bradunov/surge136.txt 263 1334758194 800737
1 1 4 1334758195 623512 icapeople/bradunov/surge3582.txt 34153 1334758195 627223
1 1 2 1334758195 667785 icapeople/bradunov/surge62.txt 180 1334758195 668129
1 1 0 1334758195 808642 icapeople/bradunov/surge2049.txt 2860 1334758195 810913
1 1 4 1334758196 974392 icapeople/bradunov/surge184.txt 307 1334758196 976895
1 1 0 1334758197 78970 icapeople/bradunov/surge347.txt 442 1334758197 80377
1 1 2 1334758197 143165 icapeople/bradunov/surge539.txt 636 1334758197 145645
1 1 3 1334758197 219550 icapeople/bradunov/surge26.txt 125 1334758197 219893
1 1 0 1334758198 188493 icapeople/bradunov/surge0.txt 75 1334758198 191052
1 1 2 1334758198 393569 icapeople/bradunov/surge441.txt 530 1334758198 395159
1 1 1 1334758198 393589 icapeople/bradunov/surge448.txt 538 1334758198 395175
1 1 4 1334758198 843784 icapeople/bradunov/surge697.txt 777 1334758198 845238
1 1 0 1334758199 680033 icapeople/bradunov/surge2654.txt 5273 1334758199 681493
1 1 2 1334758199 728296 icapeople/bradunov/surge221.txt 342 1334758199 730758
1 1 1 1334758199 736357 icapeople/bradunov/surge69.txt 187 1334758199 737744
1 1 4 1334758200 303163 icapeople/bradunov/surge2216.txt 3385 1334758200 304587
1 1 1 1334758200 745461 icapeople/bradunov/surge121.txt 245 1334758200 746860
1 1 0 1334758200 753521 icapeople/bradunov/surge2668.txt 5368 1334758200 755996
1 1 2 1334758200 773652 icapeople/bradunov/surge539.txt 636 1334758200 775259
1 1 3 1334758201 211749 icapeople/bradunov/surge786.txt 865 1334758201 214156
1 1 4 1334758201 428957 icapeople/bradunov/surge0.txt 75 1334758201 431432
1 1 1 1334758202 526455 icapeople/bradunov/surge1555.txt 1870 1334758202 527904
1 1 4 1334758203 274209 icapeople/bradunov/surge677.txt 764 1334758203 274616
1 1 1 1334758203 627975 icapeople/bradunov/surge332.txt 430 1334758203 629381
1 1 0 1334758204 17969 icapeople/bradunov/surge250.txt 377 1334758204 19396
1 1 3 1334758204 26007 icapeople/bradunov/surge62.txt 180 1334758204 26329
1 1 2 1334758204 174800 icapeople/bradunov/surge81.txt 202 1334758204 176244
1 1 4 1334758205 461298 icapeople/bradunov/surge968.txt 1044 1334758205 462717
1 1 0 1334758205 750870 icapeople/bradunov/surge3165.txt 10634 1334758205 752263
1 1 4 1334758206 570917 icapeople/bradunov/surge552.txt 652 1334758206 572347
1 1 0 1334758207 161868 icapeople/bradunov/surge715.txt 800 1334758207 162268
1 1 2 1334758208 263686 icapeople/bradunov/surge448.txt 538 1334758208 265067
1 1 1 1334758208 464753 icapeople/bradunov/surge24.txt 120 1334758208 465100
1 1 4 1334758209 385419 icapeople/bradunov/surge3302.txt 15138 1334758209 387034
1 1 2 1334758209 518119 icapeople/bradunov/surge373.txt 472 1334758209 520614
1 1 1 1334758209 739278 icapeople/bradunov/surge259.txt 381 1334758209 740727
1 1 0 1334758210 414652 icapeople/bradunov/surge677.txt 764 1334758210 417142
1 1 1 1334758210 925172 icapeople/bradunov/surge0.txt 75 1334758210 926577
1 1 2 1334758210 997578 icapeople/bradunov/surge2105.txt 3000 1334758211 60
1 1 4 1334758211 73987 icapeople/bradunov/surge136.txt 263 1334758211 75415
1 1 0 1334758211 459987 icapeople/bradunov/surge2137.txt 3113 1334758211 461381
1 1 0 1334758211 461391 icapeople/bradunov/surge1396.txt 1583 1334758211 463802
1 1 2 1334758212 58967 icapeople/bradunov/surge395.txt 495 1334758212 60382
1 1 4 1334758212 272053 icapeople/bradunov/surge401.txt 500 1334758212 273445
1 1 4 1334758213 325286 icapeople/bradunov/surge294.txt 404 1334758213 327779
1 1 3 1334758214 141434 icapeople/bradunov/surge3013.txt 8296 1334758214 141821
1 1 4 1334758214 704238 icapeople/bradunov/surge3013.txt 8296 1334758214 706773
1 1 1 1334758215 25926 icapeople/bradunov/surge804.txt 881 1334758215 27330
1 1 3 1334758215 588770 icapeople/bradunov/surge736.txt 823 1334758215 590163
1 1 2 1334758215 958781 icapeople/bradunov/surge0.txt 75 1334758215 961282
1 1 4 1334758216 96001 icapeople/bradunov/surge448.txt 538 1334758216 98490
1 1 3 1334758217 212245 icapeople/bradunov/surge327.txt 427 1334758217 213639
1 1 2 1334758217 980518 icapeople/bradunov/surge3013.txt 8296 1334758217 983236
1 1 3 1334758218 306319 icapeople/bradunov/surge12.txt 104 1334758218 306647
1 1 4 1334758218 354582 icapeople/bradunov/surge804.txt 881 1334758218 355988
1 1 4 1334758219 412070 icapeople/bradunov/surge314.txt 418 1334758219 413496
1 1 3 1334758219 540677 icapeople/bradunov/surge1712.txt 2142 1334758219 541038
1 1 1 1334758220 260349 icapeople/bradunov/surge136.txt 263 1334758220 264175
1 1 4 1334758220 698696 icapeople/bradunov/surge2011.txt 2764 1334758220 700095
1 1 1 1334758221 273475 icapeople/bradunov/surge401.txt 500 1334758221 274865
1 1 4 1334758222 37414 icapeople/bradunov/surge707.txt 789 1334758222 40004
1 1 1 1334758222 608351 icapeople/bradunov/surge121.txt 245 1334758222 609817
1 1 2 1334758224 3332 icapeople/bradunov/surge62.txt 180 1334758224 4723
1 1 3 1334758224 799387 icapeople/bradunov/surge221.txt 342 1334758224 800803
1 1 4 1334758225 486829 icapeople/bradunov/surge651.txt 735 1334758225 489502
1 1 2 1334758226 536228 icapeople/bradunov/surge3558.txt 31755 1334758226 536554
1 1 4 1334758226 885855 icapeople/bradunov/surge4.txt 88 1334758226 888343
1 1 1 1334758227 38651 icapeople/bradunov/surge1.txt 77 1334758227 38994
1 1 1 1334758228 638786 icapeople/bradunov/surge179.txt 305 1334758228 642609
1 1 2 1334758228 691068 icapeople/bradunov/surge136.txt 263 1334758228 694838
1 1 4 1334758228 731305 icapeople/bradunov/surge112.txt 239 1334758228 731635
1 1 4 1334758230 13649 icapeople/bradunov/surge1215.txt 1330 1334758230 15067
1 1 3 1334758231 340459 icapeople/bradunov/surge1566.txt 1887 1334758231 342994
1 1 1 1334758231 553479 icapeople/bradunov/surge702.txt 782 1334758231 557278
1 1 1 1334758231 557293 icapeople/bradunov/surge468.txt 557 1334758231 557617
1 1 2 1334758232 717402 icapeople/bradunov/surge0.txt 75 1334758232 719928
1 1 2 1334758233 758324 icapeople/bradunov/surge549.txt 648 1334758233 762107
1 1 2 1334758233 762117 icapeople/bradunov/surge3038.txt 8667 1334758233 762432
1 1 3 1334758233 806695 icapeople/bradunov/surge0.txt 75 1334758233 809171
1 1 3 1334758234 868875 icapeople/bradunov/surge90.txt 213 1334758234 871535
1 1 2 1334758234 880982 icapeople/bradunov/surge3165.txt 10634 1334758234 882378
1 1 3 1334758235 896575 icapeople/bradunov/surge17.txt 109 1334758235 897989
1 1 2 1334758235 960919 icapeople/bradunov/surge162.txt 288 1334758235 963377
1 1 3 1334758236 990243 icapeople/bradunov/surge825.txt 897 1334758236 991629
1 1 2 1334758238 364399 icapeople/bradunov/surge3013.txt 8296 1334758238 366972
1 1 3 1334758239 989450 icapeople/bradunov/surge3013.txt 8296 1334758239 990886
1 1 2 1334758240 963317 icapeople/bradunov/surge136.txt 263 1334758240 966001
1 1 3 1334758242 933813 icapeople/bradunov/surge62.txt 180 1334758242 936273
1 1 4 1334758243 351990 icapeople/bradunov/surge3165.txt 10634 1334758243 353435
1 1 3 1334758243 951037 icapeople/bradunov/surge841.txt 913 1334758243 953491
1 1 2 1334758244 389328 icapeople/bradunov/surge3013.txt 8296 1334758244 391977
1 1 4 1334758245 559168 icapeople/bradunov/surge3165.txt 10634 1334758245 560627
1 1 2 1334758245 591369 icapeople/bradunov/surge549.txt 648 1334758245 593847
1 1 2 1334758245 593856 icapeople/bradunov/surge3038.txt 8667 1334758245 595223
1 1 4 1334758246 982333 icapeople/bradunov/surge191.txt 312 1334758246 983761
1 1 2 1334758248 879915 icapeople/bradunov/surge0.txt 75 1334758248 881371
1 1 4 1334758249 338232 icapeople/bradunov/surge700.txt 781 1334758249 339646
1 1 4 1334758249 339655 icapeople/bradunov/surge339.txt 436 1334758249 342114
1 1 3 1334758249 769075 icapeople/bradunov/surge2876.txt 6921 1334758249 770524
1 1 2 1334758250 240458 icapeople/bradunov/surge0.txt 75 1334758250 243950
1 1 4 1334758251 207394 icapeople/bradunov/surge3558.txt 31755 1334758251 208838
1 1 3 1334758251 255675 icapeople/bradunov/surge314.txt 418 1334758251 257065
1 1 2 1334758251 271787 icapeople/bradunov/surge20.txt 111 1334758251 273184
1 1 4 1334758252 365357 icapeople/bradunov/surge0.txt 75 1334758252 366742
1 1 2 1334758252 369388 icapeople/bradunov/surge505.txt 593 1334758252 371845
1 1 2 1334758252 371854 icapeople/bradunov/surge2073.txt 2925 1334758252 372171
1 1 4 1334758254 837709 icapeople/bradunov/surge0.txt 75 1334758254 839195
1 1 3 1334758260 397954 icapeople/bradunov/surge1215.txt 1330 1334758260 400363
1 1 4 1334758261 808986 icapeople/bradunov/surge0.txt 75 1334758261 811582
1 1 4 1334758263 191976 icapeople/bradunov/surge550.txt 650 1334758263 193436
1 1 3 1334758263 887467 icapeople/bradunov/surge0.txt 75 1334758263 888890
1 1 4 1334758264 209157 icapeople/bradunov/surge0.txt 75 1334758264 211670
1 1 4 1334758265 817337 icapeople/bradunov/surge3519.txt 28017 1334758265 818910
1 1 3 1334758267 413279 icapeople/bradunov/surge3165.txt 10634 1334758267 415812
1 1 4 1334758268 534934 icapeople/bradunov/surge3165.txt 10634 1334758268 536325
1 1 3 1334758269 644637 icapeople/bradunov/surge179.txt 305 1334758269 646034
1 1 3 1334758270 931040 icapeople/bradunov/surge1234.txt 1363 1334758270 933569
1 1 4 1334758271 59771 icapeople/bradunov/surge3165.txt 10634 1334758271 62231
1 1 3 1334758272 675883 icapeople/bradunov/surge3582.txt 34153 1334758272 677376
1 1 3 1334758273 809596 icapeople/bradunov/surge73.txt 193 1334758273 811077
1 1 4 1334758275 538398 icapeople/bradunov/surge3302.txt 15138 1334758275 539870
1 1 3 1334758275 570582 icapeople/bradunov/surge591.txt 684 1334758275 573046
1 1 3 1334758276 881157 icapeople/bradunov/surge4.txt 88 1334758276 882559
1 1 4 1334758277 62113 icapeople/bradunov/surge395.txt 495 1334758277 65874
1 1 3 1334758278 155594 icapeople/bradunov/surge0.txt 75 1334758278 157037
1 1 4 1334758278 975698 icapeople/bradunov/surge3235.txt 12564 1334758278 977147
1 1 4 1334758278 977157 icapeople/bradunov/surge3416.txt 20667 1334758278 979595
1 1 3 1334758279 405944 icapeople/bradunov/surge136.txt 263 1334758279 408594
1 1 3 1334758280 800928 icapeople/bradunov/surge448.txt 538 1334758280 803497
1 1 4 1334758281 609073 icapeople/bradunov/surge3881.txt 144861 1334758281 610556
1 1 3 1334758281 978963 icapeople/bradunov/surge3165.txt 10634 1334758281 981454
1 1 4 1334758283 80484 icapeople/bradunov/surge3165.txt 10634 1334758283 83169
1 1 3 1334758283 796079 icapeople/bradunov/surge473.txt 563 1334758283 798751
1 1 4 1334758285 78540 icapeople/bradunov/surge3582.txt 34153 1334758285 80021
1 1 3 1334758285 167003 icapeople/bradunov/surge591.txt 684 1334758285 169506
1 1 3 1334758286 614333 icapeople/bradunov/surge3902.txt 170853 1334758286 615738
1 1 4 1334758286 763120 icapeople/bradunov/surge0.txt 75 1334758286 766876
1 1 4 1334758288 113944 icapeople/bradunov/surge395.txt 495 1334758288 116440
1 1 3 1334758288 258695 icapeople/bradunov/surge62.txt 180 1334758288 260123
1 1 4 1334758289 549163 icapeople/bradunov/surge3943.txt 278313 1334758289 551736
1 1 3 1334758289 890909 icapeople/bradunov/surge3582.txt 34153 1334758289 892307
1 1 4 1334758290 602511 icapeople/bradunov/surge221.txt 342 1334758290 605045
1 1 3 1334758291 169343 icapeople/bradunov/surge3165.txt 10634 1334758291 170729
1 1 3 1334758292 327210 icapeople/bradunov/surge3654.txt 48952 1334758292 327620
1 1 3 1334758293 979522 icapeople/bradunov/surge337.txt 434 1334758293 980977
1 1 3 1334758293 980986 icapeople/bradunov/surge2944.txt 7583 1334758293 981293
1 1 3 1334758295 575573 icapeople/bradunov/surge488.txt 577 1334758295 577050
1 1 3 1334758300 729653 icapeople/bradunov/surge2523.txt 4564 1334758300 732185
1 1 3 1334758300 732194 icapeople/bradunov/surge2486.txt 4434 1334758300 733626
1 1 4 1334758306 475905 icapeople/bradunov/surge266.txt 387 1334758306 478478
1 1 4 1334758308 26514 icapeople/bradunov/surge221.txt 342 1334758308 28023
1 1 4 1334758309 747191 icapeople/bradunov/surge382.txt 485 1334758309 749747
1 1 4 1334758311 110082 icapeople/bradunov/surge2592.txt 4891 1334758311 112604
1 1 4 1334758313 349426 icapeople/bradunov/surge549.txt 648 1334758313 350939
1 1 4 1334758313 350951 icapeople/bradunov/surge3038.txt 8667 1334758313 353391
1 1 4 1334758314 511302 icapeople/bradunov/surge3013.txt 8296 1334758314 513828
1 1 4 1334758315 600768 icapeople/bradunov/surge62.txt 180 1334758315 602249
1 1 4 1334758316 782796 icapeople/bradunov/surge3165.txt 10634 1334758316 785458
1 1 4 1334758317 860231 icapeople/bradunov/surge3625.txt 42720 1334758317 862791
1 1 4 1334758318 889433 icapeople/bradunov/surge3980.txt 535284 1334758318 890920
1 1 4 1334758319 926661 icapeople/bradunov/surge2141.txt 3137 1334758319 928148
1 1 4 1334758321 108699 icapeople/bradunov/surge29.txt 132 1334758321 110153
1 1 4 1334758323 721831 icapeople/bradunov/surge1390.txt 1571 1334758323 724416
1 1 4 1334758327 770281 icapeople/bradunov/surge3849.txt 125802 1334758327 772853
1 1 4 1334758328 839717 icapeople/bradunov/surge3582.txt 34153 1334758328 841114
1 1 4 1334758330 681021 icapeople/bradunov/surge1155.txt 1268 1334758330 682512
1 1 4 1334758333 374648 icapeople/bradunov/surge3165.txt 10634 1334758333 377061
1 1 4 1334758337 913563 icapeople/bradunov/surge1048.txt 1135 1334758337 916141
1 1 4 1334758339 573911 icapeople/bradunov/surge2323.txt 3737 1334758339 576568
1 1 4 1334758341 190078 icapeople/bradunov/surge3582.txt 34153 1334758341 191540
1 1 4 1334758342 999272 icapeople/bradunov/surge860.txt 935 1334758343 1938
1 1 4 1334758349 5635 icapeople/bradunov/surge549.txt 648 1334758349 6067
1 1 4 1334758349 6079 icapeople/bradunov/surge3038.txt 8667 1334758349 7460
1 1 4 1334758350 633888 icapeople/bradunov/surge85.txt 209 1334758350 635378
1 1 4 1334758355 992996 icapeople/bradunov/surge1712.txt 2142 1334758355 995697
1 1 4 1334758357 605099 icapeople/bradunov/surge2043.txt 2844 1334758357 607663
1 1 4 1334758358 907689 icapeople/bradunov/surge1343.txt 1517 1334758358 910229
1 1 4 1334758360 326820 icapeople/bradunov/surge73.txt 193 1334758360 329368
1 1 4 1334758361 480682 icapeople/bradunov/surge2085.txt 2954 1334758361 483378
1 1 4 1334758363 24500 icapeople/bradunov/surge1063.txt 1148 1334758363 26003
1 1 4 1334758364 612487 icapeople/bradunov/surge804.txt 881 1334758364 613953
1 1 4 1334758365 907022 icapeople/bradunov/surge3582.txt 34153 1334758365 909714
1 1 4 1334758366 948327 icapeople/bradunov/surge411.txt 507 1334758366 950999
1 1 4 1334758366 951011 icapeople/bradunov/surge2486.txt 4434 1334758366 952389
1 1 4 1334758368 287048 icapeople/bradunov/surge1727.txt 2163 1334758368 289662
1 1 4 1334758368 289674 icapeople/bradunov/surge2404.txt 4023 1334758368 291052
1 1 4 1334758369 629877 icapeople/bradunov/surge1137.txt 1242 1334758369 632438
1 1 4 1334758370 936454 icapeople/bradunov/surge3582.txt 34153 1334758370 939132
1 1 4 1334758373 203888 icapeople/bradunov/surge2464.txt 4316 1334758373 205422
1 1 4 1334758373 205434 icapeople/bradunov/surge1574.txt 1906 1334758373 207882
1 1 4 1334758390 833158 icapeople/bradunov/surge94.txt 220 1334758390 835408
1 1 4 1334758391 902415 icapeople/bradunov/surge3582.txt 34153 1334758391 903897
1 1 4 1334758394 374996 icapeople/bradunov/surge3654.txt 48952 1334758394 377510
1 1 4 1334758397 313770 icapeople/bradunov/surge999.txt 1080 1334758397 316344
1 1 4 1334758397 316356 icapeople/bradunov/surge2818.txt 6414 1334758397 317748
1 2 0 1334758142 121827 icapeople/bradunov/surge294.txt 404 1334758142 127240
1 2 1 1334758142 177336 icapeople/bradunov/surge266.txt 387 1334758142 451300
1 2 2 1334758142 233639 icapeople/bradunov/surge786.txt 865 1334758142 533394
1 2 3 1334758142 289946 icapeople/bradunov/surge6.txt 94 1334758142 536251
1 2 4 1334758142 346251 icapeople/bradunov/surge200.txt 321 1334758142 870753
1 2 3 1334758143 667154 icapeople/bradunov/surge29.txt 132 1334758143 667512
1 2 4 1334758144 674035 icapeople/bradunov/surge74.txt 195 1334758144 676309
1 2 3 1334758145 132399 icapeople/bradunov/surge40.txt 145 1334758145 134948
1 2 1 1334758145 365508 icapeople/bradunov/surge549.txt 648 1334758145 366925
1 2 1 1334758145 366939 icapeople/bradunov/surge3038.txt 8667 1334758145 369383
1 2 4 1334758145 775734 icapeople/bradunov/surge2057.txt 2890 1334758145 778829
1 2 2 1334758146 93462 icapeople/bradunov/surge4.txt 88 1334758146 97739
1 2 0 1334758146 335807 icapeople/bradunov/surge1858.txt 2422 1334758146 338299
1 2 1 1334758146 783447 icapeople/bradunov/surge3165.txt 10634 1334758146 786051
1 2 3 1334758147 101422 icapeople/bradunov/surge337.txt 434 1334758147 104082
1 2 3 1334758147 104094 icapeople/bradunov/surge2944.txt 7583 1334758147 105466
1 2 4 1334758147 109512 icapeople/bradunov/surge233.txt 357 1334758147 110918
1 2 0 1334758147 419834 icapeople/bradunov/surge3165.txt 10634 1334758147 422485
1 2 2 1334758147 701235 icapeople/bradunov/surge62.txt 180 1334758147 702672
1 2 4 1334758148 457344 icapeople/bradunov/surge873.txt 946 1334758148 457708
1 2 1 1334758148 831364 icapeople/bradunov/surge332.txt 430 1334758148 832788
1 2 3 1334758149 124891 icapeople/bradunov/surge136.txt 263 1334758149 126329
1 2 2 1334758149 474596 icapeople/bradunov/surge102.txt 231 1334758149 477060
1 2 4 1334758149 607348 icapeople/bradunov/surge3165.txt 10634 1334758149 608743
1 2 3 1334758150 570746 icapeople/bradunov/surge62.txt 180 1334758150 573391
1 2 2 1334758150 655590 icapeople/bradunov/surge96.txt 221 1334758150 656999
1 2 4 1334758151 906588 icapeople/bradunov/surge0.txt 75 1334758151 909192
1 2 1 1334758152 31342 icapeople/bradunov/surge0.txt 75 1334758152 33949
1 2 1 1334758153 744200 icapeople/bradunov/surge1788.txt 2275 1334758153 745783
1 2 4 1334758154 109944 icapeople/bradunov/surge73.txt 193 1334758154 111390
1 2 2 1334758154 218530 icapeople/bradunov/surge0.txt 75 1334758154 221011
1 2 1 1334758154 982379 icapeople/bradunov/surge123.txt 247 1334758154 984105
1 2 4 1334758155 963332 icapeople/bradunov/surge7.txt 96 1334758155 964721
1 2 4 1334758157 225679 icapeople/bradunov/surge473.txt 563 1334758157 229449
1 2 1 1334758157 873048 icapeople/bradunov/surge0.txt 75 1334758157 875578
1 2 4 1334758158 351507 icapeople/bradunov/surge697.txt 777 1334758158 351895
1 2 0 1334758159 372571 icapeople/bradunov/surge699.txt 779 1334758159 374007
1 2 1 1334758159 983718 icapeople/bradunov/surge679.txt 765 1334758159 985129
1 2 0 1334758160 612273 icapeople/bradunov/surge625.txt 718 1334758160 614913
1 2 4 1334758160 753464 icapeople/bradunov/surge549.txt 648 1334758160 754862
1 2 4 1334758160 754872 icapeople/bradunov/surge3038.txt 8667 1334758160 757305
1 2 2 1334758160 813788 icapeople/bradunov/surge549.txt 648 1334758160 815199
1 2 2 1334758160 815207 icapeople/bradunov/surge3038.txt 8667 1334758160 817717
1 2 0 1334758161 635698 icapeople/bradunov/surge83.txt 204 1334758161 638200
1 2 2 1334758161 856845 icapeople/bradunov/surge0.txt 75 1334758161 859473
1 2 0 1334758162 673031 icapeople/bradunov/surge549.txt 648 1334758162 675668
1 2 0 1334758162 675678 icapeople/bradunov/surge3038.txt 8667 1334758162 677048
1 2 4 1334758163 501151 icapeople/bradunov/surge114.txt 240 1334758163 501547
1 2 1 1334758163 674035 icapeople/bradunov/surge289.txt 402 1334758163 677521
1 2 0 1334758164 562538 icapeople/bradunov/surge113.txt 240 1334758164 563938
1 2 1 1334758165 559620 icapeople/bradunov/surge340.txt 437 1334758165 559958
1 2 0 1334758165 732534 icapeople/bradunov/surge3759.txt 76223 1334758165 735024
1 2 1 1334758166 753536 icapeople/bradunov/surge292.txt 403 1334758166 756050
1 2 4 1334758167 537601 icapeople/bradunov/surge734.txt 820 1334758167 537959
1 2 2 1334758167 553623 icapeople/bradunov/surge488.txt 577 1334758167 555033
1 2 0 1334758169 407022 icapeople/bradunov/surge3165.txt 10634 1334758169 410776
1 2 0 1334758170 424198 icapeople/bradunov/surge31.txt 133 1334758170 424570
1 2 3 1334758170 468566 icapeople/bradunov/surge0.txt 75 1334758170 470866
1 2 4 1334758171 127734 icapeople/bradunov/surge2216.txt 3385 1334758171 128095
1 2 3 1334758171 774987 icapeople/bradunov/surge0.txt 75 1334758171 777468
1 2 0 1334758171 787067 icapeople/bradunov/surge0.txt 75 1334758171 788453
1 2 4 1334758172 804183 icapeople/bradunov/surge3165.txt 10634 1334758172 806867
1 2 2 1334758172 812252 icapeople/bradunov/surge0.txt 75 1334758172 813651
1 2 2 1334758173 990150 icapeople/bradunov/surge425.txt 515 1334758173 991625
1 2 4 1334758174 930945 icapeople/bradunov/surge327.txt 427 1334758174 932371
1 2 2 1334758175 284786 icapeople/bradunov/surge35.txt 139 1334758175 288601
1 2 1 1334758175 899905 icapeople/bradunov/surge1509.txt 1779 1334758175 902377
1 2 3 1334758177 548613 icapeople/bradunov/surge1234.txt 1363 1334758177 549998
1 2 2 1334758178 175615 icapeople/bradunov/surge264.txt 384 1334758178 178181
1 2 0 1334758178 372648 icapeople/bradunov/surge3165.txt 10634 1334758178 374045
1 2 1 1334758178 601899 icapeople/bradunov/surge0.txt 75 1334758178 605670
1 2 3 1334758178 658219 icapeople/bradunov/surge29.txt 132 1334758178 661969
1 2 2 1334758179 204858 icapeople/bradunov/surge0.txt 75 1334758179 207376
1 2 1 1334758179 779782 icapeople/bradunov/surge2275.txt 3590 1334758179 781171
1 2 4 1334758180 230466 icapeople/bradunov/surge0.txt 75 1334758180 230846
1 2 3 1334758181 463864 icapeople/bradunov/surge3648.txt 47292 1334758181 465318
1 2 1 1334758181 612698 icapeople/bradunov/surge221.txt 342 1334758181 615216
1 2 2 1334758181 837876 icapeople/bradunov/surge1190.txt 1306 1334758181 840355
1 2 3 1334758182 710348 icapeople/bradunov/surge736.txt 823 1334758182 711814
1 2 2 1334758182 943426 icapeople/bradunov/surge2878.txt 6935 1334758182 944844
1 2 4 1334758183 285236 icapeople/bradunov/surge6.txt 94 1334758183 287714
1 2 1 1334758183 526414 icapeople/bradunov/surge337.txt 434 1334758183 526742
1 2 1 1334758183 526755 icapeople/bradunov/surge2944.txt 7583 1334758183 528126
1 2 2 1334758184 197873 icapeople/bradunov/surge3984.txt 584129 1334758184 200390
1 2 3 1334758184 222023 icapeople/bradunov/surge221.txt 342 1334758184 223614
1 2 4 1334758184 374622 icapeople/bradunov/surge679.txt 765 1334758184 377110
1 2 1 1334758184 941612 icapeople/bradunov/surge290.txt 403 1334758184 941956
1 2 1 1334758184 941965 icapeople/bradunov/surge1427.txt 1628 1334758184 943353
1 2 3 1334758186 131557 icapeople/bradunov/surge136.txt 263 1334758186 134188
1 2 0 1334758186 151688 icapeople/bradunov/surge15.txt 108 1334758186 153084
1 2 4 1334758187 8040 icapeople/bradunov/surge0.txt 75 1334758187 9536
1 2 2 1334758187 506519 icapeople/bradunov/surge127.txt 250 1334758187 509056
1 2 0 1334758188 374870 icapeople/bradunov/surge3582.txt 34153 1334758188 376311
1 2 4 1334758188 447249 icapeople/bradunov/surge3582.txt 34153 1334758188 449730
1 2 2 1334758188 877471 icapeople/bradunov/surge2137.txt 3113 1334758188 878935
1 2 2 1334758188 878944 icapeople/bradunov/surge1396.txt 1583 1334758188 881409
1 2 0 1334758189 428229 icapeople/bradunov/surge382.txt 485 1334758189 429622
1 2 4 1334758191 225383 icapeople/bradunov/surge1092.txt 1184 1334758191 225746
1 2 0 1334758191 273646 icapeople/bradunov/surge337.txt 434 1334758191 275060
1 2 0 1334758191 275069 icapeople/bradunov/surge2944.txt 7583 1334758191 275376
1 2 4 1334758193 62675 icapeople/bradunov/surge3625.txt 42720 1334758193 65224
1 2 3 1334758193 126877 icapeople/bradunov/surge3165.txt 10634 1334758193 129373
1 2 0 1334758193 352055 icapeople/bradunov/surge652.txt 737 1334758193 354529
1 2 4 1334758194 445667 icapeople/bradunov/surge1234.txt 1363 1334758194 448152
1 2 0 1334758194 606511 icapeople/bradunov/surge1092.txt 1184 1334758194 609210
1 2 3 1334758194 751089 icapeople/bradunov/surge704.txt 787 1334758194 753548
1 2 3 1334758196 238742 icapeople/bradunov/surge549.txt 648 1334758196 242536
1 2 3 1334758196 242546 icapeople/bradunov/surge3038.txt 8667 1334758196 242861
1 2 4 1334758196 560239 icapeople/bradunov/surge2141.txt 3137 1334758196 562746
1 2 0 1334758197 42762 icapeople/bradunov/surge3648.txt 47292 1334758197 44169
1 2 3 1334758197 428671 icapeople/bradunov/surge2992.txt 8028 1334758197 430101
1 2 0 1334758198 248825 icapeople/bradunov/surge1788.txt 2275 1334758198 250215
1 2 3 1334758198 478002 icapeople/bradunov/surge233.txt 357 1334758198 481705
1 2 4 1334758202 984711 icapeople/bradunov/surge576.txt 671 1334758202 988483
1 2 3 1334758203 523415 icapeople/bradunov/surge426.txt 516 1334758203 525823
1 2 4 1334758204 399837 icapeople/bradunov/surge441.txt 530 1334758204 400195
1 2 3 1334758204 608964 icapeople/bradunov/surge0.txt 75 1334758204 612772
1 2 0 1334758205 597997 icapeople/bradunov/surge62.txt 180 1334758205 598368
1 2 4 1334758205 722658 icapeople/bradunov/surge0.txt 75 1334758205 726467
1 2 0 1334758206 687455 icapeople/bradunov/surge3582.txt 34153 1334758206 691238
1 2 4 1334758206 828136 icapeople/bradunov/surge441.txt 530 1334758206 828480
1 2 3 1334758207 740812 icapeople/bradunov/surge2758.txt 5952 1334758207 741224
1 2 3 1334758207 741233 icapeople/bradunov/surge1209.txt 1325 1334758207 742853
1 2 0 1334758207 857482 icapeople/bradunov/surge1352.txt 1528 1334758207 859027
1 2 4 1334758208 191230 icapeople/bradunov/surge401.txt 500 1334758208 192623
1 2 4 1334758210 820603 icapeople/bradunov/surge0.txt 75 1334758210 823076
1 2 4 1334758212 428753 icapeople/bradunov/surge3654.txt 48952 1334758212 431251
1 2 0 1334758213 124250 icapeople/bradunov/surge1767.txt 2236 1334758213 126806
1 2 4 1334758213 679124 icapeople/bradunov/surge3654.txt 48952 1334758213 680497
1 2 4 1334758214 941477 icapeople/bradunov/surge3654.txt 48952 1334758214 943959
1 2 4 1334758215 979004 icapeople/bradunov/surge3582.txt 34153 1334758215 980407
1 2 4 1334758218 386827 icapeople/bradunov/surge804.txt 881 1334758218 387169
1 2 0 1334758219 327634 icapeople/bradunov/surge136.txt 263 1334758219 330042
1 2 0 1334758220 425193 icapeople/bradunov/surge62.txt 180 1334758220 426584
1 2 0 1334758221 958505 icapeople/bradunov/surge426.txt 516 1334758221 959918
1 2 0 1334758223 830408 icapeople/bradunov/surge4.txt 88 1334758223 831878
1 2 4 1334758225 330002 icapeople/bradunov/surge4.txt 88 1334758225 331699
1 2 0 1334758225 330022 icapeople/bradunov/surge911.txt 985 1334758225 331714
1 2 0 1334758226 532169 icapeople/bradunov/surge700.txt 781 1334758226 533601
1 2 0 1334758226 533610 icapeople/bradunov/surge339.txt 436 1334758226 536066
1 2 0 1334758228 216693 icapeople/bradunov/surge320.txt 421 1334758228 218085
1 2 4 1334758232 539861 icapeople/bradunov/surge630.txt 722 1334758232 541317
1 2 0 1334758232 778090 icapeople/bradunov/surge580.txt 675 1334758232 779552
1 2 4 1334758233 669619 icapeople/bradunov/surge4.txt 88 1334758233 671121
1 2 0 1334758233 923617 icapeople/bradunov/surge3759.txt 76223 1334758233 926235
1 2 0 1334758235 743720 icapeople/bradunov/surge1436.txt 1639 1334758235 746275
1 2 0 1334758238 770874 icapeople/bradunov/surge591.txt 684 1334758238 773354
1 2 0 1334758240 61993 icapeople/bradunov/surge3013.txt 8296 1334758240 65468
1 2 0 1334758241 120255 icapeople/bradunov/surge950.txt 1026 1334758241 122888
1 2 0 1334758242 246422 icapeople/bradunov/surge3849.txt 125802 1334758242 247865
1 2 0 1334758243 601290 icapeople/bradunov/surge679.txt 765 1334758243 601679
1 2 0 1334758249 269865 icapeople/bradunov/surge0.txt 75 1334758249 272395
1 2 0 1334758250 518356 icapeople/bradunov/surge3165.txt 10634 1334758250 519792
1 2 0 1334758251 629566 icapeople/bradunov/surge0.txt 75 1334758251 632091
1 2 0 1334758258 938490 icapeople/bradunov/surge549.txt 648 1334758258 942223
1 2 0 1334758258 942232 icapeople/bradunov/surge3038.txt 8667 1334758258 942547
1 2 4 1334758265 793304 icapeople/bradunov/surge0.txt 75 1334758265 795554
1 2 4 1334758266 870509 icapeople/bradunov/surge3013.txt 8296 1334758266 873004
1 2 4 1334758268 205301 icapeople/bradunov/surge266.txt 387 1334758268 206800
1 2 0 1334758269 998428 icapeople/bradunov/surge722.txt 806 1334758269 998794
1 2 0 1334758271 11527 icapeople/bradunov/surge3558.txt 31755 1334758271 12940
1 2 4 1334758272 237690 icapeople/bradunov/surge766.txt 846 1334758272 240210
1 2 0 1334758274 380505 icapeople/bradunov/surge685.txt 768 1334758274 383034
1 2 0 1334758274 383045 icapeople/bradunov/surge1850.txt 2413 1334758274 383506
1 2 4 1334758274 408664 icapeople/bradunov/surge73.txt 193 1334758274 411135
1 2 4 1334758276 302242 icapeople/bradunov/surge3165.txt 10634 1334758276 304754
1 2 4 1334758277 568622 icapeople/bradunov/surge723.txt 809 1334758277 570013
1 2 4 1334758280 957719 icapeople/bradunov/surge3582.txt 34153 1334758280 959146
1 2 4 1334758291 438727 icapeople/bradunov/surge3582.txt 34153 1334758291 441240
1 2 4 1334758293 501122 icapeople/bradunov/surge734.txt 820 1334758293 501510
1 2 4 1334758294 823772 icapeople/bradunov/surge0.txt 75 1334758294 826303
1 2 4 1334758295 917340 icapeople/bradunov/surge3165.txt 10634 1334758295 919849
1 2 4 1334758298 309417 icapeople/bradunov/surge1390.txt 1571 1334758298 310880
1 2 4 1334758302 972958 icapeople/bradunov/surge3705.txt 59589 1334758302 974468
1 2 4 1334758302 974479 icapeople/bradunov/surge2380.txt 3914 1334758302 975121
1 3 0 1334758143 126851 icapeople/bradunov/surge786.txt 865 1334758143 542268
1 3 1 1334758143 182354 icapeople/bradunov/surge104.txt 235 1334758143 542950
1 3 2 1334758143 238656 icapeople/bradunov/surge3165.txt 10634 1334758143 649620
1 3 3 1334758143 294968 icapeople/bradunov/surge73.txt 193 1334758144 545487
1 3 4 1334758143 351271 icapeople/bradunov/surge316.txt 418 1334758144 548364
1 3 1 1334758144 645874 icapeople/bradunov/surge3165.txt 10634 1334758144 647422
1 3 0 1334758145 285023 icapeople/bradunov/surge9.txt 101 1334758145 286461
1 3 2 1334758145 305144 icapeople/bradunov/surge6.txt 94 1334758145 307421
1 3 1 1334758145 703309 icapeople/bradunov/surge549.txt 648 1334758145 706832
1 3 1 1334758145 706842 icapeople/bradunov/surge3038.txt 8667 1334758145 708238
1 3 4 1334758146 303482 icapeople/bradunov/surge188.txt 309 1334758146 304914
1 3 2 1334758146 525146 icapeople/bradunov/surge549.txt 648 1334758146 527661
1 3 2 1334758146 527670 icapeople/bradunov/surge3038.txt 8667 1334758146 528014
1 3 0 1334758146 694636 icapeople/bradunov/surge485.txt 574 1334758146 697267
1 3 1 1334758147 443968 icapeople/bradunov/surge3210.txt 11954 1334758147 445372
1 3 0 1334758147 729411 icapeople/bradunov/surge736.txt 823 1334758147 731878
1 3 4 1334758147 946630 icapeople/bradunov/surge943.txt 1021 1334758147 948046
1 3 2 1334758148 477454 icapeople/bradunov/surge61.txt 173 1334758148 478852
1 3 1 1334758148 582083 icapeople/bradunov/surge529.txt 624 1334758148 582457
1 3 4 1334758149 466515 icapeople/bradunov/surge734.txt 820 1334758149 467940
1 3 1 1334758149 720410 icapeople/bradunov/surge576.txt 671 1334758149 723049
1 3 2 1334758149 981948 icapeople/bradunov/surge637.txt 725 1334758149 984442
1 3 0 1334758150 10112 icapeople/bradunov/surge136.txt 263 1334758150 11519
1 3 3 1334758150 207910 icapeople/bradunov/surge549.txt 648 1334758150 209362
1 3 3 1334758150 209373 icapeople/bradunov/surge3038.txt 8667 1334758150 211815
1 3 0 1334758151 532711 icapeople/bradunov/surge3405.txt 20137 1334758151 535213
1 3 3 1334758151 902561 icapeople/bradunov/surge1712.txt 2142 1334758151 905028
1 3 4 1334758152 3157 icapeople/bradunov/surge221.txt 342 1334758152 5742
1 3 1 1334758152 928088 icapeople/bradunov/surge1915.txt 2546 1334758152 929573
1 3 4 1334758153 88961 icapeople/bradunov/surge135.txt 259 1334758153 89310
1 3 3 1334758153 410466 icapeople/bradunov/surge1915.txt 2546 1334758153 412946
1 3 1 1334758154 371324 icapeople/bradunov/surge175.txt 299 1334758154 371718
1 3 3 1334758154 737194 icapeople/bradunov/surge473.txt 563 1334758154 737592
1 3 0 1334758155 219637 icapeople/bradunov/surge1013.txt 1096 1334758155 221098
1 3 1 1334758155 557340 icapeople/bradunov/surge3165.txt 10634 1334758155 559871
1 3 3 1334758156 59863 icapeople/bradunov/surge62.txt 180 1334758156 62358
1 3 1 1334758156 723194 icapeople/bradunov/surge3806.txt 95847 1334758156 724585
1 3 4 1334758156 984576 icapeople/bradunov/surge0.txt 75 1334758156 986042
1 3 0 1334758157 434771 icapeople/bradunov/surge46.txt 152 1334758157 435142
1 3 0 1334758158 721419 icapeople/bradunov/surge1116.txt 1211 1334758158 723943
1 3 4 1334758159 995819 icapeople/bradunov/surge340.txt 437 1334758159 998278
1 3 0 1334758160 100419 icapeople/bradunov/surge499.txt 590 1334758160 103056
1 3 4 1334758161 249306 icapeople/bradunov/surge961.txt 1041 1334758161 250765
1 3 4 1334758161 250777 icapeople/bradunov/surge1305.txt 1457 1334758161 251084
1 3 0 1334758161 466641 icapeople/bradunov/surge549.txt 648 1334758161 469144
1 3 0 1334758161 469153 icapeople/bradunov/surge3038.txt 8667 1334758161 470520
1 3 1 1334758163 62917 icapeople/bradunov/surge3165.txt 10634 1334758163 65448
1 3 3 1334758163 903287 icapeople/bradunov/surge62.txt 180 1334758163 904714
1 3 1 1334758164 176719 icapeople/bradunov/surge115.txt 240 1334758164 178102
1 3 4 1334758164 522293 icapeople/bradunov/surge25.txt 123 1334758164 522639
1 3 2 1334758165 245925 icapeople/bradunov/surge499.txt 590 1334758165 248309
1 3 3 1334758165 334400 icapeople/bradunov/surge699.txt 779 1334758165 335819
1 3 4 1334758165 587782 icapeople/bradunov/surge73.txt 193 1334758165 588107
1 3 4 1334758167 276232 icapeople/bradunov/surge62.txt 180 1334758167 278876
1 3 3 1334758167 746578 icapeople/bradunov/surge985.txt 1063 1334758167 748048
1 3 4 1334758168 313486 icapeople/bradunov/surge0.txt 75 1334758168 313882
1 3 3 1334758169 177796 icapeople/bradunov/surge106.txt 236 1334758169 178182
1 3 0 1334758169 390891 icapeople/bradunov/surge57.txt 164 1334758169 392335
1 3 4 1334758169 527723 icapeople/bradunov/surge0.txt 75 1334758169 531542
1 3 3 1334758170 182928 icapeople/bradunov/surge250.txt 377 1334758170 186722
1 3 4 1334758171 27188 icapeople/bradunov/surge0.txt 75 1334758171 28664
1 3 3 1334758171 646276 icapeople/bradunov/surge136.txt 263 1334758171 648804
1 3 0 1334758171 963983 icapeople/bradunov/surge62.txt 180 1334758171 966466
1 3 4 1334758172 76574 icapeople/bradunov/surge485.txt 574 1334758172 78005
1 3 0 1334758173 97718 icapeople/bradunov/surge106.txt 236 1334758173 100245
1 3 1 1334758174 311816 icapeople/bradunov/surge766.txt 846 1334758174 314333
1 3 0 1334758174 416363 icapeople/bradunov/surge306.txt 411 1334758174 417786
1 3 4 1334758174 524952 icapeople/bradunov/surge1788.txt 2275 1334758174 526395
1 3 0 1334758175 698814 icapeople/bradunov/surge448.txt 538 1334758175 700404
1 3 4 1334758175 996413 icapeople/bradunov/surge107.txt 236 1334758175 998882
1 3 1 1334758176 28607 icapeople/bradunov/surge9.txt 101 1334758176 29983
1 3 2 1334758176 149268 icapeople/bradunov/surge106.txt 236 1334758176 151766
1 3 0 1334758176 953453 icapeople/bradunov/surge9.txt 101 1334758176 953859
1 3 2 1334758177 246918 icapeople/bradunov/surge62.txt 180 1334758177 249431
1 3 1 1334758178 320364 icapeople/bradunov/surge1555.txt 1870 1334758178 320726
1 3 2 1334758179 731499 icapeople/bradunov/surge3759.txt 76223 1334758179 734030
1 3 3 1334758179 816006 icapeople/bradunov/surge0.txt 75 1334758179 818479
1 3 4 1334758180 306891 icapeople/bradunov/surge3839.txt 117924 1334758180 308292
1 3 0 1334758180 694220 icapeople/bradunov/surge3165.txt 10634 1334758180 694617
1 3 2 1334758180 774646 icapeople/bradunov/surge35.txt 139 1334758180 776055
1 3 3 1334758180 883366 icapeople/bradunov/surge961.txt 1041 1334758180 884939
1 3 3 1334758180 884949 icapeople/bradunov/surge1305.txt 1457 1334758180 887363
1 3 1 1334758181 350931 icapeople/bradunov/surge136.txt 263 1334758181 353411
1 3 4 1334758181 697144 icapeople/bradunov/surge704.txt 787 1334758181 698551
1 3 0 1334758182 211787 icapeople/bradunov/surge758.txt 838 1334758182 213231
1 3 3 1334758182 223868 icapeople/bradunov/surge1234.txt 1363 1334758182 226330
1 3 4 1334758182 758471 icapeople/bradunov/surge1234.txt 1363 1334758182 760949
1 3 3 1334758183 232964 icapeople/bradunov/surge221.txt 342 1334758183 234389
1 3 2 1334758183 518374 icapeople/bradunov/surge1234.txt 1363 1334758183 518752
1 3 1 1334758183 618829 icapeople/bradunov/surge307.txt 412 1334758183 621453
1 3 1 1334758184 752635 icapeople/bradunov/surge704.txt 787 1334758184 752985
1 3 3 1334758184 841101 icapeople/bradunov/surge136.txt 263 1334758184 842505
1 3 4 1334758185 243061 icapeople/bradunov/surge175.txt 299 1334758185 245679
1 3 2 1334758185 649188 icapeople/bradunov/surge14.txt 105 1334758185 650653
1 3 1 1334758186 770758 icapeople/bradunov/surge1194.txt 1311 1334758186 773306
1 3 4 1334758186 843126 icapeople/bradunov/surge3165.txt 10634 1334758186 844546
1 3 2 1334758187 590916 icapeople/bradunov/surge1788.txt 2275 1334758187 592345
1 3 4 1334758188 81464 icapeople/bradunov/surge189.txt 310 1334758188 84021
1 3 1 1334758189 866452 icapeople/bradunov/surge2326.txt 3743 1334758189 868977
1 3 2 1334758190 505704 icapeople/bradunov/surge35.txt 139 1334758190 506088
1 3 0 1334758190 638395 icapeople/bradunov/surge349.txt 446 1334758190 639860
1 3 1 1334758191 64499 icapeople/bradunov/surge3582.txt 34153 1334758191 68296
1 3 4 1334758191 957028 icapeople/bradunov/surge3396.txt 19630 1334758191 960512
1 3 0 1334758192 33448 icapeople/bradunov/surge382.txt 485 1334758192 33770
1 3 1 1334758192 644498 icapeople/bradunov/surge105.txt 235 1334758192 644887
1 3 2 1334758192 692771 icapeople/bradunov/surge3732.txt 67433 1334758192 694348
1 3 4 1334758193 315852 icapeople/bradunov/surge2141.txt 3137 1334758193 317275
1 3 2 1334758194 320995 icapeople/bradunov/surge337.txt 434 1334758194 322394
1 3 2 1334758194 322403 icapeople/bradunov/surge2944.txt 7583 1334758194 322710
1 3 1 1334758194 735008 icapeople/bradunov/surge3165.txt 10634 1334758194 736427
1 3 4 1334758195 157206 icapeople/bradunov/surge3582.txt 34153 1334758195 159733
1 3 2 1334758195 478850 icapeople/bradunov/surge734.txt 820 1334758195 480295
1 3 1 1334758196 174390 icapeople/bradunov/surge3165.txt 10634 1334758196 175838
1 3 0 1334758197 472915 icapeople/bradunov/surge539.txt 636 1334758197 473264
1 3 2 1334758197 577468 icapeople/bradunov/surge803.txt 878 1334758197 579058
1 3 2 1334758198 948340 icapeople/bradunov/surge221.txt 342 1334758198 949912
1 3 0 1334758199 298193 icapeople/bradunov/surge441.txt 530 1334758199 300819
1 3 1 1334758199 426853 icapeople/bradunov/surge15.txt 108 1334758199 429364
1 3 3 1334758200 650131 icapeople/bradunov/surge221.txt 342 1334758200 652721
1 3 2 1334758200 854077 icapeople/bradunov/surge2216.txt 3385 1334758200 857552
1 3 0 1334758200 914395 icapeople/bradunov/surge0.txt 75 1334758200 915819
1 3 1 1334758200 954598 icapeople/bradunov/surge441.txt 530 1334758200 954928
1 3 3 1334758202 47968 icapeople/bradunov/surge140.txt 264 1334758202 49441
1 3 2 1334758202 373655 icapeople/bradunov/surge104.txt 235 1334758202 376230
1 3 0 1334758202 763564 icapeople/bradunov/surge192.txt 314 1334758202 766124
1 3 2 1334758203 559595 icapeople/bradunov/surge474.txt 564 1334758203 560963
1 3 1 1334758204 464203 icapeople/bradunov/surge3013.txt 8296 1334758204 465611
1 3 2 1334758205 207927 icapeople/bradunov/surge21.txt 111 1334758205 209386
1 3 4 1334758205 404980 icapeople/bradunov/surge29.txt 132 1334758205 405341
1 3 1 1334758205 602037 icapeople/bradunov/surge62.txt 180 1334758205 603425
1 3 0 1334758205 791093 icapeople/bradunov/surge0.txt 75 1334758205 791459
1 3 2 1334758206 410068 icapeople/bradunov/surge95.txt 220 1334758206 410467
1 3 4 1334758206 896481 icapeople/bradunov/surge485.txt 574 1334758206 897893
1 3 3 1334758207 415185 icapeople/bradunov/surge192.txt 314 1334758207 415508
1 3 0 1334758207 600018 icapeople/bradunov/surge401.txt 500 1334758207 601472
1 3 4 1334758208 175130 icapeople/bradunov/surge1014.txt 1097 1334758208 177650
1 3 1 1334758208 328000 icapeople/bradunov/surge3582.txt 34153 1334758208 330460
1 3 3 1334758209 244638 icapeople/bradunov/surge0.txt 75 1334758209 246116
1 3 4 1334758209 755379 icapeople/bradunov/surge357.txt 455 1334758209 757850
1 3 1 1334758210 281947 icapeople/bradunov/surge699.txt 779 1334758210 283396
1 3 4 1334758211 564363 icapeople/bradunov/surge3582.txt 34153 1334758211 565792
1 3 1 1334758211 636748 icapeople/bradunov/surge3013.txt 8296 1334758211 639238
1 3 3 1334758211 837814 icapeople/bradunov/surge591.txt 684 1334758211 840461
1 3 4 1334758212 662001 icapeople/bradunov/surge90.txt 213 1334758212 663581
1 3 2 1334758213 658995 icapeople/bradunov/surge804.txt 881 1334758213 660457
1 3 4 1334758213 687198 icapeople/bradunov/surge3013.txt 8296 1334758213 689672
1 3 3 1334758214 217848 icapeople/bradunov/surge1387.txt 1567 1334758214 219420
1 3 3 1334758215 295348 icapeople/bradunov/surge0.txt 75 1334758215 297874
1 3 2 1334758215 584699 icapeople/bradunov/surge1085.txt 1164 1334758215 587347
1 3 2 1334758216 849401 icapeople/bradunov/surge2739.txt 5828 1334758216 850869
1 3 0 1334758217 111704 icapeople/bradunov/surge0.txt 75 1334758217 113105
1 3 1 1334758217 172020 icapeople/bradunov/surge3582.txt 34153 1334758217 174483
1 3 4 1334758217 200181 icapeople/bradunov/surge192.txt 314 1334758217 200509
1 3 2 1334758218 157529 icapeople/bradunov/surge242.txt 371 1334758218 157910
1 3 0 1334758218 254034 icapeople/bradunov/surge9.txt 101 1334758218 255454
1 3 4 1334758218 370674 icapeople/bradunov/surge3396.txt 19630 1334758218 374421
1 3 1 1334758220 71385 icapeople/bradunov/surge681.txt 766 1334758220 72829
1 3 3 1334758220 413110 icapeople/bradunov/surge1302.txt 1450 1334758220 413472
1 3 0 1334758220 662460 icapeople/bradunov/surge15.txt 108 1334758220 665150
1 3 3 1334758221 723760 icapeople/bradunov/surge575.txt 670 1334758221 726288
1 3 3 1334758221 726297 icapeople/bradunov/surge3229.txt 12387 1334758221 726619
1 3 0 1334758221 892572 icapeople/bradunov/surge401.txt 500 1334758221 895047
1 3 1 1334758222 1179 icapeople/bradunov/surge0.txt 75 1334758222 3643
1 3 2 1334758223 287667 icapeople/bradunov/surge221.txt 342 1334758223 290233
1 3 0 1334758224 340948 icapeople/bradunov/surge2739.txt 5828 1334758224 343465
1 3 1 1334758225 595423 icapeople/bradunov/surge4.txt 88 1334758225 597914
1 3 2 1334758226 122025 icapeople/bradunov/surge135.txt 259 1334758226 124434
1 3 0 1334758226 250684 icapeople/bradunov/surge136.txt 263 1334758226 253168
1 3 1 1334758227 304030 icapeople/bradunov/surge136.txt 263 1334758227 305487
1 3 2 1334758228 15631 icapeople/bradunov/surge1155.txt 1268 1334758228 17054
1 3 0 1334758228 437700 icapeople/bradunov/surge3558.txt 31755 1334758228 440221
1 3 1 1334758228 522174 icapeople/bradunov/surge405.txt 502 1334758228 525948
1 3 2 1334758229 273977 icapeople/bradunov/surge2883.txt 6961 1334758229 276574
1 3 1 1334758229 760489 icapeople/bradunov/surge179.txt 305 1334758229 763040
1 3 2 1334758230 443896 icapeople/bradunov/surge3013.txt 8296 1334758230 445292
1 3 0 1334758231 376668 icapeople/bradunov/surge3558.txt 31755 1334758231 380412
1 3 1 1334758233 153545 icapeople/bradunov/surge3165.txt 10634 1334758233 156081
1 3 0 1334758233 939813 icapeople/bradunov/surge94.txt 220 1334758233 941212
1 3 0 1334758235 779915 icapeople/bradunov/surge1712.txt 2142 1334758235 782542
1 3 0 1334758236 917738 icapeople/bradunov/surge62.txt 180 1334758236 919205
1 3 1 1334758238 714549 icapeople/bradunov/surge3013.txt 8296 1334758238 716052
1 3 0 1334758238 843249 icapeople/bradunov/surge118.txt 243 1334758238 845868
1 3 1 1334758240 146595 icapeople/bradunov/surge0.txt 75 1334758240 148055
1 3 1 1334758241 445970 icapeople/bradunov/surge3302.txt 15138 1334758241 447418
1 3 0 1334758241 824043 icapeople/bradunov/surge3165.txt 10634 1334758241 826575
1 3 1 1334758242 905678 icapeople/bradunov/surge1858.txt 2422 1334758242 907087
1 3 1 1334758243 946976 icapeople/bradunov/surge1723.txt 2157 1334758243 948425
1 3 1 1334758243 948434 icapeople/bradunov/surge2394.txt 3988 1334758243 948741
1 3 1 1334758245 133044 icapeople/bradunov/surge3922.txt 214496 1334758245 134427
1 3 0 1334758245 772326 icapeople/bradunov/surge804.txt 881 1334758245 774816
1 3 0 1334758247 798428 icapeople/bradunov/surge3165.txt 10634 1334758247 799930
1 3 1 1334758249 635878 icapeople/bradunov/surge723.txt 809 1334758249 637344
1 3 0 1334758249 676121 icapeople/bradunov/surge358.txt 456 1334758249 678586
1 3 1 1334758250 756757 icapeople/bradunov/surge0.txt 75 1334758250 759436
1 3 1 1334758251 915004 icapeople/bradunov/surge2839.txt 6601 1334758251 915356
1 3 1 1334758251 915366 icapeople/bradunov/surge196.txt 319 1334758251 916740
1 3 0 1334758251 995435 icapeople/bradunov/surge2883.txt 6961 1334758251 996836
1 3 0 1334758253 241661 icapeople/bradunov/surge2141.txt 3137 1334758253 244233
1 3 1 1334758253 716085 icapeople/bradunov/surge1712.txt 2142 1334758253 718746
1 3 0 1334758254 966384 icapeople/bradunov/surge112.txt 239 1334758254 967777
1 3 2 1334758255 621742 icapeople/bradunov/surge704.txt 787 1334758255 624258
1 3 1 1334758255 754322 icapeople/bradunov/surge2384.txt 3932 1334758255 755741
1 3 1 1334758257 286098 icapeople/bradunov/surge2706.txt 5587 1334758257 287490
1 3 0 1334758258 339456 icapeople/bradunov/surge4.txt 88 1334758258 339847
1 3 2 1334758258 737509 icapeople/bradunov/surge179.txt 305 1334758258 738978
1 3 0 1334758259 525554 icapeople/bradunov/surge2674.txt 5404 1334758259 528106
1 3 0 1334758259 528118 icapeople/bradunov/surge3070.txt 9037 1334758259 529486
1 3 1 1334758259 581856 icapeople/bradunov/surge3759.txt 76223 1334758259 584335
1 3 4 1334758259 808061 icapeople/bradunov/surge3654.txt 48952 1334758259 810588
1 3 2 1334758260 44120 icapeople/bradunov/surge3165.txt 10634 1334758260 44492
1 3 0 1334758260 574737 icapeople/bradunov/surge1726.txt 2160 1334758260 577273
1 3 2 1334758261 169826 icapeople/bradunov/surge337.txt 434 1334758261 171505
1 3 2 1334758261 171518 icapeople/bradunov/surge2944.txt 7583 1334758261 173925
1 3 4 1334758261 210031 icapeople/bradunov/surge4.txt 88 1334758261 211428
1 3 1 1334758261 829118 icapeople/bradunov/surge3302.txt 15138 1334758261 830511
1 3 4 1334758262 387927 icapeople/bradunov/surge266.txt 387 1334758262 390512
1 3 2 1334758262 609043 icapeople/bradunov/surge2216.txt 3385 1334758262 610498
1 3 4 1334758263 658300 icapeople/bradunov/surge804.txt 881 1334758263 659702
1 3 2 1334758263 682416 icapeople/bradunov/surge575.txt 670 1334758263 685891
1 3 2 1334758263 685900 icapeople/bradunov/surge3229.txt 12387 1334758263 687292
1 3 1 1334758265 342807 icapeople/bradunov/surge549.txt 648 1334758265 344296
1 3 1 1334758265 344308 icapeople/bradunov/surge3038.txt 8667 1334758265 346746
1 3 0 1334758265 624268 icapeople/bradunov/surge62.txt 180 1334758265 625727
1 3 4 1334758266 649513 icapeople/bradunov/surge1843.txt 2386 1334758266 652047
1 3 1 1334758266 725926 icapeople/bradunov/surge3165.txt 10634 1334758266 727506
1 3 1 1334758269 624486 icapeople/bradunov/surge3165.txt 10634 1334758269 627167
1 3 0 1334758270 464735 icapeople/bradunov/surge3582.txt 34153 1334758270 467146
1 3 1 1334758271 578415 icapeople/bradunov/surge3582.txt 34153 1334758271 579893
1 3 1 1334758273 126225 icapeople/bradunov/surge808.txt 886 1334758273 127682
1 3 1 1334758273 127694 icapeople/bradunov/surge3248.txt 12830 1334758273 130284
1 3 0 1334758273 914135 icapeople/bradunov/surge7.txt 96 1334758273 915515
1 3 4 1334758274 537345 icapeople/bradunov/surge734.txt 820 1334758274 539971
1 3 0 1334758275 244884 icapeople/bradunov/surge179.txt 305 1334758275 247524
1 3 4 1334758275 896146 icapeople/bradunov/surge3582.txt 34153 1334758275 897592
1 3 0 1334758276 370605 icapeople/bradunov/surge0.txt 75 1334758276 372016
1 3 4 1334758276 941471 icapeople/bradunov/surge538.txt 634 1334758276 943992
1 3 4 1334758277 986777 icapeople/bradunov/surge1329.txt 1499 1334758277 988271
1 3 4 1334758277 988281 icapeople/bradunov/surge159.txt 286 1334758277 990722
1 3 0 1334758279 530583 icapeople/bradunov/surge3582.txt 34153 1334758279 532023
1 3 4 1334758280 467220 icapeople/bradunov/surge549.txt 648 1334758280 469718
1 3 4 1334758280 469727 icapeople/bradunov/surge3038.txt 8667 1334758280 470033
1 3 0 1334758281 412027 icapeople/bradunov/surge2947.txt 7608 1334758281 413423
1 3 0 1334758281 413435 icapeople/bradunov/surge2232.txt 3440 1334758281 415885
1 3 4 1334758286 726891 icapeople/bradunov/surge3013.txt 8296 1334758286 729380
1 3 4 1334758288 65661 icapeople/bradunov/surge3582.txt 34153 1334758288 67166
1 3 4 1334758289 798431 icapeople/bradunov/surge0.txt 75 1334758289 801077
1 3 4 1334758291 48704 icapeople/bradunov/surge74.txt 195 1334758291 50144
1 3 4 1334758293 283986 icapeople/bradunov/surge2011.txt 2764 1334758293 285490
1 3 4 1334758296 275173 icapeople/bradunov/surge3013.txt 8296 1334758296 276617
1 3 4 1334758297 903344 icapeople/bradunov/surge314.txt 418 1334758297 905922
1 3 4 1334758300 259296 icapeople/bradunov/surge401.txt 500 1334758300 260785
1 3 4 1334758301 573905 icapeople/bradunov/surge529.txt 624 1334758301 576486
1 3 4 1334758303 137851 icapeople/bradunov/surge3582.txt 34153 1334758303 140362
1 3 4 1334758310 728171 icapeople/bradunov/surge3654.txt 48952 1334758310 729660
1 3 4 1334758313 691212 icapeople/bradunov/surge0.txt 75 1334758313 692678
1 3 4 1334758315 882230 icapeople/bradunov/surge0.txt 75 1334758315 884720
1 3 4 1334758317 434058 icapeople/bradunov/surge90.txt 213 1334758317 435530
1 3 4 1334758319 279429 icapeople/bradunov/surge744.txt 829 1334758319 281957
1 3 4 1334758320 590024 icapeople/bradunov/surge549.txt 648 1334758320 591422
1 3 4 1334758320 591434 icapeople/bradunov/surge3038.txt 8667 1334758320 593859
1 3 4 1334758334 890263 icapeople/bradunov/surge549.txt 648 1334758334 891770
1 3 4 1334758334 891782 icapeople/bradunov/surge3038.txt 8667 1334758334 892093
1 3 4 1334758340 478499 icapeople/bradunov/surge24.txt 120 1334758340 479961
1 3 4 1334758341 519782 icapeople/bradunov/surge85.txt 209 1334758341 522307
1 3 4 1334758342 629415 icapeople/bradunov/surge3165.txt 10634 1334758342 630875
1 3 4 1334758344 301871 icapeople/bradunov/surge2275.txt 3590 1334758344 303361
1 3 4 1334758345 331074 icapeople/bradunov/surge529.txt 624 1334758345 333592
1 3 4 1334758346 468879 icapeople/bradunov/surge0.txt 75 1334758346 470300
1 3 4 1334758347 578377 icapeople/bradunov/surge3582.txt 34153 1334758347 580925
1 3 4 1334758406 425055 icapeople/bradunov/surge2275.txt 3590 1334758406 427603
1 3 4 1334758428 504594 icapeople/bradunov/surge3582.txt 34153 1334758428 507155
1 3 4 1334758439 386376 icapeople/bradunov/surge3165.txt 10634 1334758439 390154
