1 0 0 1334758503 522272 icapeople/bradunov/surge179.txt 305 1334758503 530156
1 0 1 1334758503 570654 icapeople/bradunov/surge1788.txt 2275 1334758503 573318
1 0 2 1334758503 622932 icapeople/bradunov/surge0.txt 75 1334758503 626624
1 0 3 1334758503 675224 icapeople/bradunov/surge184.txt 307 1334758503 677899
1 0 4 1334758503 727508 icapeople/bradunov/surge2031.txt 2814 1334758503 730152
1 0 4 1334758503 730171 icapeople/bradunov/surge2124.txt 3050 1334758503 732656
1 0 5 1334758503 783806 icapeople/bradunov/surge120.txt 244 1334758503 788600
1 0 6 1334758503 840114 icapeople/bradunov/surge441.txt 530 1334758503 842755
1 0 0 1334758504 636060 icapeople/bradunov/surge4.txt 88 1334758504 638546
1 0 3 1334758504 715334 icapeople/bradunov/surge175.txt 299 1334758504 716769
1 0 1 1334758504 957364 icapeople/bradunov/surge549.txt 648 1334758504 959855
1 0 1 1334758504 959864 icapeople/bradunov/surge3038.txt 8667 1334758504 960169
1 0 6 1334758505 219053 icapeople/bradunov/surge6.txt 94 1334758505 221578
1 0 2 1334758505 657508 icapeople/bradunov/surge473.txt 563 1334758505 658940
1 0 3 1334758506 803503 icapeople/bradunov/surge1155.txt 1268 1334758506 804955
1 0 0 1334758507 655432 icapeople/bradunov/surge179.txt 305 1334758507 655790
1 0 6 1334758508 157958 icapeople/bradunov/surge549.txt 648 1334758508 160461
1 0 6 1334758508 160471 icapeople/bradunov/surge3038.txt 8667 1334758508 161836
1 0 3 1334758508 459646 icapeople/bradunov/surge4.txt 88 1334758508 461066
1 0 0 1334758509 62570 icapeople/bradunov/surge485.txt 574 1334758509 65074
1 0 1 1334758509 167497 icapeople/bradunov/surge337.txt 434 1334758509 171772
1 0 1 1334758509 171782 icapeople/bradunov/surge2944.txt 7583 1334758509 172111
1 0 2 1334758509 219849 icapeople/bradunov/surge3165.txt 10634 1334758509 222327
1 0 5 1334758509 252032 icapeople/bradunov/surge3210.txt 11954 1334758509 254517
1 0 6 1334758509 256099 icapeople/bradunov/surge62.txt 180 1334758509 259215
1 0 0 1334758510 95809 icapeople/bradunov/surge29.txt 132 1334758510 97251
1 0 3 1334758510 191461 icapeople/bradunov/surge3165.txt 10634 1334758510 192866
1 0 5 1334758510 393328 icapeople/bradunov/surge136.txt 263 1334758510 394741
1 0 6 1334758511 32705 icapeople/bradunov/surge3165.txt 10634 1334758511 34133
1 0 1 1334758511 189495 icapeople/bradunov/surge637.txt 725 1334758511 190894
1 0 0 1334758511 313981 icapeople/bradunov/surge136.txt 263 1334758511 314336
1 0 3 1334758511 382349 icapeople/bradunov/surge141.txt 266 1334758511 383751
1 0 5 1334758511 836930 icapeople/bradunov/surge1879.txt 2470 1334758511 837277
1 0 6 1334758512 391916 icapeople/bradunov/surge485.txt 574 1334758512 395412
1 0 3 1334758512 448279 icapeople/bradunov/surge221.txt 342 1334758512 449700
1 0 0 1334758512 833706 icapeople/bradunov/surge549.txt 648 1334758512 835120
1 0 0 1334758512 835130 icapeople/bradunov/surge3038.txt 8667 1334758512 835449
1 0 5 1334758512 935945 icapeople/bradunov/surge499.txt 590 1334758512 937324
1 0 6 1334758513 420036 icapeople/bradunov/surge1788.txt 2275 1334758513 421469
1 0 3 1334758513 529160 icapeople/bradunov/surge73.txt 193 1334758513 532915
1 0 0 1334758514 148390 icapeople/bradunov/surge473.txt 563 1334758514 149798
1 0 6 1334758514 659310 icapeople/bradunov/surge7.txt 96 1334758514 659647
1 0 3 1334758515 382990 icapeople/bradunov/surge0.txt 75 1334758515 383321
1 0 0 1334758515 471112 icapeople/bradunov/surge441.txt 530 1334758515 472535
1 0 5 1334758515 870360 icapeople/bradunov/surge46.txt 152 1334758515 871814
1 0 6 1334758515 918691 icapeople/bradunov/surge0.txt 75 1334758515 921313
1 0 0 1334758516 580727 icapeople/bradunov/surge1116.txt 1211 1334758516 583208
1 0 5 1334758517 155760 icapeople/bradunov/surge625.txt 718 1334758517 156088
1 0 0 1334758517 959714 icapeople/bradunov/surge549.txt 648 1334758517 962290
1 0 0 1334758517 962300 icapeople/bradunov/surge3038.txt 8667 1334758517 963674
1 0 6 1334758518 28154 icapeople/bradunov/surge961.txt 1041 1334758518 29560
1 0 6 1334758518 29571 icapeople/bradunov/surge1305.txt 1457 1334758518 29950
1 0 5 1334758518 172923 icapeople/bradunov/surge549.txt 648 1334758518 175435
1 0 5 1334758518 175445 icapeople/bradunov/surge3038.txt 8667 1334758518 176812
1 0 3 1334758518 394102 icapeople/bradunov/surge3165.txt 10634 1334758518 395535
1 0 0 1334758520 705627 icapeople/bradunov/surge62.txt 180 1334758520 709458
1 0 3 1334758520 826507 icapeople/bradunov/surge499.txt 590 1334758520 828131
1 0 2 1334758521 172299 icapeople/bradunov/surge21.txt 111 1334758521 173669
1 0 6 1334758521 300986 icapeople/bradunov/surge73.txt 193 1334758521 302554
1 0 6 1334758522 490944 icapeople/bradunov/surge488.txt 577 1334758522 494739
1 0 2 1334758524 371834 icapeople/bradunov/surge2216.txt 3385 1334758524 373278
1 0 2 1334758526 49004 icapeople/bradunov/surge766.txt 846 1334758526 49352
1 0 5 1334758526 97274 icapeople/bradunov/surge306.txt 411 1334758526 98844
1 0 1 1334758526 452156 icapeople/bradunov/surge0.txt 75 1334758526 454694
1 0 5 1334758527 379703 icapeople/bradunov/surge448.txt 538 1334758527 381133
1 0 6 1334758527 749644 icapeople/bradunov/surge107.txt 236 1334758527 751132
1 0 2 1334758527 761723 icapeople/bradunov/surge9.txt 101 1334758527 763090
1 0 1 1334758527 858253 icapeople/bradunov/surge9.txt 101 1334758527 861723
1 0 5 1334758528 630009 icapeople/bradunov/surge192.txt 314 1334758528 632586
1 0 2 1334758530 49261 icapeople/bradunov/surge73.txt 193 1334758530 49599
1 0 5 1334758530 186155 icapeople/bradunov/surge873.txt 946 1334758530 188638
1 0 1 1334758531 596721 icapeople/bradunov/surge3885.txt 147351 1334758531 600217
1 0 3 1334758531 725424 icapeople/bradunov/surge136.txt 263 1334758531 725749
1 0 6 1334758532 63050 icapeople/bradunov/surge704.txt 787 1334758532 64452
1 0 1 1334758532 838975 icapeople/bradunov/surge1234.txt 1363 1334758532 841534
1 0 6 1334758533 120742 icapeople/bradunov/surge221.txt 342 1334758533 123202
1 0 5 1334758533 591230 icapeople/bradunov/surge3984.txt 584129 1334758533 594987
1 0 3 1334758533 989597 icapeople/bradunov/surge1566.txt 1887 1334758533 992073
1 0 6 1334758534 198750 icapeople/bradunov/surge290.txt 403 1334758534 200228
1 0 6 1334758534 200237 icapeople/bradunov/surge1427.txt 1628 1334758534 202690
1 0 1 1334758534 323344 icapeople/bradunov/surge14.txt 105 1334758534 323691
1 0 2 1334758536 125665 icapeople/bradunov/surge3582.txt 34153 1334758536 127072
1 0 1 1334758536 258422 icapeople/bradunov/surge820.txt 895 1334758536 258854
1 0 5 1334758536 902093 icapeople/bradunov/surge349.txt 446 1334758536 904583
1 0 1 1334758537 332449 icapeople/bradunov/surge3582.txt 34153 1334758537 334955
1 0 5 1334758538 297939 icapeople/bradunov/surge382.txt 485 1334758538 299415
1 0 1 1334758538 688129 icapeople/bradunov/surge3625.txt 42720 1334758538 689569
1 0 2 1334758538 901409 icapeople/bradunov/surge2141.txt 3137 1334758538 902828
1 0 1 1334758540 63841 icapeople/bradunov/surge3165.txt 10634 1334758540 67614
1 0 2 1334758540 743719 icapeople/bradunov/surge3165.txt 10634 1334758540 746129
1 0 3 1334758541 254740 icapeople/bradunov/surge184.txt 307 1334758541 256201
1 0 1 1334758541 504067 icapeople/bradunov/surge347.txt 442 1334758541 505630
1 0 1 1334758542 618439 icapeople/bradunov/surge233.txt 357 1334758542 619895
1 0 3 1334758543 123792 icapeople/bradunov/surge441.txt 530 1334758543 124149
1 0 5 1334758543 743266 icapeople/bradunov/surge69.txt 187 1334758543 745766
1 0 2 1334758543 996584 icapeople/bradunov/surge121.txt 245 1334758543 998007
1 0 3 1334758544 736365 icapeople/bradunov/surge786.txt 865 1334758544 737765
1 0 5 1334758544 756486 icapeople/bradunov/surge337.txt 434 1334758544 756814
1 0 5 1334758544 756823 icapeople/bradunov/surge2944.txt 7583 1334758544 758193
1 0 2 1334758545 781651 icapeople/bradunov/surge576.txt 671 1334758545 784161
1 0 5 1334758545 850036 icapeople/bradunov/surge677.txt 764 1334758545 850370
1 0 2 1334758547 196826 icapeople/bradunov/surge81.txt 202 1334758547 198241
1 0 3 1334758547 550838 icapeople/bradunov/surge21.txt 111 1334758547 552289
1 0 1 1334758547 663486 icapeople/bradunov/surge968.txt 1044 1334758547 665077
1 0 5 1334758548 37340 icapeople/bradunov/surge0.txt 75 1334758548 38818
1 0 3 1334758548 753097 icapeople/bradunov/surge441.txt 530 1334758548 754523
1 0 1 1334758548 773238 icapeople/bradunov/surge485.txt 574 1334758548 775704
1 0 5 1334758549 139989 icapeople/bradunov/surge192.txt 314 1334758549 141562
1 0 1 1334758550 55291 icapeople/bradunov/surge401.txt 500 1334758550 56720
1 0 3 1334758550 119593 icapeople/bradunov/surge448.txt 538 1334758550 122072
1 0 5 1334758550 975925 icapeople/bradunov/surge259.txt 381 1334758550 977405
1 0 2 1334758551 289610 icapeople/bradunov/surge677.txt 764 1334758551 289942
1 0 3 1334758551 374065 icapeople/bradunov/surge15.txt 108 1334758551 375664
1 0 0 1334758551 478762 icapeople/bradunov/surge0.txt 75 1334758551 481010
1 0 5 1334758552 166384 icapeople/bradunov/surge591.txt 684 1334758552 168873
1 0 2 1334758552 335853 icapeople/bradunov/surge3654.txt 48952 1334758552 339345
1 0 1 1334758552 690303 icapeople/bradunov/surge1767.txt 2236 1334758552 691714
1 0 2 1334758553 585024 icapeople/bradunov/surge3013.txt 8296 1334758553 587547
1 0 5 1334758554 550106 icapeople/bradunov/surge3582.txt 34153 1334758554 551496
1 0 2 1334758554 980159 icapeople/bradunov/surge0.txt 75 1334758554 982633
1 0 0 1334758555 583300 icapeople/bradunov/surge327.txt 427 1334758555 585927
1 0 2 1334758556 126060 icapeople/bradunov/surge12.txt 104 1334758556 128664
1 0 0 1334758556 680784 icapeople/bradunov/surge136.txt 263 1334758556 684558
1 0 5 1334758556 958260 icapeople/bradunov/surge681.txt 766 1334758556 958580
1 0 2 1334758557 368233 icapeople/bradunov/surge62.txt 180 1334758557 369642
1 0 0 1334758557 782388 icapeople/bradunov/surge2011.txt 2764 1334758557 782756
1 0 5 1334758558 892006 icapeople/bradunov/surge121.txt 245 1334758558 893410
1 0 1 1334758558 896046 icapeople/bradunov/surge221.txt 342 1334758558 899517
1 0 2 1334758558 904080 icapeople/bradunov/surge4.txt 88 1334758558 905474
1 0 0 1334758559 125180 icapeople/bradunov/surge2739.txt 5828 1334758559 125533
1 0 2 1334758560 407642 icapeople/bradunov/surge651.txt 735 1334758560 409047
1 0 0 1334758561 34838 icapeople/bradunov/surge135.txt 259 1334758561 36285
1 0 1 1334758561 734371 icapeople/bradunov/surge4.txt 88 1334758561 736874
1 0 2 1334758561 810787 icapeople/bradunov/surge1.txt 77 1334758561 813407
1 0 0 1334758562 932350 icapeople/bradunov/surge136.txt 263 1334758562 934904
1 0 5 1334758563 322401 icapeople/bradunov/surge179.txt 305 1334758563 323819
1 0 2 1334758563 418908 icapeople/bradunov/surge1215.txt 1330 1334758563 421394
1 0 1 1334758563 583803 icapeople/bradunov/surge3558.txt 31755 1334758563 585208
1 0 1 1334758564 882207 icapeople/bradunov/surge0.txt 75 1334758564 883644
1 0 3 1334758565 344532 icapeople/bradunov/surge3165.txt 10634 1334758565 348017
1 0 1 1334758565 927614 icapeople/bradunov/surge94.txt 220 1334758565 930085
1 0 5 1334758566 719646 icapeople/bradunov/surge17.txt 109 1334758566 721025
1 0 0 1334758566 964724 icapeople/bradunov/surge825.txt 897 1334758566 968487
1 0 1 1334758567 772803 icapeople/bradunov/surge3013.txt 8296 1334758567 774227
1 0 5 1334758567 813026 icapeople/bradunov/surge3013.txt 8296 1334758567 813420
1 0 5 1334758568 870393 icapeople/bradunov/surge136.txt 263 1334758568 870771
1 0 0 1334758569 972024 icapeople/bradunov/surge679.txt 765 1334758569 974484
1 0 1 1334758570 723867 icapeople/bradunov/surge549.txt 648 1334758570 725275
1 0 1 1334758570 725284 icapeople/bradunov/surge3038.txt 8667 1334758570 727717
1 0 3 1334758570 908647 icapeople/bradunov/surge804.txt 881 1334758570 911271
1 0 5 1334758572 295774 icapeople/bradunov/surge0.txt 75 1334758572 298292
1 0 3 1334758572 938926 icapeople/bradunov/surge358.txt 456 1334758572 940350
1 0 5 1334758573 546065 icapeople/bradunov/surge3165.txt 10634 1334758573 548661
1 0 1 1334758574 20518 icapeople/bradunov/surge20.txt 111 1334758574 21937
1 0 5 1334758574 659788 icapeople/bradunov/surge505.txt 593 1334758574 660134
1 0 5 1334758574 660143 icapeople/bradunov/surge2073.txt 2925 1334758574 661534
1 0 1 1334758575 118266 icapeople/bradunov/surge112.txt 239 1334758575 118588
1 0 3 1334758575 259009 icapeople/bradunov/surge62.txt 180 1334758575 260444
1 0 0 1334758575 649021 icapeople/bradunov/surge704.txt 787 1334758575 652836
1 0 3 1334758576 485117 icapeople/bradunov/surge3013.txt 8296 1334758576 487635
1 0 2 1334758576 758519 icapeople/bradunov/surge179.txt 305 1334758576 758902
1 0 3 1334758577 590726 icapeople/bradunov/surge3654.txt 48952 1334758577 592190
1 0 2 1334758578 69188 icapeople/bradunov/surge1215.txt 1330 1334758578 70679
1 0 1 1334758578 496455 icapeople/bradunov/surge73.txt 193 1334758578 497844
1 0 0 1334758578 766221 icapeople/bradunov/surge0.txt 75 1334758578 767665
1 0 3 1334758578 992027 icapeople/bradunov/surge266.txt 387 1334758578 992394
1 0 1 1334758579 552404 icapeople/bradunov/surge0.txt 75 1334758579 552741
1 0 0 1334758580 151391 icapeople/bradunov/surge0.txt 75 1334758580 152781
1 0 3 1334758580 263996 icapeople/bradunov/surge0.txt 75 1334758580 267490
1 0 2 1334758581 558498 icapeople/bradunov/surge0.txt 75 1334758581 561036
1 0 3 1334758581 876162 icapeople/bradunov/surge1436.txt 1639 1334758581 878668
1 0 2 1334758582 635984 icapeople/bradunov/surge3165.txt 10634 1334758582 637473
1 0 1 1334758582 849081 icapeople/bradunov/surge3165.txt 10634 1334758582 850562
1 0 0 1334758583 681189 icapeople/bradunov/surge722.txt 806 1334758583 683729
1 0 0 1334758584 698351 icapeople/bradunov/surge3165.txt 10634 1334758584 698723
1 0 2 1334758584 867232 icapeople/bradunov/surge3582.txt 34153 1334758584 869641
1 0 1 1334758585 373746 icapeople/bradunov/surge1111.txt 1206 1334758585 375192
1 0 2 1334758586 415081 icapeople/bradunov/surge685.txt 768 1334758586 418578
1 0 2 1334758586 418587 icapeople/bradunov/surge1850.txt 2413 1334758586 420111
1 0 1 1334758587 239259 icapeople/bradunov/surge179.txt 305 1334758587 241759
1 0 1 1334758588 365032 icapeople/bradunov/surge0.txt 75 1334758588 365430
1 0 3 1334758588 586035 icapeople/bradunov/surge538.txt 634 1334758588 587653
1 0 0 1334758589 181240 icapeople/bradunov/surge337.txt 434 1334758589 182635
1 0 0 1334758589 182644 icapeople/bradunov/surge2944.txt 7583 1334758589 185106
1 0 3 1334758589 631737 icapeople/bradunov/surge136.txt 263 1334758589 633191
1 0 0 1334758590 832958 icapeople/bradunov/surge3881.txt 144861 1334758590 834401
1 0 3 1334758591 25974 icapeople/bradunov/surge3165.txt 10634 1334758591 28462
1 0 1 1334758591 528938 icapeople/bradunov/surge3582.txt 34153 1334758591 530333
1 0 0 1334758592 304882 icapeople/bradunov/surge3902.txt 170853 1334758592 305278
1 0 3 1334758592 843595 icapeople/bradunov/surge0.txt 75 1334758592 847371
1 0 1 1334758593 213537 icapeople/bradunov/surge62.txt 180 1334758593 214932
1 0 0 1334758593 949197 icapeople/bradunov/surge3582.txt 34153 1334758593 950649
1 0 3 1334758594 194418 icapeople/bradunov/surge221.txt 342 1334758594 196916
1 0 1 1334758594 845709 icapeople/bradunov/surge3654.txt 48952 1334758594 848175
1 0 0 1334758595 227620 icapeople/bradunov/surge337.txt 434 1334758595 230123
1 0 0 1334758595 230131 icapeople/bradunov/surge2944.txt 7583 1334758595 230444
1 0 1 1334758596 502024 icapeople/bradunov/surge3165.txt 10634 1334758596 504558
1 0 0 1334758596 823721 icapeople/bradunov/surge314.txt 418 1334758596 825127
1 0 1 1334758598 894119 icapeople/bradunov/surge382.txt 485 1334758598 895600
1 0 0 1334758599 175623 icapeople/bradunov/surge2592.txt 4891 1334758599 177040
1 0 1 1334758600 257094 icapeople/bradunov/surge3013.txt 8296 1334758600 259616
1 0 1 1334758601 342479 icapeople/bradunov/surge90.txt 213 1334758601 342829
1 0 0 1334758601 410865 icapeople/bradunov/surge3625.txt 42720 1334758601 412277
1 0 0 1334758602 440090 icapeople/bradunov/surge1390.txt 1571 1334758602 442595
1 0 1 1334758603 187956 icapeople/bradunov/surge2105.txt 3000 1334758603 189488
1 0 1 1334758604 755851 icapeople/bradunov/surge549.txt 648 1334758604 758260
1 0 1 1334758604 758270 icapeople/bradunov/surge3038.txt 8667 1334758604 760692
1 0 0 1334758606 488645 icapeople/bradunov/surge24.txt 120 1334758606 490114
1 0 0 1334758607 952001 icapeople/bradunov/surge3165.txt 10634 1334758607 953397
1 0 0 1334758609 624477 icapeople/bradunov/surge3013.txt 8296 1334758609 624887
1 0 3 1334758610 67863 icapeople/bradunov/surge3582.txt 34153 1334758610 70359
1 0 1 1334758610 348217 icapeople/bradunov/surge1953.txt 2614 1334758610 350733
1 0 1 1334758611 759251 icapeople/bradunov/surge62.txt 180 1334758611 760722
1 0 0 1334758612 957349 icapeople/bradunov/surge73.txt 193 1334758612 959887
1 0 1 1334758613 540266 icapeople/bradunov/surge1765.txt 2231 1334758613 541660
1 0 0 1334758614 107084 icapeople/bradunov/surge3582.txt 34153 1334758614 107429
1 0 1 1334758614 919195 icapeople/bradunov/surge1727.txt 2163 1334758614 920793
1 0 1 1334758614 920803 icapeople/bradunov/surge2404.txt 4023 1334758614 923211
1 0 1 1334758616 262080 icapeople/bradunov/surge3688.txt 55387 1334758616 264583
1 0 1 1334758617 303286 icapeople/bradunov/surge1186.txt 1302 1334758617 304727
1 0 1 1334758618 368732 icapeople/bradunov/surge1727.txt 2163 1334758618 369109
1 0 1 1334758618 369118 icapeople/bradunov/surge2404.txt 4023 1334758618 370495
1 0 1 1334758619 639089 icapeople/bradunov/surge999.txt 1080 1334758619 640578
1 0 1 1334758619 640589 icapeople/bradunov/surge2818.txt 6414 1334758619 640914
1 0 0 1334758624 194250 icapeople/bradunov/surge473.txt 563 1334758624 195651
1 0 0 1334758626 55564 icapeople/bradunov/surge0.txt 75 1334758626 55982
1 0 0 1334758629 368331 icapeople/bradunov/surge382.txt 485 1334758629 368753
1 0 0 1334758632 17748 icapeople/bradunov/surge266.txt 387 1334758632 20255
1 0 0 1334758641 566033 icapeople/bradunov/surge221.txt 342 1334758641 567633
1 0 0 1334758642 627413 icapeople/bradunov/surge1387.txt 1567 1334758642 629931
1 0 0 1334758644 786248 icapeople/bradunov/surge2180.txt 3267 1334758644 786664
1 0 0 1334758644 786673 icapeople/bradunov/surge1715.txt 2147 1334758644 788129
1 0 3 1334758668 917383 icapeople/bradunov/surge0.txt 75 1334758668 918600
1 0 3 1334758671 883180 icapeople/bradunov/surge2618.txt 5032 1334758671 883590
1 0 3 1334758671 883599 icapeople/bradunov/surge2468.txt 4333 1334758671 884983
1 0 3 1334758673 829025 icapeople/bradunov/surge0.txt 75 1334758673 831610
1 0 3 1334758674 914489 icapeople/bradunov/surge2523.txt 4564 1334758674 915963
1 0 3 1334758674 915974 icapeople/bradunov/surge2486.txt 4434 1334758674 918472
1 0 4 1334758803 751841 icapeople/bradunov/surge3708.txt 61095 1334758803 751841
1 1 0 1334758504 515878 icapeople/bradunov/surge273.txt 391 1334758504 519733
1 1 1 1334758504 571709 icapeople/bradunov/surge127.txt 250 1334758504 575427
1 1 2 1334758504 628019 icapeople/bradunov/surge0.txt 75 1334758504 631842
1 1 3 1334758504 684344 icapeople/bradunov/surge315.txt 418 1334758504 689698
1 1 4 1334758504 740650 icapeople/bradunov/surge294.txt 404 1334758505 591044
1 1 5 1334758504 796950 icapeople/bradunov/surge266.txt 387 1334758505 593899
1 1 6 1334758504 853254 icapeople/bradunov/surge786.txt 865 1334758505 700334
1 1 3 1334758506 212442 icapeople/bradunov/surge2085.txt 2954 1334758506 214996
1 1 1 1334758505 697766 icapeople/bradunov/surge786.txt 865 1334758506 599656
1 1 6 1334758506 827664 icapeople/bradunov/surge9.txt 101 1334758506 828001
1 1 2 1334758505 794206 icapeople/bradunov/surge3165.txt 10634 1334758507 600877
1 1 6 1334758508 286668 icapeople/bradunov/surge2057.txt 2890 1334758508 288104
1 1 3 1334758508 21301 icapeople/bradunov/surge3707.txt 59875 1334758508 612949
1 1 4 1334758508 612458 icapeople/bradunov/surge3165.txt 10634 1334758508 613477
1 1 5 1334758508 507916 icapeople/bradunov/surge136.txt 263 1334758508 615893
1 1 1 1334758509 304620 icapeople/bradunov/surge736.txt 823 1334758509 307120
1 1 3 1334758510 215726 icapeople/bradunov/surge873.txt 946 1334758510 217146
1 1 5 1334758510 332983 icapeople/bradunov/surge1915.txt 2546 1334758510 333333
1 1 6 1334758510 525989 icapeople/bradunov/surge2057.txt 2890 1334758510 528099
1 1 3 1334758511 362237 icapeople/bradunov/surge3644.txt 46920 1334758511 365757
1 1 1 1334758511 583474 icapeople/bradunov/surge84.txt 206 1334758511 586973
1 1 5 1334758511 748347 icapeople/bradunov/surge697.txt 777 1334758511 752151
1 1 6 1334758512 597773 icapeople/bradunov/surge0.txt 75 1334758512 601576
1 1 1 1334758512 790881 icapeople/bradunov/surge62.txt 180 1334758512 791313
1 1 3 1334758512 851449 icapeople/bradunov/surge1063.txt 1148 1334758512 853928
1 1 2 1334758513 258544 icapeople/bradunov/surge1915.txt 2546 1334758513 262366
1 1 5 1334758513 290738 icapeople/bradunov/surge652.txt 737 1334758513 291070
1 1 3 1334758514 88201 icapeople/bradunov/surge141.txt 266 1334758514 88543
1 1 6 1334758514 309380 icapeople/bradunov/surge441.txt 530 1334758514 310778
1 1 2 1334758514 582882 icapeople/bradunov/surge0.txt 75 1334758514 584301
1 1 1 1334758515 330663 icapeople/bradunov/surge314.txt 418 1334758515 332087
1 1 6 1334758516 160592 icapeople/bradunov/surge803.txt 878 1334758516 162057
1 1 5 1334758516 309993 icapeople/bradunov/surge697.txt 777 1334758516 312489
1 1 1 1334758516 890297 icapeople/bradunov/surge549.txt 648 1334758516 891714
1 1 1 1334758516 891723 icapeople/bradunov/surge3038.txt 8667 1334758516 894156
1 1 3 1334758516 906387 icapeople/bradunov/surge679.txt 765 1334758516 910172
1 1 5 1334758518 711574 icapeople/bradunov/surge1390.txt 1571 1334758518 713127
1 1 1 1334758519 415147 icapeople/bradunov/surge289.txt 402 1334758519 416582
1 1 3 1334758520 597243 icapeople/bradunov/surge113.txt 240 1334758520 598636
1 1 5 1334758520 746097 icapeople/bradunov/surge1013.txt 1096 1334758520 746422
1 1 1 1334758521 300970 icapeople/bradunov/surge340.txt 437 1334758521 303721
1 1 2 1334758521 453774 icapeople/bradunov/surge3759.txt 76223 1334758521 454140
1 1 6 1334758521 690870 icapeople/bradunov/surge62.txt 180 1334758521 692302
1 1 3 1334758521 767287 icapeople/bradunov/surge25.txt 123 1334758521 771060
1 1 5 1334758521 851786 icapeople/bradunov/surge985.txt 1063 1334758521 852135
1 1 6 1334758522 724216 icapeople/bradunov/surge0.txt 75 1334758522 724536
1 1 1 1334758522 989640 icapeople/bradunov/surge57.txt 164 1334758522 991058
1 1 6 1334758523 940895 icapeople/bradunov/surge31.txt 133 1334758523 942461
1 1 2 1334758525 124090 icapeople/bradunov/surge0.txt 75 1334758525 125665
1 1 6 1334758525 301076 icapeople/bradunov/surge485.txt 574 1334758525 303574
1 1 1 1334758525 562486 icapeople/bradunov/surge0.txt 75 1334758525 564895
1 1 5 1334758525 671029 icapeople/bradunov/surge106.txt 236 1334758525 672437
1 1 1 1334758526 740453 icapeople/bradunov/surge327.txt 427 1334758526 740841
1 1 5 1334758526 989734 icapeople/bradunov/surge35.txt 139 1334758526 991158
1 1 6 1334758527 749637 icapeople/bradunov/surge3165.txt 10634 1334758527 751119
1 1 6 1334758529 128596 icapeople/bradunov/surge264.txt 384 1334758529 129975
1 1 5 1334758529 876306 icapeople/bradunov/surge1555.txt 1870 1334758529 878863
1 1 3 1334758530 17060 icapeople/bradunov/surge3665.txt 50755 1334758530 18460
1 1 6 1334758530 157831 icapeople/bradunov/surge0.txt 75 1334758530 159252
1 1 6 1334758531 334951 icapeople/bradunov/surge3165.txt 10634 1334758531 335338
1 1 2 1334758531 709343 icapeople/bradunov/surge175.txt 299 1334758531 710779
1 1 1 1334758532 34911 icapeople/bradunov/surge221.txt 342 1334758532 35255
1 1 6 1334758532 855083 icapeople/bradunov/surge576.txt 671 1334758532 858838
1 1 5 1334758532 907360 icapeople/bradunov/surge736.txt 823 1334758532 907685
1 1 2 1334758533 8032 icapeople/bradunov/surge6.txt 94 1334758533 8357
1 1 1 1334758533 945333 icapeople/bradunov/surge1234.txt 1363 1334758533 947808
1 1 2 1334758534 94184 icapeople/bradunov/surge136.txt 263 1334758534 96658
1 1 5 1334758534 415966 icapeople/bradunov/surge6.txt 94 1334758534 417551
1 1 1 1334758535 313073 icapeople/bradunov/surge0.txt 75 1334758535 315549
1 1 1 1334758536 753220 icapeople/bradunov/surge670.txt 758 1334758536 755736
1 1 5 1334758537 340511 icapeople/bradunov/surge1092.txt 1184 1334758537 341902
1 1 1 1334758537 871456 icapeople/bradunov/surge3625.txt 42720 1334758537 871851
1 1 5 1334758539 178953 icapeople/bradunov/surge3165.txt 10634 1334758539 179316
1 1 1 1334758540 144385 icapeople/bradunov/surge704.txt 787 1334758540 148172
1 1 5 1334758540 389905 icapeople/bradunov/surge296.txt 404 1334758540 391310
1 1 6 1334758540 490430 icapeople/bradunov/surge3582.txt 34153 1334758540 490780
1 1 5 1334758541 540303 icapeople/bradunov/surge539.txt 636 1334758541 542790
1 1 1 1334758541 636890 icapeople/bradunov/surge26.txt 125 1334758541 639377
1 1 6 1334758541 838028 icapeople/bradunov/surge2992.txt 8028 1334758541 839559
1 1 5 1334758542 795333 icapeople/bradunov/surge221.txt 342 1334758542 796815
1 1 6 1334758542 890480 icapeople/bradunov/surge3566.txt 32364 1334758542 894260
1 1 5 1334758544 700166 icapeople/bradunov/surge441.txt 530 1334758544 700536
1 1 6 1334758545 82218 icapeople/bradunov/surge2011.txt 2764 1334758545 82563
1 1 1 1334758545 632886 icapeople/bradunov/surge192.txt 314 1334758545 634271
1 1 6 1334758546 308315 icapeople/bradunov/surge0.txt 75 1334758546 310827
1 1 3 1334758547 373946 icapeople/bradunov/surge0.txt 75 1334758547 376446
1 1 6 1334758547 558899 icapeople/bradunov/surge29.txt 132 1334758547 559221
1 1 5 1334758548 214296 icapeople/bradunov/surge104.txt 235 1334758548 216817
1 1 1 1334758548 660589 icapeople/bradunov/surge3582.txt 34153 1334758548 663058
1 1 6 1334758549 59536 icapeople/bradunov/surge2169.txt 3233 1334758549 62022
1 1 1 1334758549 829096 icapeople/bradunov/surge17.txt 109 1334758549 830489
1 1 5 1334758549 869535 icapeople/bradunov/surge1352.txt 1528 1334758549 872139
1 1 2 1334758549 907088 icapeople/bradunov/surge1014.txt 1097 1334758549 909565
1 1 3 1334758550 509687 icapeople/bradunov/surge373.txt 472 1334758550 510008
1 1 1 1334758551 261449 icapeople/bradunov/surge699.txt 779 1334758551 262914
1 1 2 1334758551 490728 icapeople/bradunov/surge2105.txt 3000 1334758551 492124
1 1 3 1334758551 989409 icapeople/bradunov/surge3582.txt 34153 1334758551 991867
1 1 2 1334758552 549065 icapeople/bradunov/surge804.txt 881 1334758552 550503
1 1 1 1334758552 621592 icapeople/bradunov/surge90.txt 213 1334758552 621935
1 1 3 1334758553 89450 icapeople/bradunov/surge3013.txt 8296 1334758553 91917
1 1 1 1334758553 645439 icapeople/bradunov/surge3654.txt 48952 1334758553 648047
1 1 6 1334758554 272621 icapeople/bradunov/surge1085.txt 1164 1334758554 274035
1 1 3 1334758554 546054 icapeople/bradunov/surge0.txt 75 1334758554 548677
1 1 1 1334758554 686816 icapeople/bradunov/surge448.txt 538 1334758554 689299
1 1 5 1334758555 140994 icapeople/bradunov/surge3582.txt 34153 1334758555 142406
1 1 6 1334758555 539025 icapeople/bradunov/surge192.txt 314 1334758555 541560
1 1 3 1334758556 576229 icapeople/bradunov/surge804.txt 881 1334758556 578689
1 1 6 1334758556 712981 icapeople/bradunov/surge314.txt 418 1334758556 713304
1 1 1 1334758556 946179 icapeople/bradunov/surge1712.txt 2142 1334758556 947626
1 1 6 1334758558 3526 icapeople/bradunov/surge401.txt 500 1334758558 5022
1 1 5 1334758558 39739 icapeople/bradunov/surge575.txt 670 1334758558 43487
1 1 5 1334758558 43497 icapeople/bradunov/surge3229.txt 12387 1334758558 43842
1 1 6 1334758559 342316 icapeople/bradunov/surge221.txt 342 1334758559 342637
1 1 1 1334758562 204692 icapeople/bradunov/surge1390.txt 1571 1334758562 207218
1 1 0 1334758562 450082 icapeople/bradunov/surge405.txt 502 1334758562 452333
1 1 3 1334758563 523487 icapeople/bradunov/surge1189.txt 1304 1334758563 526966
1 1 3 1334758563 526975 icapeople/bradunov/surge3113.txt 9561 1334758563 528377
1 1 0 1334758563 688332 icapeople/bradunov/surge3558.txt 31755 1334758563 690802
1 1 1 1334758565 236030 icapeople/bradunov/surge580.txt 675 1334758565 237417
1 1 6 1334758565 883378 icapeople/bradunov/surge3759.txt 76223 1334758565 884788
1 1 0 1334758566 249146 icapeople/bradunov/surge90.txt 213 1334758566 252943
1 1 1 1334758566 381870 icapeople/bradunov/surge3165.txt 10634 1334758566 382231
1 1 0 1334758567 278366 icapeople/bradunov/surge3013.txt 8296 1334758567 278740
1 1 1 1334758567 463327 icapeople/bradunov/surge3013.txt 8296 1334758567 464928
1 1 6 1334758567 708479 icapeople/bradunov/surge591.txt 684 1334758567 709931
1 1 1 1334758568 898583 icapeople/bradunov/surge3302.txt 15138 1334758568 900004
1 1 6 1334758569 3125 icapeople/bradunov/surge3165.txt 10634 1334758569 4539
1 1 2 1334758569 228443 icapeople/bradunov/surge1858.txt 2422 1334758569 230722
1 1 0 1334758569 875502 icapeople/bradunov/surge472.txt 560 1334758569 878162
1 1 2 1334758570 273468 icapeople/bradunov/surge841.txt 913 1334758570 274923
1 1 1 1334758570 361935 icapeople/bradunov/surge3013.txt 8296 1334758570 364409
1 1 0 1334758571 539939 icapeople/bradunov/surge191.txt 312 1334758571 541359
1 1 1 1334758571 568094 icapeople/bradunov/surge4.txt 88 1334758571 569507
1 1 1 1334758572 810275 icapeople/bradunov/surge723.txt 809 1334758572 812831
1 1 6 1334758572 951007 icapeople/bradunov/surge2876.txt 6921 1334758572 953468
1 1 0 1334758573 899886 icapeople/bradunov/surge136.txt 263 1334758573 901361
1 1 1 1334758573 936069 icapeople/bradunov/surge314.txt 418 1334758573 938535
1 1 6 1334758574 442638 icapeople/bradunov/surge2883.txt 6961 1334758574 444265
1 1 6 1334758575 689133 icapeople/bradunov/surge2384.txt 3932 1334758575 689484
1 1 2 1334758576 95189 icapeople/bradunov/surge549.txt 648 1334758576 96638
1 1 2 1334758576 96649 icapeople/bradunov/surge3038.txt 8667 1334758576 96958
1 1 2 1334758577 108369 icapeople/bradunov/surge2674.txt 5404 1334758577 110842
1 1 2 1334758577 110851 icapeople/bradunov/surge3070.txt 9037 1334758577 112214
1 1 6 1334758577 224998 icapeople/bradunov/surge3759.txt 76223 1334758577 227488
1 1 2 1334758578 161606 icapeople/bradunov/surge1726.txt 2160 1334758578 162983
1 1 0 1334758578 242147 icapeople/bradunov/surge337.txt 434 1334758578 245639
1 1 0 1334758578 245649 icapeople/bradunov/surge2944.txt 7583 1334758578 247025
1 1 6 1334758579 471888 icapeople/bradunov/surge2216.txt 3385 1334758579 473347
1 1 0 1334758579 689022 icapeople/bradunov/surge804.txt 881 1334758579 689355
1 1 6 1334758580 549373 icapeople/bradunov/surge549.txt 648 1334758580 550814
1 1 6 1334758580 550823 icapeople/bradunov/surge3038.txt 8667 1334758580 553257
1 1 6 1334758581 932476 icapeople/bradunov/surge1843.txt 2386 1334758581 935078
1 1 0 1334758582 680206 icapeople/bradunov/surge266.txt 387 1334758582 682797
1 1 1 1334758583 78201 icapeople/bradunov/surge3165.txt 10634 1334758583 80688
1 1 2 1334758583 214910 icapeople/bradunov/surge179.txt 305 1334758583 216329
1 1 2 1334758584 509376 icapeople/bradunov/surge3558.txt 31755 1334758584 511867
1 1 1 1334758585 32111 icapeople/bradunov/surge3582.txt 34153 1334758585 34702
1 1 1 1334758586 169781 icapeople/bradunov/surge7.txt 96 1334758586 171183
1 1 0 1334758586 716664 icapeople/bradunov/surge73.txt 193 1334758586 719328
1 1 1 1334758587 504670 icapeople/bradunov/surge3302.txt 15138 1334758587 508471
1 1 2 1334758587 878512 icapeople/bradunov/surge3582.txt 34153 1334758587 878839
1 1 0 1334758588 610211 icapeople/bradunov/surge395.txt 495 1334758588 612688
1 1 2 1334758588 927864 icapeople/bradunov/surge723.txt 809 1334758588 930498
1 1 1 1334758589 36477 icapeople/bradunov/surge1329.txt 1499 1334758589 39080
1 1 1 1334758589 39091 icapeople/bradunov/surge159.txt 286 1334758589 40459
1 1 6 1334758589 824960 icapeople/bradunov/surge549.txt 648 1334758589 826359
1 1 6 1334758589 826368 icapeople/bradunov/surge3038.txt 8667 1334758589 826670
1 1 0 1334758590 526094 icapeople/bradunov/surge2947.txt 7608 1334758590 526450
1 1 0 1334758590 526459 icapeople/bradunov/surge2232.txt 3440 1334758590 527848
1 1 1 1334758591 516857 icapeople/bradunov/surge473.txt 563 1334758591 519375
1 1 2 1334758592 320965 icapeople/bradunov/surge3013.txt 8296 1334758592 322361
1 1 1 1334758592 883830 icapeople/bradunov/surge1563.txt 1884 1334758592 884157
1 1 1 1334758592 884166 icapeople/bradunov/surge2192.txt 3315 1334758592 885585
1 1 2 1334758593 659722 icapeople/bradunov/surge0.txt 75 1334758593 662337
1 1 2 1334758594 913996 icapeople/bradunov/surge2011.txt 2764 1334758594 915396
1 1 6 1334758596 79934 icapeople/bradunov/surge488.txt 577 1334758596 81345
1 1 2 1334758597 901147 icapeople/bradunov/surge3705.txt 59589 1334758597 903565
1 1 2 1334758597 903575 icapeople/bradunov/surge2380.txt 3914 1334758597 905222
1 1 6 1334758601 233985 icapeople/bradunov/surge3165.txt 10634 1334758601 237780
1 1 6 1334758602 307401 icapeople/bradunov/surge29.txt 132 1334758602 308850
1 1 6 1334758604 924761 icapeople/bradunov/surge3688.txt 55387 1334758604 928529
1 1 6 1334758606 26246 icapeople/bradunov/surge3991.txt 726552 1334758606 26627
1 1 6 1334758607 296728 icapeople/bradunov/surge3582.txt 34153 1334758607 297061
1 1 6 1334758609 109936 icapeople/bradunov/surge529.txt 624 1334758609 111325
1 1 6 1334758610 243665 icapeople/bradunov/surge85.txt 209 1334758610 245175
1 1 6 1334758615 602665 icapeople/bradunov/surge2464.txt 4316 1334758615 605141
1 1 6 1334758615 605150 icapeople/bradunov/surge1574.txt 1906 1334758615 606513
1 1 6 1334758633 237051 icapeople/bradunov/surge273.txt 391 1334758633 239564
1 1 4 1334758686 665940 icapeople/bradunov/surge0.txt 75 1334758686 668326
1 1 4 1334758687 900112 icapeople/bradunov/surge2839.txt 6601 1334758687 900545
1 1 4 1334758687 900557 icapeople/bradunov/surge196.txt 319 1334758687 901936
1 1 4 1334758689 86095 icapeople/bradunov/surge3165.txt 10634 1334758689 88764
1 1 4 1334758690 497263 icapeople/bradunov/surge2207.txt 3361 1334758690 498758
1 1 4 1334758690 498769 icapeople/bradunov/surge3214.txt 12026 1334758690 501256
1 1 6 1334758721 662772 icapeople/bradunov/surge0.txt 75 1334758721 666426
1 1 6 1334758723 25636 icapeople/bradunov/surge191.txt 312 1334758723 26073
1 1 6 1334758724 460913 icapeople/bradunov/surge3165.txt 10634 1334758724 462393
1 1 6 1334758725 803683 icapeople/bradunov/surge950.txt 1026 1334758725 804113
1 1 6 1334758728 875219 icapeople/bradunov/surge3654.txt 48952 1334758728 876729
1 1 6 1334758730 173759 icapeople/bradunov/surge1390.txt 1571 1334758730 174175
1 1 6 1334758731 231115 icapeople/bradunov/surge550.txt 650 1334758731 234965
1 1 6 1334758732 770930 icapeople/bradunov/surge382.txt 485 1334758732 772377
1 1 6 1334758734 77529 icapeople/bradunov/surge549.txt 648 1334758734 80144
1 1 6 1334758734 80155 icapeople/bradunov/surge3038.txt 8667 1334758734 81526
1 1 6 1334758735 589130 icapeople/bradunov/surge73.txt 193 1334758735 590527
1 1 6 1334758736 742956 icapeople/bradunov/surge3625.txt 42720 1334758736 745499
1 1 6 1334758738 49594 icapeople/bradunov/surge549.txt 648 1334758738 52324
1 1 6 1334758738 52336 icapeople/bradunov/surge3038.txt 8667 1334758738 53729
1 1 6 1334758739 492842 icapeople/bradunov/surge441.txt 530 1334758739 494333
1 1 6 1334758740 859793 icapeople/bradunov/surge1387.txt 1567 1334758740 861251
1 1 6 1334758742 178459 icapeople/bradunov/surge619.txt 712 1334758742 180972
1 1 6 1334758743 513199 icapeople/bradunov/surge807.txt 886 1334758743 515926
1 1 6 1334758743 515938 icapeople/bradunov/surge3224.txt 12307 1334758743 517317
1 1 6 1334758744 711326 icapeople/bradunov/surge174.txt 297 1334758744 713866
1 1 6 1334758745 808801 icapeople/bradunov/surge550.txt 650 1334758745 810293
1 1 6 1334758748 188810 icapeople/bradunov/surge2668.txt 5368 1334758748 191382
1 1 6 1334758749 250246 icapeople/bradunov/surge85.txt 209 1334758749 252930
1 1 6 1334758750 544763 icapeople/bradunov/surge73.txt 193 1334758750 545177
1 1 6 1334758752 784066 icapeople/bradunov/surge73.txt 193 1334758752 785554
1 1 6 1334758756 225436 icapeople/bradunov/surge2043.txt 2844 1334758756 228139
1 1 6 1334758766 754645 icapeople/bradunov/surge3165.txt 10634 1334758766 757205
1 1 6 1334758768 53253 icapeople/bradunov/surge0.txt 75 1334758768 55826
1 1 6 1334758769 66313 icapeople/bradunov/surge3558.txt 31755 1334758769 66682
1 1 6 1334758770 795079 icapeople/bradunov/surge549.txt 648 1334758770 797481
1 1 6 1334758770 797490 icapeople/bradunov/surge3038.txt 8667 1334758770 798865
1 1 6 1334758772 564018 icapeople/bradunov/surge29.txt 132 1334758772 564416
1 1 6 1334758774 188213 icapeople/bradunov/surge529.txt 624 1334758774 189740
1 1 6 1334758775 571204 icapeople/bradunov/surge3165.txt 10634 1334758775 572677
1 1 6 1334758776 584338 icapeople/bradunov/surge1287.txt 1431 1334758776 585783
1 1 6 1334758778 71839 icapeople/bradunov/surge2590.txt 4879 1334758778 74523
1 1 6 1334758778 74535 icapeople/bradunov/surge1196.txt 1314 1334758778 75976
1 2 0 1334758505 521118 icapeople/bradunov/surge200.txt 321 1334758505 796773
1 2 1 1334758505 576810 icapeople/bradunov/surge1638.txt 2012 1334758506 595148
1 2 2 1334758505 633093 icapeople/bradunov/surge549.txt 648 1334758506 598003
1 2 2 1334758506 598016 icapeople/bradunov/surge3038.txt 8667 1334758506 599670
1 2 3 1334758505 689385 icapeople/bradunov/surge549.txt 648 1334758506 600861
1 2 3 1334758506 600872 icapeople/bradunov/surge3038.txt 8667 1334758506 601218
1 2 0 1334758507 583011 icapeople/bradunov/surge549.txt 648 1334758507 585572
1 2 0 1334758507 585586 icapeople/bradunov/surge3038.txt 8667 1334758507 585907
1 2 4 1334758505 745691 icapeople/bradunov/surge104.txt 235 1334758507 600190
1 2 5 1334758505 797986 icapeople/bradunov/surge73.txt 193 1334758507 603513
1 2 6 1334758505 850273 icapeople/bradunov/surge316.txt 418 1334758507 603527
1 2 3 1334758507 702488 icapeople/bradunov/surge960.txt 1038 1334758507 703935
1 2 2 1334758508 342972 icapeople/bradunov/surge549.txt 648 1334758508 343306
1 2 2 1334758508 343315 icapeople/bradunov/surge3038.txt 8667 1334758508 344713
1 2 0 1334758508 736933 icapeople/bradunov/surge54.txt 162 1334758508 738332
1 2 4 1334758508 757352 icapeople/bradunov/surge549.txt 648 1334758508 758800
1 2 4 1334758508 758809 icapeople/bradunov/surge3038.txt 8667 1334758508 760185
1 2 3 1334758508 918116 icapeople/bradunov/surge73.txt 193 1334758508 919517
1 2 1 1334758509 135301 icapeople/bradunov/surge3165.txt 10634 1334758509 136740
1 2 6 1334758509 179585 icapeople/bradunov/surge233.txt 357 1334758509 180996
1 2 5 1334758509 357167 icapeople/bradunov/surge1018.txt 1100 1334758509 359651
1 2 3 1334758510 183381 icapeople/bradunov/surge3759.txt 76223 1334758510 185900
1 2 0 1334758510 316822 icapeople/bradunov/surge332.txt 430 1334758510 318238
1 2 6 1334758510 530041 icapeople/bradunov/surge1155.txt 1268 1334758510 532542
1 2 2 1334758510 622493 icapeople/bradunov/surge136.txt 263 1334758510 623887
1 2 4 1334758510 710995 icapeople/bradunov/surge734.txt 820 1334758510 713575
1 2 5 1334758510 783421 icapeople/bradunov/surge3165.txt 10634 1334758510 784833
1 2 1 1334758511 181455 icapeople/bradunov/surge576.txt 671 1334758511 181828
1 2 3 1334758511 760470 icapeople/bradunov/surge441.txt 530 1334758511 764222
1 2 2 1334758512 1850 icapeople/bradunov/surge1712.txt 2142 1334758512 4466
1 2 6 1334758512 283337 icapeople/bradunov/surge0.txt 75 1334758512 284753
1 2 3 1334758512 883634 icapeople/bradunov/surge1915.txt 2546 1334758512 885028
1 2 5 1334758513 85479 icapeople/bradunov/surge56.txt 163 1334758513 85805
1 2 4 1334758513 246437 icapeople/bradunov/surge28.txt 128 1334758513 247884
1 2 2 1334758513 508952 icapeople/bradunov/surge200.txt 321 1334758513 509302
1 2 0 1334758513 512989 icapeople/bradunov/surge0.txt 75 1334758513 514396
1 2 4 1334758514 289259 icapeople/bradunov/surge111.txt 238 1334758514 289629
1 2 3 1334758514 325483 icapeople/bradunov/surge123.txt 247 1334758514 325822
1 2 1 1334758514 385798 icapeople/bradunov/surge1013.txt 1096 1334758514 388209
1 2 6 1334758514 482378 icapeople/bradunov/surge1788.txt 2275 1334758514 485852
1 2 5 1334758514 844273 icapeople/bradunov/surge62.txt 180 1334758514 846683
1 2 2 1334758515 282418 icapeople/bradunov/surge3806.txt 95847 1334758515 282753
1 2 6 1334758515 902542 icapeople/bradunov/surge193.txt 315 1334758515 902878
1 2 6 1334758515 902887 icapeople/bradunov/surge2841.txt 6617 1334758515 904261
1 2 0 1334758516 100063 icapeople/bradunov/surge107.txt 236 1334758516 102585
1 2 1 1334758516 600084 icapeople/bradunov/surge704.txt 787 1334758516 601494
1 2 4 1334758517 43181 icapeople/bradunov/surge499.txt 590 1334758517 44602
1 2 0 1334758517 143699 icapeople/bradunov/surge619.txt 712 1334758517 146192
1 2 3 1334758517 212071 icapeople/bradunov/surge1767.txt 2236 1334758517 214477
1 2 1 1334758518 241309 icapeople/bradunov/surge1063.txt 1148 1334758518 243783
1 2 4 1334758518 406183 icapeople/bradunov/surge221.txt 342 1334758518 408651
1 2 0 1334758518 703515 icapeople/bradunov/surge549.txt 648 1334758518 706182
1 2 0 1334758518 706191 icapeople/bradunov/surge3038.txt 8667 1334758518 707560
1 2 6 1334758518 759851 icapeople/bradunov/surge3165.txt 10634 1334758518 761263
1 2 6 1334758519 873482 icapeople/bradunov/surge704.txt 787 1334758519 873881
1 2 3 1334758520 219194 icapeople/bradunov/surge62.txt 180 1334758520 220651
1 2 0 1334758520 593202 icapeople/bradunov/surge25.txt 123 1334758520 593553
1 2 6 1334758521 164232 icapeople/bradunov/surge699.txt 779 1334758521 166747
1 2 2 1334758521 622567 icapeople/bradunov/surge1155.txt 1268 1334758521 622917
1 2 3 1334758521 650669 icapeople/bradunov/surge473.txt 563 1334758521 652162
1 2 0 1334758521 654697 icapeople/bradunov/surge292.txt 403 1334758521 655023
1 2 4 1334758522 326248 icapeople/bradunov/surge734.txt 820 1334758522 327711
1 2 5 1334758522 687974 icapeople/bradunov/surge2.txt 80 1334758522 688358
1 2 3 1334758522 760421 icapeople/bradunov/surge1767.txt 2236 1334758522 761813
1 2 2 1334758522 800664 icapeople/bradunov/surge106.txt 236 1334758522 801053
1 2 6 1334758523 578291 icapeople/bradunov/surge0.txt 75 1334758523 579931
1 2 2 1334758523 803468 icapeople/bradunov/surge1186.txt 1302 1334758523 804932
1 2 5 1334758525 63716 icapeople/bradunov/surge136.txt 263 1334758525 65165
1 2 6 1334758525 75815 icapeople/bradunov/surge0.txt 75 1334758525 76138
1 2 4 1334758525 916307 icapeople/bradunov/surge425.txt 515 1334758525 918818
1 2 2 1334758526 121404 icapeople/bradunov/surge104.txt 235 1334758526 123887
1 2 4 1334758527 214831 icapeople/bradunov/surge1409.txt 1595 1334758527 215199
1 2 2 1334758527 604892 icapeople/bradunov/surge1509.txt 1779 1334758527 606500
1 2 4 1334758528 662209 icapeople/bradunov/surge62.txt 180 1334758528 662662
1 2 2 1334758530 306968 icapeople/bradunov/surge0.txt 75 1334758530 307322
1 2 0 1334758530 802895 icapeople/bradunov/surge0.txt 75 1334758530 805303
1 2 6 1334758530 843136 icapeople/bradunov/surge3582.txt 34153 1334758530 844496
1 2 4 1334758531 145781 icapeople/bradunov/surge0.txt 75 1334758531 149265
1 2 1 1334758531 153870 icapeople/bradunov/surge3839.txt 117924 1334758531 155266
1 2 0 1334758531 870176 icapeople/bradunov/surge3648.txt 47292 1334758531 871607
1 2 6 1334758532 228006 icapeople/bradunov/surge221.txt 342 1334758532 228336
1 2 1 1334758532 545658 icapeople/bradunov/surge1234.txt 1363 1334758532 547028
1 2 2 1334758532 931542 icapeople/bradunov/surge1234.txt 1363 1334758532 932943
1 2 0 1334758533 112649 icapeople/bradunov/surge1234.txt 1363 1334758533 114233
1 2 5 1334758533 229358 icapeople/bradunov/surge337.txt 434 1334758533 230743
1 2 5 1334758533 230753 icapeople/bradunov/surge2944.txt 7583 1334758533 233165
1 2 1 1334758533 555017 icapeople/bradunov/surge20.txt 111 1334758533 557532
1 2 6 1334758533 711951 icapeople/bradunov/surge221.txt 342 1334758533 712319
1 2 3 1334758533 913141 icapeople/bradunov/surge679.txt 765 1334758533 914743
1 2 4 1334758534 206796 icapeople/bradunov/surge1679.txt 2080 1334758534 207128
1 2 5 1334758534 645315 icapeople/bradunov/surge1194.txt 1311 1334758534 646735
1 2 1 1334758535 19288 icapeople/bradunov/surge3165.txt 10634 1334758535 21800
1 2 0 1334758535 244646 icapeople/bradunov/surge221.txt 342 1334758535 246094
1 2 2 1334758535 413652 icapeople/bradunov/surge127.txt 250 1334758535 416287
1 2 6 1334758535 622792 icapeople/bradunov/surge1788.txt 2275 1334758535 624224
1 2 4 1334758535 856039 icapeople/bradunov/surge448.txt 538 1334758535 857452
1 2 1 1334758536 258405 icapeople/bradunov/surge2137.txt 3113 1334758536 261134
1 2 1 1334758536 261143 icapeople/bradunov/surge1396.txt 1583 1334758536 263555
1 2 3 1334758536 543981 icapeople/bradunov/surge382.txt 485 1334758536 545316
1 2 0 1334758536 572150 icapeople/bradunov/surge2326.txt 3743 1334758536 573717
1 2 2 1334758536 781402 icapeople/bradunov/surge758.txt 838 1334758536 783866
1 2 5 1334758537 738754 icapeople/bradunov/surge734.txt 820 1334758537 739335
1 2 0 1334758537 770929 icapeople/bradunov/surge3396.txt 19630 1334758537 774773
1 2 3 1334758538 390442 icapeople/bradunov/surge3582.txt 34153 1334758538 390783
1 2 6 1334758538 535215 icapeople/bradunov/surge105.txt 235 1334758538 536668
1 2 2 1334758538 591519 icapeople/bradunov/surge3732.txt 67433 1334758538 591848
1 2 0 1334758539 130671 icapeople/bradunov/surge3582.txt 34153 1334758539 132086
1 2 5 1334758539 819840 icapeople/bradunov/surge1234.txt 1363 1334758539 822246
1 2 3 1334758539 874869 icapeople/bradunov/surge1092.txt 1184 1334758539 876276
1 2 2 1334758540 216854 icapeople/bradunov/surge136.txt 263 1334758540 220642
1 2 6 1334758540 631120 icapeople/bradunov/surge62.txt 180 1334758540 632548
1 2 0 1334758540 860517 icapeople/bradunov/surge35.txt 139 1334758540 861912
1 2 5 1334758541 938556 icapeople/bradunov/surge539.txt 636 1334758541 939116
1 2 6 1334758542 111470 icapeople/bradunov/surge1788.txt 2275 1334758542 113962
1 2 3 1334758542 308648 icapeople/bradunov/surge441.txt 530 1334758542 310094
1 2 5 1334758543 313109 icapeople/bradunov/surge15.txt 108 1334758543 314572
1 2 3 1334758543 650887 icapeople/bradunov/surge221.txt 342 1334758543 652479
1 2 2 1334758543 815636 icapeople/bradunov/surge221.txt 342 1334758543 818222
1 2 0 1334758544 338374 icapeople/bradunov/surge539.txt 636 1334758544 339814
1 2 3 1334758544 696121 icapeople/bradunov/surge0.txt 75 1334758544 698637
1 2 5 1334758544 840954 icapeople/bradunov/surge0.txt 75 1334758544 842353
1 2 4 1334758544 869117 icapeople/bradunov/surge140.txt 264 1334758544 871585
1 2 2 1334758545 218935 icapeople/bradunov/surge1555.txt 1870 1334758545 221346
1 2 2 1334758546 324436 icapeople/bradunov/surge332.txt 430 1334758546 325832
1 2 3 1334758546 545574 icapeople/bradunov/surge3688.txt 55387 1334758546 548082
1 2 5 1334758546 690305 icapeople/bradunov/surge250.txt 377 1334758546 691738
1 2 0 1334758547 743833 icapeople/bradunov/surge62.txt 180 1334758547 746331
1 2 5 1334758548 427431 icapeople/bradunov/surge0.txt 75 1334758548 429903
1 2 3 1334758548 620307 icapeople/bradunov/surge552.txt 652 1334758548 621704
1 2 0 1334758548 837584 icapeople/bradunov/surge715.txt 800 1334758548 838994
1 2 6 1334758549 466397 icapeople/bradunov/surge401.txt 500 1334758549 468924
1 2 4 1334758550 236183 icapeople/bradunov/surge3582.txt 34153 1334758550 237632
1 2 5 1334758550 240223 icapeople/bradunov/surge24.txt 120 1334758550 242723
1 2 2 1334758551 164923 icapeople/bradunov/surge357.txt 455 1334758551 165276
1 2 3 1334758551 438420 icapeople/bradunov/surge0.txt 75 1334758551 440903
1 2 5 1334758551 518869 icapeople/bradunov/surge136.txt 263 1334758551 519198
1 2 0 1334758552 93981 icapeople/bradunov/surge3013.txt 8296 1334758552 95394
1 2 4 1334758552 190726 icapeople/bradunov/surge395.txt 495 1334758552 192128
1 2 5 1334758552 718594 icapeople/bradunov/surge294.txt 404 1334758552 722351
1 2 2 1334758552 972442 icapeople/bradunov/surge3654.txt 48952 1334758552 974004
1 2 3 1334758553 49026 icapeople/bradunov/surge3013.txt 8296 1334758553 51503
1 2 5 1334758554 103729 icapeople/bradunov/surge804.txt 881 1334758554 105186
1 2 2 1334758554 236399 icapeople/bradunov/surge0.txt 75 1334758554 238928
1 2 4 1334758556 89864 icapeople/bradunov/surge9.txt 101 1334758556 92473
1 2 3 1334758556 564176 icapeople/bradunov/surge3396.txt 19630 1334758556 565561
1 2 0 1334758557 629585 icapeople/bradunov/surge15.txt 108 1334758557 633383
1 2 4 1334758558 502007 icapeople/bradunov/surge426.txt 516 1334758558 503440
1 2 0 1334758558 867897 icapeople/bradunov/surge707.txt 789 1334758558 869341
1 2 6 1334758558 980372 icapeople/bradunov/surge62.txt 180 1334758558 984115
1 2 5 1334758559 338275 icapeople/bradunov/surge1190.txt 1306 1334758559 339719
1 2 2 1334758559 358417 icapeople/bradunov/surge4.txt 88 1334758559 359805
1 2 4 1334758560 375464 icapeople/bradunov/surge911.txt 985 1334758560 375897
1 2 5 1334758561 284095 icapeople/bradunov/surge700.txt 781 1334758561 285540
1 2 5 1334758561 285549 icapeople/bradunov/surge339.txt 436 1334758561 285888
1 2 6 1334758561 517212 icapeople/bradunov/surge3558.txt 31755 1334758561 519717
1 2 4 1334758561 577537 icapeople/bradunov/surge591.txt 684 1334758561 578951
1 2 0 1334758562 317340 icapeople/bradunov/surge320.txt 421 1334758562 319843
1 2 4 1334758562 687262 icapeople/bradunov/surge179.txt 305 1334758562 688860
1 2 5 1334758562 968538 icapeople/bradunov/surge112.txt 239 1334758562 969961
1 2 6 1334758563 680318 icapeople/bradunov/surge1566.txt 1887 1334758563 681696
1 2 5 1334758564 255079 icapeople/bradunov/surge702.txt 782 1334758564 255481
1 2 5 1334758564 255492 icapeople/bradunov/surge468.txt 557 1334758564 256885
1 2 4 1334758565 605886 icapeople/bradunov/surge549.txt 648 1334758565 606266
1 2 4 1334758565 606276 icapeople/bradunov/surge3038.txt 8667 1334758565 607651
1 2 6 1334758566 152624 icapeople/bradunov/surge974.txt 1048 1334758566 156442
1 2 2 1334758566 570867 icapeople/bradunov/surge1712.txt 2142 1334758566 573341
1 2 4 1334758566 727689 icapeople/bradunov/surge162.txt 288 1334758566 731161
1 2 0 1334758566 888479 icapeople/bradunov/surge500.txt 590 1334758566 892275
1 2 2 1334758567 716518 icapeople/bradunov/surge118.txt 243 1334758567 716855
1 2 6 1334758568 898576 icapeople/bradunov/surge950.txt 1026 1334758568 899977
1 2 4 1334758569 135798 icapeople/bradunov/surge3849.txt 125802 1334758569 136142
1 2 6 1334758570 28332 icapeople/bradunov/surge1723.txt 2157 1334758570 29732
1 2 6 1334758570 29743 icapeople/bradunov/surge2394.txt 3988 1334758570 32174
1 2 4 1334758570 490606 icapeople/bradunov/surge2549.txt 4694 1334758570 492018
1 2 2 1334758570 699713 icapeople/bradunov/surge3165.txt 10634 1334758570 702321
1 2 6 1334758571 218248 icapeople/bradunov/surge0.txt 75 1334758571 219704
1 2 4 1334758571 740853 icapeople/bradunov/surge3165.txt 10634 1334758571 742241
1 2 2 1334758572 126830 icapeople/bradunov/surge2268.txt 3557 1334758572 130316
1 2 6 1334758572 420424 icapeople/bradunov/surge700.txt 781 1334758572 422912
1 2 6 1334758572 422921 icapeople/bradunov/surge339.txt 436 1334758572 424285
1 2 0 1334758573 111863 icapeople/bradunov/surge29.txt 132 1334758573 113281
1 2 4 1334758573 622462 icapeople/bradunov/surge0.txt 75 1334758573 623867
1 2 2 1334758573 638563 icapeople/bradunov/surge3558.txt 31755 1334758573 641041
1 2 6 1334758574 289776 icapeople/bradunov/surge0.txt 75 1334758574 292304
1 2 0 1334758574 378263 icapeople/bradunov/surge2839.txt 6601 1334758574 379660
1 2 0 1334758574 379668 icapeople/bradunov/surge196.txt 319 1334758574 382102
1 2 4 1334758574 788459 icapeople/bradunov/surge2141.txt 3137 1334758574 789898
1 2 2 1334758574 800548 icapeople/bradunov/surge1712.txt 2142 1334758574 801947
1 2 0 1334758576 183723 icapeople/bradunov/surge2706.txt 5587 1334758576 185097
1 2 4 1334758576 517282 icapeople/bradunov/surge4.txt 88 1334758576 521060
1 2 2 1334758576 842972 icapeople/bradunov/surge3165.txt 10634 1334758576 844553
1 2 4 1334758577 711376 icapeople/bradunov/surge3165.txt 10634 1334758577 713864
1 2 0 1334758578 480271 icapeople/bradunov/surge4.txt 88 1334758578 482795
1 2 4 1334758578 838978 icapeople/bradunov/surge3302.txt 15138 1334758578 842756
1 2 0 1334758579 664900 icapeople/bradunov/surge550.txt 650 1334758579 666340
1 2 2 1334758579 701083 icapeople/bradunov/surge575.txt 670 1334758579 702473
1 2 2 1334758579 702482 icapeople/bradunov/surge3229.txt 12387 1334758579 702800
1 2 0 1334758580 682063 icapeople/bradunov/surge62.txt 180 1334758580 683507
1 2 6 1334758581 602739 icapeople/bradunov/surge3519.txt 28017 1334758581 604138
1 2 4 1334758582 358561 icapeople/bradunov/surge3013.txt 8296 1334758582 361086
1 2 4 1334758583 697269 icapeople/bradunov/surge3582.txt 34153 1334758583 698661
1 2 6 1334758584 324495 icapeople/bradunov/surge1234.txt 1363 1334758584 325903
1 2 0 1334758585 522586 icapeople/bradunov/surge808.txt 886 1334758585 523991
1 2 0 1334758585 524000 icapeople/bradunov/surge3248.txt 12830 1334758585 526418
1 2 6 1334758586 73306 icapeople/bradunov/surge73.txt 193 1334758586 74766
1 2 4 1334758587 146733 icapeople/bradunov/surge734.txt 820 1334758587 148176
1 2 6 1334758587 834255 icapeople/bradunov/surge591.txt 684 1334758587 838032
1 2 4 1334758588 509652 icapeople/bradunov/surge4.txt 88 1334758588 511230
1 2 6 1334758589 153079 icapeople/bradunov/surge0.txt 75 1334758589 155566
1 2 4 1334758589 788579 icapeople/bradunov/surge2105.txt 3000 1334758589 792064
1 2 6 1334758590 409488 icapeople/bradunov/surge3582.txt 34153 1334758590 412026
1 2 4 1334758595 211530 icapeople/bradunov/surge734.txt 820 1334758595 212907
1 2 4 1334758596 534186 icapeople/bradunov/surge3013.txt 8296 1334758596 535585
1 2 3 1334758598 1696 icapeople/bradunov/surge3582.txt 34153 1334758598 4085
1 2 4 1334758598 158402 icapeople/bradunov/surge266.txt 387 1334758598 159840
1 2 4 1334758599 710247 icapeople/bradunov/surge549.txt 648 1334758599 711728
1 2 4 1334758599 711738 icapeople/bradunov/surge3038.txt 8667 1334758599 712047
1 2 4 1334758600 868103 icapeople/bradunov/surge62.txt 180 1334758600 868500
1 2 6 1334758600 892243 icapeople/bradunov/surge0.txt 75 1334758600 893648
1 2 4 1334758602 50057 icapeople/bradunov/surge2141.txt 3137 1334758602 51454
1 2 6 1334758602 444130 icapeople/bradunov/surge3165.txt 10634 1334758602 445519
1 2 4 1334758603 232196 icapeople/bradunov/surge3849.txt 125802 1334758603 234669
1 2 6 1334758604 164853 icapeople/bradunov/surge1155.txt 1268 1334758604 167387
1 2 4 1334758604 301603 icapeople/bradunov/surge3165.txt 10634 1334758604 301971
1 2 3 1334758605 588088 icapeople/bradunov/surge1048.txt 1135 1334758605 589521
1 2 6 1334758606 862451 icapeople/bradunov/surge24.txt 120 1334758606 862836
1 2 3 1334758607 244425 icapeople/bradunov/surge481.txt 567 1334758607 245893
1 2 6 1334758607 903746 icapeople/bradunov/surge85.txt 209 1334758607 906166
1 2 4 1334758608 836473 icapeople/bradunov/surge860.txt 935 1334758608 836892
1 2 6 1334758609 13389 icapeople/bradunov/surge2275.txt 3590 1334758609 14807
1 2 3 1334758609 45570 icapeople/bradunov/surge549.txt 648 1334758609 45895
1 2 3 1334758609 45904 icapeople/bradunov/surge3038.txt 8667 1334758609 47278
1 2 6 1334758610 46573 icapeople/bradunov/surge0.txt 75 1334758610 48027
1 2 3 1334758610 243648 icapeople/bradunov/surge3165.txt 10634 1334758610 244075
1 2 6 1334758611 152203 icapeople/bradunov/surge1712.txt 2142 1334758611 154692
1 2 6 1334758612 764326 icapeople/bradunov/surge3165.txt 10634 1334758612 767026
1 2 3 1334758612 804536 icapeople/bradunov/surge1343.txt 1517 1334758612 805953
1 2 3 1334758614 219712 icapeople/bradunov/surge804.txt 881 1334758614 221145
1 2 4 1334758614 842804 icapeople/bradunov/surge411.txt 507 1334758614 844248
1 2 4 1334758614 844257 icapeople/bradunov/surge2486.txt 4434 1334758614 846692
1 2 3 1334758615 514269 icapeople/bradunov/surge1137.txt 1242 1334758615 516926
1 2 4 1334758616 177614 icapeople/bradunov/surge1190.txt 1306 1334758616 179073
1 2 3 1334758616 824885 icapeople/bradunov/surge1063.txt 1148 1334758616 826357
1 2 6 1334758616 869148 icapeople/bradunov/surge0.txt 75 1334758616 871628
1 2 4 1334758617 427984 icapeople/bradunov/surge2102.txt 2987 1334758617 429392
1 2 3 1334758617 858211 icapeople/bradunov/surge94.txt 220 1334758617 858538
1 2 4 1334758618 597942 icapeople/bradunov/surge549.txt 648 1334758618 600585
1 2 4 1334758618 600595 icapeople/bradunov/surge3038.txt 8667 1334758618 601964
1 2 6 1334758618 630140 icapeople/bradunov/surge3654.txt 48952 1334758618 631692
1 2 3 1334758618 923456 icapeople/bradunov/surge0.txt 75 1334758618 924936
1 2 4 1334758619 647114 icapeople/bradunov/surge549.txt 648 1334758619 649610
1 2 4 1334758619 649619 icapeople/bradunov/surge3038.txt 8667 1334758619 649921
1 2 6 1334758621 568963 icapeople/bradunov/surge472.txt 560 1334758621 570450
1 2 3 1334758621 637360 icapeople/bradunov/surge2739.txt 5828 1334758621 637689
1 2 4 1334758621 874583 icapeople/bradunov/surge2275.txt 3590 1334758621 874958
1 2 6 1334758622 594119 icapeople/bradunov/surge3165.txt 10634 1334758622 595628
1 2 3 1334758622 754979 icapeople/bradunov/surge2011.txt 2764 1334758622 757613
1 2 3 1334758624 109790 icapeople/bradunov/surge3582.txt 34153 1334758624 112406
1 2 3 1334758634 988732 icapeople/bradunov/surge221.txt 342 1334758634 990212
1 2 6 1334758636 866221 icapeople/bradunov/surge1092.txt 1184 1334758636 867713
1 2 6 1334758638 615075 icapeople/bradunov/surge3582.txt 34153 1334758638 616512
1 2 3 1334758639 825185 icapeople/bradunov/surge549.txt 648 1334758639 827744
1 2 3 1334758639 827755 icapeople/bradunov/surge3038.txt 8667 1334758639 828072
1 2 6 1334758640 681536 icapeople/bradunov/surge3013.txt 8296 1334758640 684099
1 2 3 1334758640 999169 icapeople/bradunov/surge401.txt 500 1334758641 1809
1 2 6 1334758641 871598 icapeople/bradunov/surge1777.txt 2249 1334758641 873240
1 2 3 1334758642 317817 icapeople/bradunov/surge441.txt 530 1334758642 319449
1 2 3 1334758643 499803 icapeople/bradunov/surge3665.txt 50755 1334758643 502309
1 2 4 1334758643 950049 icapeople/bradunov/surge1172.txt 1286 1334758643 952429
1 2 6 1334758644 211383 icapeople/bradunov/surge441.txt 530 1334758644 212804
1 2 3 1334758644 878735 icapeople/bradunov/surge24.txt 120 1334758644 880140
1 2 4 1334758645 140019 icapeople/bradunov/surge3823.txt 105483 1334758645 142510
1 2 6 1334758645 397367 icapeople/bradunov/surge804.txt 881 1334758645 398744
1 2 3 1334758646 997453 icapeople/bradunov/surge1229.txt 1349 1334758647 17
1 2 6 1334758647 536134 icapeople/bradunov/surge221.txt 342 1334758647 536533
1 2 6 1334758648 653785 icapeople/bradunov/surge358.txt 456 1334758648 655278
1 2 4 1334758651 134368 icapeople/bradunov/surge1694.txt 2113 1334758651 136935
1 2 6 1334758651 327351 icapeople/bradunov/surge1723.txt 2157 1334758651 329992
1 2 6 1334758651 330002 icapeople/bradunov/surge2394.txt 3988 1334758651 331371
1 2 3 1334758652 629901 icapeople/bradunov/surge62.txt 180 1334758652 632572
1 2 6 1334758653 52045 icapeople/bradunov/surge2706.txt 5587 1334758653 53535
1 2 4 1334758653 164581 icapeople/bradunov/surge3759.txt 76223 1334758653 167192
1 2 3 1334758653 691275 icapeople/bradunov/surge807.txt 886 1334758653 692794
1 2 3 1334758653 692803 icapeople/bradunov/surge3224.txt 12307 1334758653 695243
1 2 6 1334758654 427023 icapeople/bradunov/surge136.txt 263 1334758654 429644
1 2 4 1334758655 50108 icapeople/bradunov/surge3881.txt 144861 1334758655 51584
1 2 3 1334758655 395874 icapeople/bradunov/surge1646.txt 2024 1334758655 398392
1 2 6 1334758655 641076 icapeople/bradunov/surge1566.txt 1887 1334758655 642514
1 2 6 1334758656 650201 icapeople/bradunov/surge3165.txt 10634 1334758656 652739
1 2 6 1334758657 988959 icapeople/bradunov/surge62.txt 180 1334758657 991652
1 2 4 1334758659 339799 icapeople/bradunov/surge2141.txt 3137 1334758659 341262
1 2 3 1334758659 448365 icapeople/bradunov/surge441.txt 530 1334758659 450861
1 2 6 1334758659 934865 icapeople/bradunov/surge804.txt 881 1334758659 936285
1 2 6 1334758660 980072 icapeople/bradunov/surge112.txt 239 1334758660 982609
1 2 4 1334758661 108731 icapeople/bradunov/surge1190.txt 1306 1334758661 111345
1 2 3 1334758661 297682 icapeople/bradunov/surge3165.txt 10634 1334758661 300314
1 2 4 1334758662 238455 icapeople/bradunov/surge3165.txt 10634 1334758662 240979
1 2 4 1334758663 327989 icapeople/bradunov/surge807.txt 886 1334758663 330628
1 2 4 1334758663 330638 icapeople/bradunov/surge3224.txt 12307 1334758663 332007
1 2 6 1334758663 774226 icapeople/bradunov/surge619.txt 712 1334758663 775619
1 2 3 1334758664 280840 icapeople/bradunov/surge558.txt 654 1334758664 281188
1 2 4 1334758665 112949 icapeople/bradunov/surge3165.txt 10634 1334758665 114420
1 2 6 1334758665 732146 icapeople/bradunov/surge825.txt 897 1334758665 735946
1 2 4 1334758666 668858 icapeople/bradunov/surge911.txt 985 1334758666 669272
1 2 3 1334758668 196612 icapeople/bradunov/surge2043.txt 2844 1334758668 198051
1 2 4 1334758669 44859 icapeople/bradunov/surge1234.txt 1363 1334758669 46231
1 2 3 1334758671 899321 icapeople/bradunov/surge431.txt 519 1334758671 900712
1 2 6 1334758672 11924 icapeople/bradunov/surge3013.txt 8296 1334758672 14414
1 2 3 1334758673 73239 icapeople/bradunov/surge2592.txt 4891 1334758673 75793
1 2 6 1334758675 549689 icapeople/bradunov/surge0.txt 75 1334758675 552339
1 2 4 1334758675 674329 icapeople/bradunov/surge1188.txt 1303 1334758675 675763
1 2 3 1334758676 755807 icapeople/bradunov/surge0.txt 75 1334758676 758468
1 2 4 1334758677 133690 icapeople/bradunov/surge1234.txt 1363 1334758677 135120
1 2 4 1334758678 777984 icapeople/bradunov/surge704.txt 787 1334758678 780568
1 2 3 1334758678 898633 icapeople/bradunov/surge290.txt 403 1334758678 900084
1 2 3 1334758678 900093 icapeople/bradunov/surge1427.txt 1628 1334758678 902546
1 2 4 1334758680 305725 icapeople/bradunov/surge3669.txt 51579 1334758680 308407
1 2 6 1334758683 690846 icapeople/bradunov/surge90.txt 213 1334758683 692361
1 2 4 1334758684 277874 icapeople/bradunov/surge1845.txt 2406 1334758684 280418
1 2 4 1334758684 280429 icapeople/bradunov/surge3257.txt 13143 1334758684 281799
1 2 6 1334758684 703986 icapeople/bradunov/surge0.txt 75 1334758684 706505
1 2 4 1334758685 427609 icapeople/bradunov/surge1845.txt 2406 1334758685 429058
1 2 4 1334758685 429069 icapeople/bradunov/surge3257.txt 13143 1334758685 431506
1 2 6 1334758686 661868 icapeople/bradunov/surge3013.txt 8296 1334758686 663347
1 2 4 1334758686 722130 icapeople/bradunov/surge1234.txt 1363 1334758686 723532
1 2 6 1334758689 210713 icapeople/bradunov/surge4.txt 88 1334758689 212135
1 2 6 1334758691 671177 icapeople/bradunov/surge663.txt 749 1334758691 672659
1 2 4 1334758691 767682 icapeople/bradunov/surge20.txt 111 1334758691 768051
1 2 4 1334758692 949651 icapeople/bradunov/surge1963.txt 2637 1334758692 952071
1 2 4 1334758692 952082 icapeople/bradunov/surge2050.txt 2865 1334758692 953459
1 2 6 1334758693 637117 icapeople/bradunov/surge73.txt 193 1334758693 638597
1 2 4 1334758694 107495 icapeople/bradunov/surge3165.txt 10634 1334758694 110006
1 2 4 1334758695 241259 icapeople/bradunov/surge1172.txt 1286 1334758695 243931
1 2 4 1334758696 724741 icapeople/bradunov/surge441.txt 530 1334758696 727446
1 2 4 1334758699 217333 icapeople/bradunov/surge3165.txt 10634 1334758699 218846
1 2 4 1334758700 262587 icapeople/bradunov/surge786.txt 865 1334758700 263977
1 2 6 1334758700 347003 icapeople/bradunov/surge3582.txt 34153 1334758700 349472
1 2 4 1334758701 525011 icapeople/bradunov/surge619.txt 712 1334758701 527703
1 2 4 1334758702 550207 icapeople/bradunov/surge3582.txt 34153 1334758702 551693
1 2 6 1334758704 841734 icapeople/bradunov/surge401.txt 500 1334758704 844306
1 2 6 1334758705 999583 icapeople/bradunov/surge1723.txt 2157 1334758706 1065
1 2 6 1334758706 1076 icapeople/bradunov/surge2394.txt 3988 1334758706 3513
1 2 6 1334758708 640973 icapeople/bradunov/surge3582.txt 34153 1334758708 643669
1 2 4 1334758709 143466 icapeople/bradunov/surge2856.txt 6742 1334758709 144927
1 2 6 1334758713 388941 icapeople/bradunov/surge825.txt 897 1334758713 390393
1 2 4 1334758713 831225 icapeople/bradunov/surge3582.txt 34153 1334758713 833771
1 2 6 1334758715 744823 icapeople/bradunov/surge0.txt 75 1334758715 745241
1 2 4 1334758716 508714 icapeople/bradunov/surge580.txt 675 1334758716 511123
1 2 6 1334758716 898714 icapeople/bradunov/surge81.txt 202 1334758716 901242
1 2 4 1334758717 771067 icapeople/bradunov/surge1287.txt 1431 1334758717 772539
1 2 4 1334758720 319934 icapeople/bradunov/surge3759.txt 76223 1334758720 321437
1 2 6 1334758720 609416 icapeople/bradunov/surge734.txt 820 1334758720 611926
1 2 6 1334758721 658735 icapeople/bradunov/surge2216.txt 3385 1334758721 661409
1 2 4 1334758730 551709 icapeople/bradunov/surge3582.txt 34153 1334758730 553160
1 2 4 1334758732 585985 icapeople/bradunov/surge734.txt 820 1334758732 588671
1 2 4 1334758733 820186 icapeople/bradunov/surge460.txt 552 1334758733 821591
1 2 4 1334758733 821602 icapeople/bradunov/surge2647.txt 5236 1334758733 824017
1 2 4 1334758735 886644 icapeople/bradunov/surge3959.txt 318874 1334758735 889159
1 2 6 1334758738 162197 icapeople/bradunov/surge2654.txt 5273 1334758738 164580
1 2 6 1334758740 626617 icapeople/bradunov/surge804.txt 881 1334758740 629160
1 2 6 1334758741 784488 icapeople/bradunov/surge1158.txt 1273 1334758741 787039
1 2 6 1334758741 787050 icapeople/bradunov/surge1983.txt 2698 1334758741 788421
1 2 6 1334758742 801609 icapeople/bradunov/surge723.txt 809 1334758742 803108
1 2 6 1334758744 23839 icapeople/bradunov/surge3582.txt 34153 1334758744 25254
1 2 6 1334758745 993749 icapeople/bradunov/surge262.txt 383 1334758745 994120
1 2 6 1334758747 412887 icapeople/bradunov/surge716.txt 801 1334758747 414375
1 2 6 1334758747 414386 icapeople/bradunov/surge534.txt 630 1334758747 414715
1 2 4 1334758768 826344 icapeople/bradunov/surge401.txt 500 1334758768 828897
1 2 4 1334758770 348847 icapeople/bradunov/surge2216.txt 3385 1334758770 351254
1 2 4 1334758771 494573 icapeople/bradunov/surge1845.txt 2406 1334758771 496040
1 2 4 1334758771 496051 icapeople/bradunov/surge3257.txt 13143 1334758771 496358
1 2 4 1334758772 897753 icapeople/bradunov/surge677.txt 764 1334758772 900189
1 2 4 1334758774 654549 icapeople/bradunov/surge3165.txt 10634 1334758774 657081
1 2 4 1334758776 242578 icapeople/bradunov/surge178.txt 302 1334758776 245107
1 2 4 1334758777 641675 icapeople/bradunov/surge3165.txt 10634 1334758777 644220
1 2 4 1334758778 763342 icapeople/bradunov/surge3759.txt 76223 1334758778 765884
1 2 4 1334758781 686105 icapeople/bradunov/surge3165.txt 10634 1334758781 686537
1 2 4 1334758785 34996 icapeople/bradunov/surge136.txt 263 1334758785 36500
1 2 4 1334758786 410039 icapeople/bradunov/surge3944.txt 278841 1334758786 412735
1 2 4 1334758787 994000 icapeople/bradunov/surge1008.txt 1091 1334758787 995521
1 2 4 1334758789 835269 icapeople/bradunov/surge169.txt 293 1334758789 836741
1 2 4 1334758791 688680 icapeople/bradunov/surge3165.txt 10634 1334758791 689102
1 2 4 1334758792 959062 icapeople/bradunov/surge473.txt 563 1334758792 959492
1 2 4 1334758797 887985 icapeople/bradunov/surge700.txt 781 1334758797 888444
1 2 4 1334758797 888452 icapeople/bradunov/surge339.txt 436 1334758797 889832
1 2 4 1334758799 114207 icapeople/bradunov/surge2739.txt 5828 1334758799 115700
1 2 4 1334758800 219769 icapeople/bradunov/surge984.txt 1060 1334758800 222189
1 2 4 1334758803 206880 icapeople/bradunov/surge3149.txt 10107 1334758803 208400
1 2 4 1334758803 208412 icapeople/bradunov/surge2923.txt 7387 1334758803 210856
1 2 4 1334758805 418166 icapeople/bradunov/surge744.txt 829 1334758805 420730
1 3 0 1334758506 526124 icapeople/bradunov/surge29.txt 132 1334758507 606386
1 3 1 1334758506 581871 icapeople/bradunov/surge3165.txt 10634 1334758507 608152
1 3 2 1334758506 634157 icapeople/bradunov/surge340.txt 437 1334758507 608857
1 3 3 1334758506 686445 icapeople/bradunov/surge3165.txt 10634 1334758507 611863
1 3 4 1334758506 738732 icapeople/bradunov/surge74.txt 195 1334758508 21866
1 3 5 1334758506 790987 icapeople/bradunov/surge40.txt 145 1334758508 509341
1 3 6 1334758506 843275 icapeople/bradunov/surge6.txt 94 1334758508 612258
1 3 0 1334758508 660512 icapeople/bradunov/surge188.txt 309 1334758508 662062
1 3 1 1334758508 705046 icapeople/bradunov/surge1858.txt 2422 1334758508 707331
1 3 4 1334758509 433777 icapeople/bradunov/surge1879.txt 2470 1334758509 436275
1 3 2 1334758509 570531 icapeople/bradunov/surge3165.txt 10634 1334758509 573053
1 3 1 1334758509 784234 icapeople/bradunov/surge619.txt 712 1334758509 786810
1 3 5 1334758509 840822 icapeople/bradunov/surge943.txt 1021 1334758509 843301
1 3 3 1334758510 227881 icapeople/bradunov/surge61.txt 173 1334758510 230005
1 3 0 1334758510 300900 icapeople/bradunov/surge529.txt 624 1334758510 305094
1 3 2 1334758510 719056 icapeople/bradunov/surge102.txt 231 1334758510 719383
1 3 6 1334758510 723117 icapeople/bradunov/surge1915.txt 2546 1334758510 723468
1 3 5 1334758511 358188 icapeople/bradunov/surge549.txt 648 1334758511 359590
1 3 5 1334758511 359599 icapeople/bradunov/surge3038.txt 8667 1334758511 359903
1 3 0 1334758511 438674 icapeople/bradunov/surge62.txt 180 1334758511 440109
1 3 1 1334758511 527169 icapeople/bradunov/surge96.txt 221 1334758511 528588
1 3 3 1334758511 732262 icapeople/bradunov/surge539.txt 636 1334758511 733791
1 3 2 1334758511 897255 icapeople/bradunov/surge3405.txt 20137 1334758511 898660
1 3 4 1334758511 993783 icapeople/bradunov/surge549.txt 648 1334758511 994127
1 3 4 1334758511 994136 icapeople/bradunov/surge3038.txt 8667 1334758511 995510
1 3 5 1334758513 53137 icapeople/bradunov/surge135.txt 259 1334758513 55619
1 3 4 1334758513 842862 icapeople/bradunov/surge0.txt 75 1334758513 843263
1 3 3 1334758514 19796 icapeople/bradunov/surge175.txt 299 1334758514 21225
1 3 6 1334758514 454237 icapeople/bradunov/surge3165.txt 10634 1334758514 455631
1 3 1 1334758515 93577 icapeople/bradunov/surge906.txt 981 1334758515 94971
1 3 3 1334758515 206175 icapeople/bradunov/surge1018.txt 1100 1334758515 208683
1 3 2 1334758515 580093 icapeople/bradunov/surge76.txt 196 1334758515 583942
1 3 6 1334758515 620349 icapeople/bradunov/surge473.txt 563 1334758515 620691
1 3 3 1334758516 499049 icapeople/bradunov/surge0.txt 75 1334758516 500468
1 3 6 1334758516 741524 icapeople/bradunov/surge699.txt 779 1334758516 744056
1 3 5 1334758516 946622 icapeople/bradunov/surge340.txt 437 1334758516 948020
1 3 6 1334758517 979847 icapeople/bradunov/surge549.txt 648 1334758517 981238
1 3 6 1334758517 981247 icapeople/bradunov/surge3038.txt 8667 1334758517 981547
1 3 5 1334758518 197086 icapeople/bradunov/surge83.txt 204 1334758518 198490
1 3 2 1334758518 229248 icapeople/bradunov/surge0.txt 75 1334758518 230644
1 3 6 1334758519 17175 icapeople/bradunov/surge114.txt 240 1334758519 18623
1 3 5 1334758519 234169 icapeople/bradunov/surge2758.txt 5952 1334758519 234545
1 3 5 1334758519 234554 icapeople/bradunov/surge1209.txt 1325 1334758519 236171
1 3 4 1334758520 432298 icapeople/bradunov/surge115.txt 240 1334758520 436094
1 3 1 1334758520 508720 icapeople/bradunov/surge679.txt 765 1334758520 512470
1 3 1 1334758521 522140 icapeople/bradunov/surge0.txt 75 1334758521 523548
1 3 1 1334758522 708095 icapeople/bradunov/surge985.txt 1063 1334758522 709506
1 3 6 1334758523 54210 icapeople/bradunov/surge3165.txt 10634 1334758523 54537
1 3 2 1334758523 920665 icapeople/bradunov/surge250.txt 377 1334758523 921013
1 3 6 1334758524 65792 icapeople/bradunov/surge0.txt 75 1334758524 67414
1 3 1 1334758524 138330 icapeople/bradunov/surge0.txt 75 1334758524 140815
1 3 3 1334758524 593316 icapeople/bradunov/surge786.txt 865 1334758524 593672
1 3 1 1334758525 184434 icapeople/bradunov/surge62.txt 180 1334758525 186034
1 3 6 1334758525 369441 icapeople/bradunov/surge591.txt 684 1334758525 370859
1 3 2 1334758525 381501 icapeople/bradunov/surge3165.txt 10634 1334758525 381834
1 3 1 1334758526 318481 icapeople/bradunov/surge1788.txt 2275 1334758526 318860
1 3 2 1334758527 504355 icapeople/bradunov/surge3165.txt 10634 1334758527 504715
1 3 1 1334758527 789880 icapeople/bradunov/surge106.txt 236 1334758527 790355
1 3 3 1334758527 789907 icapeople/bradunov/surge26.txt 125 1334758527 790856
1 3 6 1334758528 863170 icapeople/bradunov/surge3582.txt 34153 1334758528 865578
1 3 1 1334758528 883265 icapeople/bradunov/surge426.txt 516 1334758528 885727
1 3 3 1334758529 56181 icapeople/bradunov/surge1234.txt 1363 1334758529 57595
1 3 6 1334758529 960753 icapeople/bradunov/surge3165.txt 10634 1334758529 961095
1 3 1 1334758530 161879 icapeople/bradunov/surge29.txt 132 1334758530 162205
1 3 3 1334758530 161883 icapeople/bradunov/surge549.txt 648 1334758530 163606
1 3 3 1334758530 163615 icapeople/bradunov/surge3038.txt 8667 1334758530 164973
1 3 4 1334758530 568775 icapeople/bradunov/surge3759.txt 76223 1334758530 570202
1 3 2 1334758530 572835 icapeople/bradunov/surge2275.txt 3590 1334758530 573155
1 3 0 1334758531 335328 icapeople/bradunov/surge35.txt 139 1334758531 336563
1 3 4 1334758531 612841 icapeople/bradunov/surge961.txt 1041 1334758531 614400
1 3 4 1334758531 614409 icapeople/bradunov/surge1305.txt 1457 1334758531 616823
1 3 3 1334758532 219915 icapeople/bradunov/surge1190.txt 1306 1334758532 223759
1 3 2 1334758532 404928 icapeople/bradunov/surge758.txt 838 1334758532 407335
1 3 4 1334758532 951665 icapeople/bradunov/surge2878.txt 6935 1334758532 952000
1 3 1 1334758532 959726 icapeople/bradunov/surge221.txt 342 1334758532 961128
1 3 3 1334758533 325907 icapeople/bradunov/surge307.txt 412 1334758533 327527
1 3 0 1334758534 78067 icapeople/bradunov/surge704.txt 787 1334758534 79489
1 3 4 1334758534 206803 icapeople/bradunov/surge175.txt 299 1334758534 208492
1 3 3 1334758534 456220 icapeople/bradunov/surge136.txt 263 1334758534 458686
1 3 1 1334758534 564863 icapeople/bradunov/surge15.txt 108 1334758534 567371
1 3 4 1334758535 803654 icapeople/bradunov/surge189.txt 310 1334758535 804027
1 3 0 1334758536 93443 icapeople/bradunov/surge3582.txt 34153 1334758536 93802
1 3 1 1334758536 785442 icapeople/bradunov/surge35.txt 139 1334758536 786839
1 3 0 1334758537 147337 icapeople/bradunov/surge3582.txt 34153 1334758537 148758
1 3 6 1334758537 738746 icapeople/bradunov/surge337.txt 434 1334758537 739349
1 3 6 1334758537 739361 icapeople/bradunov/surge2944.txt 7583 1334758537 740741
1 3 0 1334758538 720332 icapeople/bradunov/surge3165.txt 10634 1334758538 720666
1 3 1 1334758538 973835 icapeople/bradunov/surge652.txt 737 1334758538 974173
1 3 4 1334758539 673748 icapeople/bradunov/surge337.txt 434 1334758539 676441
1 3 4 1334758539 676451 icapeople/bradunov/surge2944.txt 7583 1334758539 677824
1 3 1 1334758540 224933 icapeople/bradunov/surge3582.txt 34153 1334758540 228677
1 3 0 1334758540 337595 icapeople/bradunov/surge734.txt 820 1334758540 337937
1 3 6 1334758540 667323 icapeople/bradunov/surge2049.txt 2860 1334758540 668657
1 3 2 1334758540 832278 icapeople/bradunov/surge549.txt 648 1334758540 836076
1 3 4 1334758540 836337 icapeople/bradunov/surge2141.txt 3137 1334758540 836676
1 3 2 1334758540 836086 icapeople/bradunov/surge3038.txt 8667 1334758540 837873
1 3 3 1334758541 447692 icapeople/bradunov/surge3648.txt 47292 1334758541 448069
1 3 6 1334758541 938564 icapeople/bradunov/surge803.txt 878 1334758541 939103
1 3 4 1334758542 27055 icapeople/bradunov/surge0.txt 75 1334758542 28654
1 3 0 1334758542 437420 icapeople/bradunov/surge448.txt 538 1334758542 437771
1 3 3 1334758542 654641 icapeople/bradunov/surge697.txt 777 1334758542 654976
1 3 4 1334758543 522187 icapeople/bradunov/surge2654.txt 5273 1334758543 522561
1 3 6 1334758543 767386 icapeople/bradunov/surge1155.txt 1268 1334758543 769851
1 3 0 1334758543 783473 icapeople/bradunov/surge2216.txt 3385 1334758543 786064
1 3 3 1334758544 117222 icapeople/bradunov/surge2668.txt 5368 1334758544 119730
1 3 4 1334758544 599623 icapeople/bradunov/surge2216.txt 3385 1334758544 601005
1 3 0 1334758544 913341 icapeople/bradunov/surge104.txt 235 1334758544 914737
1 3 0 1334758546 103349 icapeople/bradunov/surge426.txt 516 1334758546 104940
1 3 4 1334758546 119439 icapeople/bradunov/surge474.txt 564 1334758546 121912
1 3 0 1334758547 188749 icapeople/bradunov/surge62.txt 180 1334758547 191285
1 3 6 1334758547 241071 icapeople/bradunov/surge441.txt 530 1334758547 243580
1 3 2 1334758547 261202 icapeople/bradunov/surge3013.txt 8296 1334758547 263805
1 3 3 1334758547 385926 icapeople/bradunov/surge94.txt 220 1334758547 386254
1 3 4 1334758547 771977 icapeople/bradunov/surge62.txt 180 1334758547 774437
1 3 2 1334758548 403289 icapeople/bradunov/surge3165.txt 10634 1334758548 404727
1 3 3 1334758548 439515 icapeople/bradunov/surge250.txt 377 1334758548 440908
1 3 6 1334758548 563980 icapeople/bradunov/surge95.txt 220 1334758548 566460
1 3 2 1334758549 812914 icapeople/bradunov/surge2758.txt 5952 1334758549 815453
1 3 2 1334758549 815462 icapeople/bradunov/surge1209.txt 1325 1334758549 817082
1 3 3 1334758550 368917 icapeople/bradunov/surge0.txt 75 1334758550 370341
1 3 1 1334758550 477494 icapeople/bradunov/surge3582.txt 34153 1334758550 478900
1 3 4 1334758550 505666 icapeople/bradunov/surge3302.txt 15138 1334758550 508131
1 3 1 1334758551 977308 icapeople/bradunov/surge2137.txt 3113 1334758551 978772
1 3 1 1334758551 978781 icapeople/bradunov/surge1396.txt 1583 1334758551 979116
1 3 4 1334758552 194700 icapeople/bradunov/surge401.txt 500 1334758552 196073
1 3 3 1334758552 964356 icapeople/bradunov/surge804.txt 881 1334758552 964792
1 3 4 1334758553 251073 icapeople/bradunov/surge1387.txt 1567 1334758553 252516
1 3 4 1334758554 328926 icapeople/bradunov/surge736.txt 823 1334758554 331392
1 3 3 1334758554 895856 icapeople/bradunov/surge2739.txt 5828 1334758554 897310
1 3 6 1334758555 812367 icapeople/bradunov/surge3013.txt 8296 1334758555 813816
1 3 4 1334758555 953118 icapeople/bradunov/surge242.txt 371 1334758555 955609
1 3 3 1334758556 206523 icapeople/bradunov/surge804.txt 881 1334758556 207950
1 3 3 1334758557 263854 icapeople/bradunov/surge136.txt 263 1334758557 265297
1 3 0 1334758557 311990 icapeople/bradunov/surge1302.txt 1450 1334758557 312331
1 3 3 1334758558 276850 icapeople/bradunov/surge401.txt 500 1334758558 279375
1 3 0 1334758558 622636 icapeople/bradunov/surge0.txt 75 1334758558 625127
1 3 3 1334758560 729263 icapeople/bradunov/surge4.txt 88 1334758560 729633
1 3 4 1334758561 87099 icapeople/bradunov/surge136.txt 263 1334758561 87435
1 3 6 1334758561 834961 icapeople/bradunov/surge136.txt 263 1334758561 836358
1 3 0 1334758562 216770 icapeople/bradunov/surge1155.txt 1268 1334758562 218164
1 3 3 1334758562 437972 icapeople/bradunov/surge3558.txt 31755 1334758562 439471
1 3 6 1334758563 57001 icapeople/bradunov/surge549.txt 648 1334758563 59486
1 3 6 1334758563 59498 icapeople/bradunov/surge3038.txt 8667 1334758563 59802
1 3 4 1334758563 274157 icapeople/bradunov/surge2883.txt 6961 1334758563 276733
1 3 0 1334758563 479244 icapeople/bradunov/surge3013.txt 8296 1334758563 480872
1 3 4 1334758564 448073 icapeople/bradunov/surge0.txt 75 1334758564 449498
1 3 6 1334758564 536439 icapeople/bradunov/surge630.txt 722 1334758564 538919
1 3 3 1334758565 376689 icapeople/bradunov/surge4.txt 88 1334758565 378095
1 3 6 1334758565 674293 icapeople/bradunov/surge0.txt 75 1334758565 675700
1 3 4 1334758566 550752 icapeople/bradunov/surge1436.txt 1639 1334758566 552345
1 3 6 1334758566 739761 icapeople/bradunov/surge62.txt 180 1334758566 741170
1 3 6 1334758568 665340 icapeople/bradunov/surge0.txt 75 1334758568 666833
1 3 4 1334758569 577961 icapeople/bradunov/surge62.txt 180 1334758569 580366
1 3 6 1334758569 967984 icapeople/bradunov/surge3165.txt 10634 1334758569 969407
1 3 4 1334758570 599175 icapeople/bradunov/surge3922.txt 214496 1334758570 601662
1 3 6 1334758572 179150 icapeople/bradunov/surge0.txt 75 1334758572 180707
1 3 6 1334758573 541995 icapeople/bradunov/surge0.txt 75 1334758573 544536
1 3 6 1334758574 575341 icapeople/bradunov/surge0.txt 75 1334758574 577825
1 3 4 1334758575 106167 icapeople/bradunov/surge0.txt 75 1334758575 108650
1 3 6 1334758577 48034 icapeople/bradunov/surge549.txt 648 1334758577 49671
1 3 6 1334758577 49682 icapeople/bradunov/surge3038.txt 8667 1334758577 52094
1 3 4 1334758582 85141 icapeople/bradunov/surge3165.txt 10634 1334758582 86568
1 3 4 1334758584 987855 icapeople/bradunov/surge766.txt 846 1334758584 990339
1 3 4 1334758587 158841 icapeople/bradunov/surge2549.txt 4694 1334758587 160211
1 3 6 1334758588 111714 icapeople/bradunov/surge3165.txt 10634 1334758588 113149
1 3 0 1334758588 654579 icapeople/bradunov/surge549.txt 648 1334758588 656852
1 3 0 1334758588 656861 icapeople/bradunov/surge3038.txt 8667 1334758588 658233
1 3 6 1334758589 378336 icapeople/bradunov/surge3235.txt 12564 1334758589 379788
1 3 6 1334758589 379797 icapeople/bradunov/surge3416.txt 20667 1334758589 382231
1 3 0 1334758589 728255 icapeople/bradunov/surge3582.txt 34153 1334758589 729634
1 3 4 1334758589 985999 icapeople/bradunov/surge448.txt 538 1334758589 987378
1 3 4 1334758591 158926 icapeople/bradunov/surge3165.txt 10634 1334758591 160341
1 3 0 1334758591 613416 icapeople/bradunov/surge591.txt 684 1334758591 614815
1 3 6 1334758592 15380 icapeople/bradunov/surge3582.txt 34153 1334758592 17891
1 3 0 1334758593 60747 icapeople/bradunov/surge3582.txt 34153 1334758593 62160
1 3 4 1334758593 157232 icapeople/bradunov/surge395.txt 495 1334758593 159718
1 3 6 1334758593 607427 icapeople/bradunov/surge3943.txt 278313 1334758593 609969
1 3 4 1334758594 592458 icapeople/bradunov/surge74.txt 195 1334758594 595122
1 3 6 1334758594 660822 icapeople/bradunov/surge3165.txt 10634 1334758594 663429
1 3 0 1334758594 793517 icapeople/bradunov/surge3582.txt 34153 1334758594 794949
1 3 6 1334758595 818589 icapeople/bradunov/surge0.txt 75 1334758595 821127
1 3 4 1334758596 831795 icapeople/bradunov/surge1390.txt 1571 1334758596 834256
1 3 0 1334758596 851893 icapeople/bradunov/surge401.txt 500 1334758596 852214
1 3 6 1334758596 912218 icapeople/bradunov/surge2523.txt 4564 1334758596 913611
1 3 6 1334758596 913620 icapeople/bradunov/surge2486.txt 4434 1334758596 913983
1 3 3 1334758597 499105 icapeople/bradunov/surge529.txt 624 1334758597 501497
1 3 0 1334758598 162440 icapeople/bradunov/surge221.txt 342 1334758598 162762
1 3 3 1334758599 63016 icapeople/bradunov/surge3654.txt 48952 1334758599 63362
1 3 0 1334758599 879149 icapeople/bradunov/surge0.txt 75 1334758599 880531
1 3 4 1334758601 495319 icapeople/bradunov/surge3980.txt 535284 1334758601 499091
1 3 3 1334758602 22041 icapeople/bradunov/surge744.txt 829 1334758602 22445
1 3 0 1334758602 74179 icapeople/bradunov/surge549.txt 648 1334758602 74512
1 3 0 1334758602 74518 icapeople/bradunov/surge3038.txt 8667 1334758602 75887
1 3 4 1334758602 536618 icapeople/bradunov/surge3582.txt 34153 1334758602 539108
1 3 3 1334758603 328684 icapeople/bradunov/surge950.txt 1026 1334758603 330126
1 3 4 1334758603 626116 icapeople/bradunov/surge3582.txt 34153 1334758603 627510
1 3 4 1334758605 463420 icapeople/bradunov/surge3922.txt 214496 1334758605 463812
1 3 4 1334758606 496713 icapeople/bradunov/surge2323.txt 3737 1334758606 500455
1 3 4 1334758608 112866 icapeople/bradunov/surge1765.txt 2231 1334758608 116629
1 3 4 1334758610 151120 icapeople/bradunov/surge549.txt 648 1334758610 152550
1 3 4 1334758610 152558 icapeople/bradunov/surge3038.txt 8667 1334758610 154991
1 3 3 1334758610 830535 icapeople/bradunov/surge3165.txt 10634 1334758610 832020
1 3 4 1334758611 779373 icapeople/bradunov/surge2043.txt 2844 1334758611 781846
1 3 4 1334758613 86022 icapeople/bradunov/surge2085.txt 2954 1334758613 87438
1 3 3 1334758613 990534 icapeople/bradunov/surge1063.txt 1148 1334758613 993065
1 3 4 1334758614 629816 icapeople/bradunov/surge3582.txt 34153 1334758614 632492
1 3 3 1334758615 582624 icapeople/bradunov/surge3582.txt 34153 1334758615 584046
1 3 4 1334758615 675010 icapeople/bradunov/surge1342.txt 1516 1334758615 677477
1 3 0 1334758616 374670 icapeople/bradunov/surge1845.txt 2406 1334758616 376100
1 3 0 1334758616 376109 icapeople/bradunov/surge3257.txt 13143 1334758616 378544
1 3 3 1334758617 850150 icapeople/bradunov/surge3165.txt 10634 1334758617 852717
1 3 0 1334758618 219943 icapeople/bradunov/surge3582.txt 34153 1334758618 221384
1 3 4 1334758620 523590 icapeople/bradunov/surge0.txt 75 1334758620 525071
1 3 0 1334758620 688441 icapeople/bradunov/surge3574.txt 32837 1334758620 688802
1 3 4 1334758621 609189 icapeople/bradunov/surge734.txt 820 1334758621 612940
1 3 0 1334758621 709746 icapeople/bradunov/surge2654.txt 5273 1334758621 711165
1 3 4 1334758622 674545 icapeople/bradunov/surge1845.txt 2406 1334758622 674883
1 3 4 1334758622 674892 icapeople/bradunov/surge3257.txt 13143 1334758622 676268
1 3 3 1334758622 851378 icapeople/bradunov/surge1155.txt 1268 1334758622 852860
1 3 0 1334758623 965051 icapeople/bradunov/surge3165.txt 10634 1334758623 967606
1 3 3 1334758624 664546 icapeople/bradunov/surge1963.txt 2637 1334758624 667088
1 3 3 1334758624 667098 icapeople/bradunov/surge2050.txt 2865 1334758624 668463
1 3 4 1334758625 335953 icapeople/bradunov/surge3582.txt 34153 1334758625 339744
1 3 4 1334758626 365214 icapeople/bradunov/surge3165.txt 10634 1334758626 367635
1 3 3 1334758626 883755 icapeople/bradunov/surge73.txt 193 1334758626 886158
1 3 3 1334758628 154196 icapeople/bradunov/surge94.txt 220 1334758628 155700
1 3 3 1334758630 176417 icapeople/bradunov/surge2668.txt 5368 1334758630 176823
1 3 0 1334758630 349350 icapeople/bradunov/surge6.txt 94 1334758630 350799
1 3 3 1334758631 671939 icapeople/bradunov/surge1845.txt 2406 1334758631 674497
1 3 3 1334758631 674508 icapeople/bradunov/surge3257.txt 13143 1334758631 675878
1 3 0 1334758632 845893 icapeople/bradunov/surge804.txt 881 1334758632 847398
1 3 3 1334758633 99185 icapeople/bradunov/surge961.txt 1041 1334758633 100570
1 3 3 1334758633 100581 icapeople/bradunov/surge1305.txt 1457 1334758633 102991
1 3 0 1334758633 919362 icapeople/bradunov/surge448.txt 538 1334758633 919775
1 3 3 1334758636 13934 icapeople/bradunov/surge3582.txt 34153 1334758636 14341
1 3 3 1334758637 457220 icapeople/bradunov/surge2141.txt 3137 1334758637 458619
1 3 0 1334758637 477331 icapeople/bradunov/surge1052.txt 1138 1334758637 479800
1 3 0 1334758637 479809 icapeople/bradunov/surge2663.txt 5335 1334758637 480297
1 3 3 1334758641 332816 icapeople/bradunov/surge418.txt 511 1334758641 335452
1 3 4 1334758641 895780 icapeople/bradunov/surge580.txt 675 1334758641 898383
1 3 4 1334758643 258545 icapeople/bradunov/surge2897.txt 7116 1334758643 260038
1 3 4 1334758643 260049 icapeople/bradunov/surge1181.txt 1295 1334758643 260477
1 3 3 1334758643 929918 icapeople/bradunov/surge1694.txt 2113 1334758643 931390
1 3 3 1334758645 353114 icapeople/bradunov/surge441.txt 530 1334758645 354555
1 3 3 1334758651 757498 icapeople/bradunov/surge734.txt 820 1334758651 760032
1 3 3 1334758653 136429 icapeople/bradunov/surge3165.txt 10634 1334758653 138899
1 3 3 1334758654 294336 icapeople/bradunov/surge221.txt 342 1334758654 296983
1 3 3 1334758658 535762 icapeople/bradunov/surge3530.txt 28861 1334758658 538430
1 3 3 1334758659 786074 icapeople/bradunov/surge3688.txt 55387 1334758659 788598
1 3 3 1334758661 615343 icapeople/bradunov/surge3165.txt 10634 1334758661 616783
1 3 3 1334758663 134978 icapeople/bradunov/surge3165.txt 10634 1334758663 137714
1 3 3 1334758664 232578 icapeople/bradunov/surge734.txt 820 1334758664 235081
1 3 3 1334758665 422541 icapeople/bradunov/surge2.txt 80 1334758665 426343
1 3 3 1334758666 801464 icapeople/bradunov/surge4.txt 88 1334758666 802897
1 3 3 1334758671 87159 icapeople/bradunov/surge3013.txt 8296 1334758671 89728
1 3 3 1334758672 723428 icapeople/bradunov/surge82.txt 203 1334758672 724942
1 3 3 1334758673 812928 icapeople/bradunov/surge3654.txt 48952 1334758673 815605
1 3 3 1334758676 144729 icapeople/bradunov/surge3665.txt 50755 1334758676 147249
1 3 3 1334758763 23837 icapeople/bradunov/surge460.txt 552 1334758763 26241
1 3 3 1334758763 26260 icapeople/bradunov/surge2647.txt 5236 1334758763 27653
1 3 3 1334758764 394752 icapeople/bradunov/surge0.txt 75 1334758764 396229
1 3 3 1334758767 96393 icapeople/bradunov/surge1966.txt 2651 1334758767 97847
1 3 3 1334758789 188207 icapeople/bradunov/surge3165.txt 10634 1334758789 190458
1 3 3 1334758792 179119 icapeople/bradunov/surge3165.txt 10634 1334758792 180568
1 3 3 1334758793 642561 icapeople/bradunov/surge3558.txt 31755 1334758793 644049
1 3 3 1334758799 367443 icapeople/bradunov/surge441.txt 530 1334758799 367821
1 3 3 1334758800 388729 icapeople/bradunov/surge3165.txt 10634 1334758800 391240
1 3 3 1334758802 406864 icapeople/bradunov/surge135.txt 259 1334758802 409538
